{"/home/marvin/Misc/projects/debugadapter/vscode-firefox-debug/out/firefoxDebugAdapter.js":{"path":"/home/marvin/Misc/projects/debugadapter/vscode-firefox-debug/out/firefoxDebugAdapter.js","statementMap":{"0":{"start":{"line":2,"column":16},"end":{"line":9,"column":1}},"1":{"start":{"line":3,"column":4},"end":{"line":8,"column":7}},"2":{"start":{"line":4,"column":36},"end":{"line":4,"column":97}},"3":{"start":{"line":4,"column":42},"end":{"line":4,"column":70}},"4":{"start":{"line":4,"column":85},"end":{"line":4,"column":95}},"5":{"start":{"line":5,"column":35},"end":{"line":5,"column":100}},"6":{"start":{"line":5,"column":41},"end":{"line":5,"column":73}},"7":{"start":{"line":5,"column":88},"end":{"line":5,"column":98}},"8":{"start":{"line":6,"column":32},"end":{"line":6,"column":149}},"9":{"start":{"line":6,"column":97},"end":{"line":6,"column":119}},"10":{"start":{"line":7,"column":8},"end":{"line":7,"column":72}},"11":{"start":{"line":10,"column":11},"end":{"line":10,"column":24}},"12":{"start":{"line":11,"column":13},"end":{"line":11,"column":28}},"13":{"start":{"line":12,"column":14},"end":{"line":12,"column":35}},"14":{"start":{"line":13,"column":16},"end":{"line":13,"column":39}},"15":{"start":{"line":14,"column":19},"end":{"line":14,"column":45}},"16":{"start":{"line":15,"column":27},"end":{"line":15,"column":56}},"17":{"start":{"line":16,"column":30},"end":{"line":16,"column":60}},"18":{"start":{"line":17,"column":16},"end":{"line":17,"column":42}},"19":{"start":{"line":18,"column":16},"end":{"line":18,"column":42}},"20":{"start":{"line":19,"column":10},"end":{"line":19,"column":49}},"21":{"start":{"line":20,"column":24},"end":{"line":20,"column":58}},"22":{"start":{"line":21,"column":22},"end":{"line":21,"column":54}},"23":{"start":{"line":24,"column":8},"end":{"line":24,"column":47}},"24":{"start":{"line":25,"column":8},"end":{"line":25,"column":31}},"25":{"start":{"line":26,"column":8},"end":{"line":26,"column":30}},"26":{"start":{"line":27,"column":8},"end":{"line":27,"column":37}},"27":{"start":{"line":28,"column":8},"end":{"line":28,"column":34}},"28":{"start":{"line":29,"column":8},"end":{"line":29,"column":49}},"29":{"start":{"line":30,"column":8},"end":{"line":30,"column":44}},"30":{"start":{"line":31,"column":8},"end":{"line":31,"column":29}},"31":{"start":{"line":32,"column":8},"end":{"line":32,"column":36}},"32":{"start":{"line":33,"column":8},"end":{"line":33,"column":41}},"33":{"start":{"line":34,"column":8},"end":{"line":34,"column":48}},"34":{"start":{"line":35,"column":8},"end":{"line":35,"column":30}},"35":{"start":{"line":36,"column":8},"end":{"line":36,"column":37}},"36":{"start":{"line":37,"column":8},"end":{"line":37,"column":69}},"37":{"start":{"line":38,"column":8},"end":{"line":38,"column":63}},"38":{"start":{"line":39,"column":8},"end":{"line":39,"column":61}},"39":{"start":{"line":40,"column":8},"end":{"line":44,"column":9}},"40":{"start":{"line":41,"column":12},"end":{"line":43,"column":14}},"41":{"start":{"line":42,"column":16},"end":{"line":42,"column":82}},"42":{"start":{"line":47,"column":8},"end":{"line":64,"column":10}},"43":{"start":{"line":67,"column":8},"end":{"line":72,"column":11}},"44":{"start":{"line":68,"column":12},"end":{"line":68,"column":53}},"45":{"start":{"line":69,"column":12},"end":{"line":69,"column":68}},"46":{"start":{"line":70,"column":25},"end":{"line":70,"column":61}},"47":{"start":{"line":71,"column":12},"end":{"line":71,"column":38}},"48":{"start":{"line":75,"column":8},"end":{"line":79,"column":11}},"49":{"start":{"line":76,"column":12},"end":{"line":76,"column":53}},"50":{"start":{"line":77,"column":25},"end":{"line":77,"column":94}},"51":{"start":{"line":78,"column":12},"end":{"line":78,"column":38}},"52":{"start":{"line":82,"column":26},"end":{"line":82,"column":48}},"53":{"start":{"line":83,"column":8},"end":{"line":83,"column":87}},"54":{"start":{"line":84,"column":25},"end":{"line":84,"column":41}},"55":{"start":{"line":85,"column":30},"end":{"line":89,"column":11}},"56":{"start":{"line":85,"column":63},"end":{"line":89,"column":9}},"57":{"start":{"line":90,"column":8},"end":{"line":90,"column":70}},"58":{"start":{"line":91,"column":8},"end":{"line":91,"column":140}},"59":{"start":{"line":91,"column":104},"end":{"line":91,"column":137}},"60":{"start":{"line":92,"column":8},"end":{"line":123,"column":11}},"61":{"start":{"line":93,"column":12},"end":{"line":112,"column":15}},"62":{"start":{"line":94,"column":37},"end":{"line":94,"column":88}},"63":{"start":{"line":95,"column":16},"end":{"line":111,"column":19}},"64":{"start":{"line":96,"column":20},"end":{"line":96,"column":100}},"65":{"start":{"line":97,"column":48},"end":{"line":97,"column":108}},"66":{"start":{"line":98,"column":20},"end":{"line":110,"column":21}},"67":{"start":{"line":99,"column":24},"end":{"line":108,"column":27}},"68":{"start":{"line":100,"column":28},"end":{"line":100,"column":138}},"69":{"start":{"line":101,"column":28},"end":{"line":107,"column":31}},"70":{"start":{"line":103,"column":53},"end":{"line":103,"column":140}},"71":{"start":{"line":104,"column":36},"end":{"line":104,"column":88}},"72":{"start":{"line":105,"column":36},"end":{"line":105,"column":54}},"73":{"start":{"line":109,"column":24},"end":{"line":109,"column":72}},"74":{"start":{"line":113,"column":12},"end":{"line":122,"column":13}},"75":{"start":{"line":114,"column":16},"end":{"line":114,"column":105}},"76":{"start":{"line":115,"column":16},"end":{"line":121,"column":19}},"77":{"start":{"line":117,"column":41},"end":{"line":117,"column":114}},"78":{"start":{"line":118,"column":24},"end":{"line":118,"column":58}},"79":{"start":{"line":119,"column":24},"end":{"line":119,"column":42}},"80":{"start":{"line":126,"column":8},"end":{"line":126,"column":80}},"81":{"start":{"line":127,"column":8},"end":{"line":127,"column":70}},"82":{"start":{"line":128,"column":8},"end":{"line":133,"column":9}},"83":{"start":{"line":129,"column":12},"end":{"line":129,"column":73}},"84":{"start":{"line":131,"column":13},"end":{"line":133,"column":9}},"85":{"start":{"line":132,"column":12},"end":{"line":132,"column":78}},"86":{"start":{"line":134,"column":8},"end":{"line":134,"column":118}},"87":{"start":{"line":134,"column":52},"end":{"line":134,"column":116}},"88":{"start":{"line":137,"column":8},"end":{"line":143,"column":11}},"89":{"start":{"line":138,"column":27},"end":{"line":138,"column":60}},"90":{"start":{"line":139,"column":12},"end":{"line":139,"column":62}},"91":{"start":{"line":140,"column":31},"end":{"line":140,"column":92}},"92":{"start":{"line":141,"column":12},"end":{"line":141,"column":56}},"93":{"start":{"line":142,"column":12},"end":{"line":142,"column":41}},"94":{"start":{"line":146,"column":8},"end":{"line":148,"column":11}},"95":{"start":{"line":147,"column":12},"end":{"line":147,"column":66}},"96":{"start":{"line":151,"column":8},"end":{"line":153,"column":11}},"97":{"start":{"line":152,"column":12},"end":{"line":152,"column":64}},"98":{"start":{"line":156,"column":8},"end":{"line":158,"column":11}},"99":{"start":{"line":157,"column":12},"end":{"line":157,"column":65}},"100":{"start":{"line":161,"column":8},"end":{"line":164,"column":11}},"101":{"start":{"line":162,"column":12},"end":{"line":162,"column":64}},"102":{"start":{"line":163,"column":12},"end":{"line":163,"column":50}},"103":{"start":{"line":167,"column":8},"end":{"line":182,"column":11}},"104":{"start":{"line":168,"column":32},"end":{"line":168,"column":74}},"105":{"start":{"line":169,"column":12},"end":{"line":171,"column":13}},"106":{"start":{"line":170,"column":16},"end":{"line":170,"column":104}},"107":{"start":{"line":172,"column":29},"end":{"line":172,"column":68}},"108":{"start":{"line":173,"column":12},"end":{"line":181,"column":13}},"109":{"start":{"line":174,"column":16},"end":{"line":174,"column":47}},"110":{"start":{"line":177,"column":37},"end":{"line":177,"column":47}},"111":{"start":{"line":178,"column":38},"end":{"line":178,"column":94}},"112":{"start":{"line":179,"column":30},"end":{"line":179,"column":66}},"113":{"start":{"line":180,"column":16},"end":{"line":180,"column":35}},"114":{"start":{"line":185,"column":8},"end":{"line":185,"column":54}},"115":{"start":{"line":186,"column":22},"end":{"line":186,"column":24}},"116":{"start":{"line":187,"column":8},"end":{"line":189,"column":11}},"117":{"start":{"line":188,"column":12},"end":{"line":188,"column":97}},"118":{"start":{"line":190,"column":8},"end":{"line":190,"column":27}},"119":{"start":{"line":193,"column":8},"end":{"line":197,"column":11}},"120":{"start":{"line":194,"column":47},"end":{"line":194,"column":146}},"121":{"start":{"line":195,"column":30},"end":{"line":195,"column":95}},"122":{"start":{"line":195,"column":66},"end":{"line":195,"column":94}},"123":{"start":{"line":196,"column":12},"end":{"line":196,"column":48}},"124":{"start":{"line":200,"column":27},"end":{"line":200,"column":60}},"125":{"start":{"line":201,"column":8},"end":{"line":203,"column":9}},"126":{"start":{"line":202,"column":12},"end":{"line":202,"column":89}},"127":{"start":{"line":204,"column":21},"end":{"line":204,"column":94}},"128":{"start":{"line":204,"column":70},"end":{"line":204,"column":93}},"129":{"start":{"line":205,"column":8},"end":{"line":205,"column":26}},"130":{"start":{"line":208,"column":8},"end":{"line":215,"column":11}},"131":{"start":{"line":209,"column":36},"end":{"line":209,"column":92}},"132":{"start":{"line":210,"column":12},"end":{"line":212,"column":13}},"133":{"start":{"line":211,"column":16},"end":{"line":211,"column":107}},"134":{"start":{"line":213,"column":28},"end":{"line":213,"column":99}},"135":{"start":{"line":214,"column":12},"end":{"line":214,"column":33}},"136":{"start":{"line":218,"column":8},"end":{"line":256,"column":11}},"137":{"start":{"line":220,"column":12},"end":{"line":251,"column":13}},"138":{"start":{"line":221,"column":16},"end":{"line":223,"column":17}},"139":{"start":{"line":222,"column":20},"end":{"line":222,"column":103}},"140":{"start":{"line":224,"column":35},"end":{"line":224,"column":68}},"141":{"start":{"line":225,"column":16},"end":{"line":227,"column":17}},"142":{"start":{"line":226,"column":20},"end":{"line":226,"column":99}},"143":{"start":{"line":228,"column":36},"end":{"line":228,"column":62}},"144":{"start":{"line":229,"column":37},"end":{"line":229,"column":61}},"145":{"start":{"line":230,"column":16},"end":{"line":230,"column":89}},"146":{"start":{"line":234,"column":16},"end":{"line":239,"column":17}},"147":{"start":{"line":235,"column":20},"end":{"line":238,"column":21}},"148":{"start":{"line":236,"column":24},"end":{"line":236,"column":64}},"149":{"start":{"line":237,"column":24},"end":{"line":237,"column":30}},"150":{"start":{"line":240,"column":16},"end":{"line":242,"column":17}},"151":{"start":{"line":241,"column":20},"end":{"line":241,"column":103}},"152":{"start":{"line":243,"column":37},"end":{"line":243,"column":46}},"153":{"start":{"line":244,"column":16},"end":{"line":249,"column":17}},"154":{"start":{"line":245,"column":39},"end":{"line":245,"column":72}},"155":{"start":{"line":246,"column":20},"end":{"line":248,"column":21}},"156":{"start":{"line":247,"column":24},"end":{"line":247,"column":66}},"157":{"start":{"line":250,"column":16},"end":{"line":250,"column":96}},"158":{"start":{"line":252,"column":12},"end":{"line":255,"column":14}},"159":{"start":{"line":259,"column":8},"end":{"line":268,"column":11}},"160":{"start":{"line":260,"column":33},"end":{"line":260,"column":35}},"161":{"start":{"line":261,"column":12},"end":{"line":265,"column":13}},"162":{"start":{"line":262,"column":16},"end":{"line":264,"column":19}},"163":{"start":{"line":263,"column":20},"end":{"line":263,"column":64}},"164":{"start":{"line":266,"column":12},"end":{"line":266,"column":46}},"165":{"start":{"line":267,"column":12},"end":{"line":267,"column":37}},"166":{"start":{"line":271,"column":25},"end":{"line":271,"column":55}},"167":{"start":{"line":272,"column":8},"end":{"line":272,"column":59}},"168":{"start":{"line":273,"column":8},"end":{"line":273,"column":71}},"169":{"start":{"line":276,"column":8},"end":{"line":276,"column":82}},"170":{"start":{"line":279,"column":22},"end":{"line":279,"column":40}},"171":{"start":{"line":280,"column":8},"end":{"line":280,"column":34}},"172":{"start":{"line":281,"column":8},"end":{"line":281,"column":59}},"173":{"start":{"line":284,"column":8},"end":{"line":284,"column":48}},"174":{"start":{"line":287,"column":8},"end":{"line":287,"column":154}},"175":{"start":{"line":287,"column":79},"end":{"line":287,"column":152}},"176":{"start":{"line":290,"column":8},"end":{"line":290,"column":166}},"177":{"start":{"line":290,"column":83},"end":{"line":290,"column":164}},"178":{"start":{"line":293,"column":28},"end":{"line":293,"column":58}},"179":{"start":{"line":294,"column":8},"end":{"line":296,"column":9}},"180":{"start":{"line":295,"column":12},"end":{"line":295,"column":60}},"181":{"start":{"line":297,"column":8},"end":{"line":297,"column":29}},"182":{"start":{"line":300,"column":8},"end":{"line":301,"column":29}},"183":{"start":{"line":301,"column":12},"end":{"line":301,"column":29}},"184":{"start":{"line":302,"column":8},"end":{"line":318,"column":9}},"185":{"start":{"line":303,"column":29},"end":{"line":303,"column":72}},"186":{"start":{"line":304,"column":12},"end":{"line":304,"column":72}},"187":{"start":{"line":305,"column":12},"end":{"line":305,"column":30}},"188":{"start":{"line":307,"column":13},"end":{"line":318,"column":9}},"189":{"start":{"line":308,"column":32},"end":{"line":308,"column":81}},"190":{"start":{"line":309,"column":12},"end":{"line":310,"column":33}},"191":{"start":{"line":310,"column":16},"end":{"line":310,"column":33}},"192":{"start":{"line":311,"column":31},"end":{"line":311,"column":41}},"193":{"start":{"line":312,"column":29},"end":{"line":312,"column":81}},"194":{"start":{"line":313,"column":12},"end":{"line":313,"column":72}},"195":{"start":{"line":314,"column":12},"end":{"line":314,"column":30}},"196":{"start":{"line":317,"column":12},"end":{"line":317,"column":60}},"197":{"start":{"line":321,"column":8},"end":{"line":322,"column":29}},"198":{"start":{"line":322,"column":12},"end":{"line":322,"column":29}},"199":{"start":{"line":323,"column":8},"end":{"line":346,"column":9}},"200":{"start":{"line":324,"column":29},"end":{"line":324,"column":49}},"201":{"start":{"line":325,"column":12},"end":{"line":345,"column":13}},"202":{"start":{"line":326,"column":16},"end":{"line":333,"column":17}},"203":{"start":{"line":327,"column":31},"end":{"line":327,"column":59}},"204":{"start":{"line":328,"column":20},"end":{"line":330,"column":21}},"205":{"start":{"line":329,"column":24},"end":{"line":329,"column":57}},"206":{"start":{"line":331,"column":20},"end":{"line":331,"column":84}},"207":{"start":{"line":332,"column":20},"end":{"line":332,"column":32}},"208":{"start":{"line":336,"column":28},"end":{"line":336,"column":42}},"209":{"start":{"line":337,"column":16},"end":{"line":344,"column":17}},"210":{"start":{"line":338,"column":31},"end":{"line":338,"column":44}},"211":{"start":{"line":339,"column":20},"end":{"line":341,"column":21}},"212":{"start":{"line":340,"column":24},"end":{"line":340,"column":57}},"213":{"start":{"line":342,"column":20},"end":{"line":342,"column":84}},"214":{"start":{"line":343,"column":20},"end":{"line":343,"column":32}},"215":{"start":{"line":347,"column":8},"end":{"line":353,"column":9}},"216":{"start":{"line":349,"column":12},"end":{"line":349,"column":71}},"217":{"start":{"line":352,"column":12},"end":{"line":352,"column":71}},"218":{"start":{"line":354,"column":8},"end":{"line":354,"column":25}},"219":{"start":{"line":357,"column":8},"end":{"line":418,"column":11}},"220":{"start":{"line":358,"column":12},"end":{"line":360,"column":13}},"221":{"start":{"line":359,"column":16},"end":{"line":359,"column":44}},"222":{"start":{"line":361,"column":12},"end":{"line":413,"column":13}},"223":{"start":{"line":362,"column":16},"end":{"line":364,"column":17}},"224":{"start":{"line":363,"column":20},"end":{"line":363,"column":121}},"225":{"start":{"line":365,"column":16},"end":{"line":365,"column":48}},"226":{"start":{"line":368,"column":16},"end":{"line":368,"column":73}},"227":{"start":{"line":369,"column":16},"end":{"line":369,"column":48}},"228":{"start":{"line":370,"column":16},"end":{"line":386,"column":17}},"229":{"start":{"line":371,"column":43},"end":{"line":371,"column":76}},"230":{"start":{"line":372,"column":45},"end":{"line":372,"column":59}},"231":{"start":{"line":373,"column":20},"end":{"line":375,"column":21}},"232":{"start":{"line":374,"column":24},"end":{"line":374,"column":105}},"233":{"start":{"line":376,"column":20},"end":{"line":376,"column":99}},"234":{"start":{"line":378,"column":21},"end":{"line":386,"column":17}},"235":{"start":{"line":379,"column":43},"end":{"line":379,"column":95}},"236":{"start":{"line":380,"column":45},"end":{"line":380,"column":59}},"237":{"start":{"line":381,"column":20},"end":{"line":383,"column":21}},"238":{"start":{"line":382,"column":24},"end":{"line":382,"column":105}},"239":{"start":{"line":384,"column":20},"end":{"line":384,"column":114}},"240":{"start":{"line":385,"column":20},"end":{"line":385,"column":135}},"241":{"start":{"line":388,"column":17},"end":{"line":413,"column":13}},"242":{"start":{"line":389,"column":16},"end":{"line":389,"column":117}},"243":{"start":{"line":391,"column":17},"end":{"line":413,"column":13}},"244":{"start":{"line":392,"column":16},"end":{"line":397,"column":17}},"245":{"start":{"line":393,"column":20},"end":{"line":393,"column":113}},"246":{"start":{"line":395,"column":21},"end":{"line":397,"column":17}},"247":{"start":{"line":396,"column":20},"end":{"line":396,"column":115}},"248":{"start":{"line":398,"column":33},"end":{"line":398,"column":41}},"249":{"start":{"line":399,"column":16},"end":{"line":401,"column":17}},"250":{"start":{"line":400,"column":20},"end":{"line":400,"column":83}},"251":{"start":{"line":402,"column":30},"end":{"line":402,"column":58}},"252":{"start":{"line":403,"column":16},"end":{"line":405,"column":17}},"253":{"start":{"line":404,"column":20},"end":{"line":404,"column":58}},"254":{"start":{"line":406,"column":16},"end":{"line":408,"column":17}},"255":{"start":{"line":407,"column":20},"end":{"line":407,"column":68}},"256":{"start":{"line":409,"column":16},"end":{"line":409,"column":62}},"257":{"start":{"line":411,"column":17},"end":{"line":413,"column":13}},"258":{"start":{"line":412,"column":16},"end":{"line":412,"column":109}},"259":{"start":{"line":414,"column":12},"end":{"line":414,"column":92}},"260":{"start":{"line":415,"column":12},"end":{"line":415,"column":54}},"261":{"start":{"line":416,"column":12},"end":{"line":416,"column":103}},"262":{"start":{"line":416,"column":54},"end":{"line":416,"column":101}},"263":{"start":{"line":417,"column":12},"end":{"line":417,"column":29}},"264":{"start":{"line":421,"column":8},"end":{"line":421,"column":74}},"265":{"start":{"line":422,"column":8},"end":{"line":422,"column":46}},"266":{"start":{"line":423,"column":24},"end":{"line":423,"column":61}},"267":{"start":{"line":424,"column":24},"end":{"line":424,"column":25}},"268":{"start":{"line":425,"column":8},"end":{"line":439,"column":9}},"269":{"start":{"line":426,"column":12},"end":{"line":438,"column":16}},"270":{"start":{"line":426,"column":35},"end":{"line":438,"column":14}},"271":{"start":{"line":427,"column":29},"end":{"line":427,"column":58}},"272":{"start":{"line":428,"column":16},"end":{"line":432,"column":19}},"273":{"start":{"line":429,"column":20},"end":{"line":431,"column":21}},"274":{"start":{"line":430,"column":24},"end":{"line":430,"column":233}},"275":{"start":{"line":433,"column":16},"end":{"line":437,"column":17}},"276":{"start":{"line":434,"column":20},"end":{"line":436,"column":23}},"277":{"start":{"line":435,"column":24},"end":{"line":435,"column":93}},"278":{"start":{"line":440,"column":8},"end":{"line":445,"column":11}},"279":{"start":{"line":441,"column":12},"end":{"line":441,"column":60}},"280":{"start":{"line":442,"column":24},"end":{"line":442,"column":35}},"281":{"start":{"line":443,"column":12},"end":{"line":443,"column":58}},"282":{"start":{"line":444,"column":12},"end":{"line":444,"column":45}},"283":{"start":{"line":446,"column":8},"end":{"line":448,"column":11}},"284":{"start":{"line":447,"column":12},"end":{"line":447,"column":34}},"285":{"start":{"line":449,"column":8},"end":{"line":451,"column":11}},"286":{"start":{"line":450,"column":12},"end":{"line":450,"column":34}},"287":{"start":{"line":452,"column":8},"end":{"line":456,"column":11}},"288":{"start":{"line":453,"column":12},"end":{"line":453,"column":81}},"289":{"start":{"line":454,"column":12},"end":{"line":454,"column":49}},"290":{"start":{"line":455,"column":12},"end":{"line":455,"column":72}},"291":{"start":{"line":457,"column":8},"end":{"line":457,"column":69}},"292":{"start":{"line":460,"column":8},"end":{"line":506,"column":11}},"293":{"start":{"line":462,"column":12},"end":{"line":468,"column":13}},"294":{"start":{"line":463,"column":16},"end":{"line":463,"column":54}},"295":{"start":{"line":466,"column":16},"end":{"line":466,"column":61}},"296":{"start":{"line":467,"column":16},"end":{"line":467,"column":23}},"297":{"start":{"line":469,"column":12},"end":{"line":469,"column":58}},"298":{"start":{"line":470,"column":27},"end":{"line":470,"column":46}},"299":{"start":{"line":471,"column":12},"end":{"line":473,"column":13}},"300":{"start":{"line":472,"column":16},"end":{"line":472,"column":44}},"301":{"start":{"line":474,"column":32},"end":{"line":474,"column":112}},"302":{"start":{"line":475,"column":12},"end":{"line":475,"column":58}},"303":{"start":{"line":476,"column":12},"end":{"line":490,"column":13}},"304":{"start":{"line":477,"column":35},"end":{"line":477,"column":36}},"305":{"start":{"line":478,"column":16},"end":{"line":487,"column":20}},"306":{"start":{"line":478,"column":58},"end":{"line":487,"column":18}},"307":{"start":{"line":479,"column":20},"end":{"line":479,"column":72}},"308":{"start":{"line":480,"column":35},"end":{"line":480,"column":49}},"309":{"start":{"line":481,"column":20},"end":{"line":486,"column":21}},"310":{"start":{"line":482,"column":24},"end":{"line":482,"column":78}},"311":{"start":{"line":485,"column":24},"end":{"line":485,"column":72}},"312":{"start":{"line":488,"column":16},"end":{"line":488,"column":76}},"313":{"start":{"line":488,"column":51},"end":{"line":488,"column":74}},"314":{"start":{"line":489,"column":16},"end":{"line":489,"column":40}},"315":{"start":{"line":491,"column":12},"end":{"line":505,"column":13}},"316":{"start":{"line":492,"column":16},"end":{"line":492,"column":68}},"317":{"start":{"line":493,"column":16},"end":{"line":493,"column":62}},"318":{"start":{"line":494,"column":16},"end":{"line":494,"column":91}},"319":{"start":{"line":495,"column":16},"end":{"line":498,"column":19}},"320":{"start":{"line":496,"column":20},"end":{"line":496,"column":54}},"321":{"start":{"line":497,"column":20},"end":{"line":497,"column":94}},"322":{"start":{"line":501,"column":16},"end":{"line":503,"column":17}},"323":{"start":{"line":502,"column":20},"end":{"line":502,"column":40}},"324":{"start":{"line":504,"column":16},"end":{"line":504,"column":60}},"325":{"start":{"line":509,"column":8},"end":{"line":523,"column":11}},"326":{"start":{"line":510,"column":22},"end":{"line":510,"column":48}},"327":{"start":{"line":511,"column":30},"end":{"line":511,"column":57}},"328":{"start":{"line":512,"column":12},"end":{"line":512,"column":64}},"329":{"start":{"line":513,"column":27},"end":{"line":513,"column":46}},"330":{"start":{"line":514,"column":32},"end":{"line":514,"column":128}},"331":{"start":{"line":515,"column":12},"end":{"line":515,"column":58}},"332":{"start":{"line":516,"column":12},"end":{"line":516,"column":64}},"333":{"start":{"line":517,"column":12},"end":{"line":517,"column":58}},"334":{"start":{"line":518,"column":12},"end":{"line":518,"column":87}},"335":{"start":{"line":519,"column":12},"end":{"line":522,"column":15}},"336":{"start":{"line":520,"column":16},"end":{"line":520,"column":50}},"337":{"start":{"line":521,"column":16},"end":{"line":521,"column":90}},"338":{"start":{"line":526,"column":8},"end":{"line":529,"column":11}},"339":{"start":{"line":527,"column":12},"end":{"line":527,"column":99}},"340":{"start":{"line":528,"column":12},"end":{"line":528,"column":58}},"341":{"start":{"line":530,"column":8},"end":{"line":535,"column":11}},"342":{"start":{"line":531,"column":12},"end":{"line":531,"column":83}},"343":{"start":{"line":532,"column":31},"end":{"line":532,"column":100}},"344":{"start":{"line":533,"column":12},"end":{"line":533,"column":56}},"345":{"start":{"line":534,"column":12},"end":{"line":534,"column":41}},"346":{"start":{"line":536,"column":8},"end":{"line":539,"column":11}},"347":{"start":{"line":537,"column":12},"end":{"line":537,"column":72}},"348":{"start":{"line":538,"column":12},"end":{"line":538,"column":87}},"349":{"start":{"line":540,"column":8},"end":{"line":544,"column":11}},"350":{"start":{"line":541,"column":12},"end":{"line":541,"column":58}},"351":{"start":{"line":542,"column":12},"end":{"line":542,"column":54}},"352":{"start":{"line":543,"column":12},"end":{"line":543,"column":94}},"353":{"start":{"line":547,"column":25},"end":{"line":547,"column":76}},"354":{"start":{"line":548,"column":29},"end":{"line":548,"column":80}},"355":{"start":{"line":549,"column":8},"end":{"line":557,"column":9}},"356":{"start":{"line":550,"column":12},"end":{"line":550,"column":89}},"357":{"start":{"line":550,"column":54},"end":{"line":550,"column":87}},"358":{"start":{"line":553,"column":27},"end":{"line":553,"column":46}},"359":{"start":{"line":554,"column":32},"end":{"line":554,"column":100}},"360":{"start":{"line":555,"column":12},"end":{"line":555,"column":58}},"361":{"start":{"line":556,"column":12},"end":{"line":556,"column":47}},"362":{"start":{"line":558,"column":8},"end":{"line":574,"column":9}},"363":{"start":{"line":559,"column":34},"end":{"line":559,"column":84}},"364":{"start":{"line":560,"column":12},"end":{"line":573,"column":15}},"365":{"start":{"line":561,"column":44},"end":{"line":561,"column":104}},"366":{"start":{"line":562,"column":16},"end":{"line":572,"column":17}},"367":{"start":{"line":563,"column":20},"end":{"line":571,"column":23}},"368":{"start":{"line":564,"column":24},"end":{"line":564,"column":58}},"369":{"start":{"line":565,"column":24},"end":{"line":569,"column":27}},"370":{"start":{"line":566,"column":45},"end":{"line":566,"column":132}},"371":{"start":{"line":567,"column":28},"end":{"line":567,"column":80}},"372":{"start":{"line":568,"column":28},"end":{"line":568,"column":108}},"373":{"start":{"line":570,"column":24},"end":{"line":570,"column":77}},"374":{"start":{"line":577,"column":8},"end":{"line":583,"column":11}},"375":{"start":{"line":578,"column":12},"end":{"line":578,"column":73}},"376":{"start":{"line":579,"column":27},"end":{"line":580,"column":61}},"377":{"start":{"line":581,"column":29},"end":{"line":581,"column":59}},"378":{"start":{"line":582,"column":12},"end":{"line":582,"column":88}},"379":{"start":{"line":584,"column":8},"end":{"line":590,"column":11}},"380":{"start":{"line":585,"column":12},"end":{"line":585,"column":72}},"381":{"start":{"line":586,"column":12},"end":{"line":589,"column":13}},"382":{"start":{"line":587,"column":31},"end":{"line":587,"column":66}},"383":{"start":{"line":588,"column":16},"end":{"line":588,"column":105}},"384":{"start":{"line":591,"column":8},"end":{"line":591,"column":38}},"385":{"start":{"line":594,"column":8},"end":{"line":602,"column":11}},"386":{"start":{"line":595,"column":12},"end":{"line":601,"column":13}},"387":{"start":{"line":596,"column":16},"end":{"line":596,"column":63}},"388":{"start":{"line":597,"column":16},"end":{"line":600,"column":17}},"389":{"start":{"line":598,"column":20},"end":{"line":598,"column":53}},"390":{"start":{"line":599,"column":20},"end":{"line":599,"column":49}},"391":{"start":{"line":605,"column":0},"end":{"line":605,"column":50}},"392":{"start":{"line":606,"column":0},"end":{"line":606,"column":60}}},"fnMap":{"0":{"name":"(anonymous_0)","decl":{"start":{"line":2,"column":44},"end":{"line":2,"column":45}},"loc":{"start":{"line":2,"column":89},"end":{"line":9,"column":1}}},"1":{"name":"(anonymous_1)","decl":{"start":{"line":3,"column":36},"end":{"line":3,"column":37}},"loc":{"start":{"line":3,"column":63},"end":{"line":8,"column":5}}},"2":{"name":"fulfilled","decl":{"start":{"line":4,"column":17},"end":{"line":4,"column":26}},"loc":{"start":{"line":4,"column":34},"end":{"line":4,"column":99}}},"3":{"name":"rejected","decl":{"start":{"line":5,"column":17},"end":{"line":5,"column":25}},"loc":{"start":{"line":5,"column":33},"end":{"line":5,"column":102}}},"4":{"name":"step","decl":{"start":{"line":6,"column":17},"end":{"line":6,"column":21}},"loc":{"start":{"line":6,"column":30},"end":{"line":6,"column":151}}},"5":{"name":"(anonymous_5)","decl":{"start":{"line":6,"column":76},"end":{"line":6,"column":77}},"loc":{"start":{"line":6,"column":95},"end":{"line":6,"column":121}}},"6":{"name":"(anonymous_6)","decl":{"start":{"line":23,"column":4},"end":{"line":23,"column":5}},"loc":{"start":{"line":23,"column":57},"end":{"line":45,"column":5}}},"7":{"name":"(anonymous_7)","decl":{"start":{"line":41,"column":35},"end":{"line":41,"column":36}},"loc":{"start":{"line":41,"column":44},"end":{"line":43,"column":13}}},"8":{"name":"(anonymous_8)","decl":{"start":{"line":46,"column":4},"end":{"line":46,"column":5}},"loc":{"start":{"line":46,"column":21},"end":{"line":65,"column":5}}},"9":{"name":"(anonymous_9)","decl":{"start":{"line":66,"column":4},"end":{"line":66,"column":5}},"loc":{"start":{"line":66,"column":17},"end":{"line":73,"column":5}}},"10":{"name":"(anonymous_10)","decl":{"start":{"line":67,"column":47},"end":{"line":67,"column":48}},"loc":{"start":{"line":67,"column":60},"end":{"line":72,"column":9}}},"11":{"name":"(anonymous_11)","decl":{"start":{"line":74,"column":4},"end":{"line":74,"column":5}},"loc":{"start":{"line":74,"column":17},"end":{"line":80,"column":5}}},"12":{"name":"(anonymous_12)","decl":{"start":{"line":75,"column":47},"end":{"line":75,"column":48}},"loc":{"start":{"line":75,"column":60},"end":{"line":79,"column":9}}},"13":{"name":"(anonymous_13)","decl":{"start":{"line":81,"column":4},"end":{"line":81,"column":5}},"loc":{"start":{"line":81,"column":25},"end":{"line":124,"column":5}}},"14":{"name":"(anonymous_14)","decl":{"start":{"line":85,"column":46},"end":{"line":85,"column":47}},"loc":{"start":{"line":85,"column":63},"end":{"line":89,"column":9}}},"15":{"name":"(anonymous_15)","decl":{"start":{"line":91,"column":79},"end":{"line":91,"column":80}},"loc":{"start":{"line":91,"column":104},"end":{"line":91,"column":137}}},"16":{"name":"(anonymous_16)","decl":{"start":{"line":92,"column":27},"end":{"line":92,"column":28}},"loc":{"start":{"line":92,"column":48},"end":{"line":123,"column":9}}},"17":{"name":"(anonymous_17)","decl":{"start":{"line":93,"column":37},"end":{"line":93,"column":38}},"loc":{"start":{"line":93,"column":56},"end":{"line":112,"column":13}}},"18":{"name":"(anonymous_18)","decl":{"start":{"line":95,"column":39},"end":{"line":95,"column":40}},"loc":{"start":{"line":95,"column":58},"end":{"line":111,"column":17}}},"19":{"name":"(anonymous_19)","decl":{"start":{"line":99,"column":51},"end":{"line":99,"column":52}},"loc":{"start":{"line":99,"column":75},"end":{"line":108,"column":25}}},"20":{"name":"(anonymous_20)","decl":{"start":{"line":102,"column":68},"end":{"line":102,"column":69}},"loc":{"start":{"line":102,"column":91},"end":{"line":106,"column":33}}},"21":{"name":"(anonymous_21)","decl":{"start":{"line":116,"column":53},"end":{"line":116,"column":54}},"loc":{"start":{"line":116,"column":73},"end":{"line":120,"column":21}}},"22":{"name":"(anonymous_22)","decl":{"start":{"line":125,"column":4},"end":{"line":125,"column":5}},"loc":{"start":{"line":125,"column":34},"end":{"line":135,"column":5}}},"23":{"name":"(anonymous_23)","decl":{"start":{"line":134,"column":33},"end":{"line":134,"column":34}},"loc":{"start":{"line":134,"column":52},"end":{"line":134,"column":116}}},"24":{"name":"(anonymous_24)","decl":{"start":{"line":136,"column":4},"end":{"line":136,"column":5}},"loc":{"start":{"line":136,"column":16},"end":{"line":144,"column":5}}},"25":{"name":"(anonymous_25)","decl":{"start":{"line":137,"column":47},"end":{"line":137,"column":48}},"loc":{"start":{"line":137,"column":60},"end":{"line":143,"column":9}}},"26":{"name":"(anonymous_26)","decl":{"start":{"line":145,"column":4},"end":{"line":145,"column":5}},"loc":{"start":{"line":145,"column":15},"end":{"line":149,"column":5}}},"27":{"name":"(anonymous_27)","decl":{"start":{"line":146,"column":47},"end":{"line":146,"column":48}},"loc":{"start":{"line":146,"column":60},"end":{"line":148,"column":9}}},"28":{"name":"(anonymous_28)","decl":{"start":{"line":150,"column":4},"end":{"line":150,"column":5}},"loc":{"start":{"line":150,"column":17},"end":{"line":154,"column":5}}},"29":{"name":"(anonymous_29)","decl":{"start":{"line":151,"column":47},"end":{"line":151,"column":48}},"loc":{"start":{"line":151,"column":60},"end":{"line":153,"column":9}}},"30":{"name":"(anonymous_30)","decl":{"start":{"line":155,"column":4},"end":{"line":155,"column":5}},"loc":{"start":{"line":155,"column":18},"end":{"line":159,"column":5}}},"31":{"name":"(anonymous_31)","decl":{"start":{"line":156,"column":47},"end":{"line":156,"column":48}},"loc":{"start":{"line":156,"column":60},"end":{"line":158,"column":9}}},"32":{"name":"(anonymous_32)","decl":{"start":{"line":160,"column":4},"end":{"line":160,"column":5}},"loc":{"start":{"line":160,"column":19},"end":{"line":165,"column":5}}},"33":{"name":"(anonymous_33)","decl":{"start":{"line":161,"column":47},"end":{"line":161,"column":48}},"loc":{"start":{"line":161,"column":60},"end":{"line":164,"column":9}}},"34":{"name":"(anonymous_34)","decl":{"start":{"line":166,"column":4},"end":{"line":166,"column":5}},"loc":{"start":{"line":166,"column":20},"end":{"line":183,"column":5}}},"35":{"name":"(anonymous_35)","decl":{"start":{"line":167,"column":47},"end":{"line":167,"column":48}},"loc":{"start":{"line":167,"column":60},"end":{"line":182,"column":9}}},"36":{"name":"(anonymous_36)","decl":{"start":{"line":184,"column":4},"end":{"line":184,"column":5}},"loc":{"start":{"line":184,"column":17},"end":{"line":191,"column":5}}},"37":{"name":"(anonymous_37)","decl":{"start":{"line":187,"column":33},"end":{"line":187,"column":34}},"loc":{"start":{"line":187,"column":52},"end":{"line":189,"column":9}}},"38":{"name":"(anonymous_38)","decl":{"start":{"line":192,"column":4},"end":{"line":192,"column":5}},"loc":{"start":{"line":192,"column":24},"end":{"line":198,"column":5}}},"39":{"name":"(anonymous_39)","decl":{"start":{"line":193,"column":47},"end":{"line":193,"column":48}},"loc":{"start":{"line":193,"column":60},"end":{"line":197,"column":9}}},"40":{"name":"(anonymous_40)","decl":{"start":{"line":195,"column":48},"end":{"line":195,"column":49}},"loc":{"start":{"line":195,"column":66},"end":{"line":195,"column":94}}},"41":{"name":"(anonymous_41)","decl":{"start":{"line":199,"column":4},"end":{"line":199,"column":5}},"loc":{"start":{"line":199,"column":20},"end":{"line":206,"column":5}}},"42":{"name":"(anonymous_42)","decl":{"start":{"line":204,"column":52},"end":{"line":204,"column":53}},"loc":{"start":{"line":204,"column":70},"end":{"line":204,"column":93}}},"43":{"name":"(anonymous_43)","decl":{"start":{"line":207,"column":4},"end":{"line":207,"column":5}},"loc":{"start":{"line":207,"column":23},"end":{"line":216,"column":5}}},"44":{"name":"(anonymous_44)","decl":{"start":{"line":208,"column":47},"end":{"line":208,"column":48}},"loc":{"start":{"line":208,"column":60},"end":{"line":215,"column":9}}},"45":{"name":"(anonymous_45)","decl":{"start":{"line":217,"column":4},"end":{"line":217,"column":5}},"loc":{"start":{"line":217,"column":19},"end":{"line":257,"column":5}}},"46":{"name":"(anonymous_46)","decl":{"start":{"line":218,"column":47},"end":{"line":218,"column":48}},"loc":{"start":{"line":218,"column":60},"end":{"line":256,"column":9}}},"47":{"name":"(anonymous_47)","decl":{"start":{"line":258,"column":4},"end":{"line":258,"column":5}},"loc":{"start":{"line":258,"column":21},"end":{"line":269,"column":5}}},"48":{"name":"(anonymous_48)","decl":{"start":{"line":259,"column":47},"end":{"line":259,"column":48}},"loc":{"start":{"line":259,"column":60},"end":{"line":268,"column":9}}},"49":{"name":"(anonymous_49)","decl":{"start":{"line":262,"column":41},"end":{"line":262,"column":42}},"loc":{"start":{"line":262,"column":60},"end":{"line":264,"column":17}}},"50":{"name":"(anonymous_50)","decl":{"start":{"line":270,"column":4},"end":{"line":270,"column":5}},"loc":{"start":{"line":270,"column":49},"end":{"line":274,"column":5}}},"51":{"name":"(anonymous_51)","decl":{"start":{"line":275,"column":4},"end":{"line":275,"column":5}},"loc":{"start":{"line":275,"column":51},"end":{"line":277,"column":5}}},"52":{"name":"(anonymous_52)","decl":{"start":{"line":278,"column":4},"end":{"line":278,"column":5}},"loc":{"start":{"line":278,"column":39},"end":{"line":282,"column":5}}},"53":{"name":"(anonymous_53)","decl":{"start":{"line":283,"column":4},"end":{"line":283,"column":5}},"loc":{"start":{"line":283,"column":41},"end":{"line":285,"column":5}}},"54":{"name":"(anonymous_54)","decl":{"start":{"line":286,"column":4},"end":{"line":286,"column":5}},"loc":{"start":{"line":286,"column":48},"end":{"line":288,"column":5}}},"55":{"name":"(anonymous_55)","decl":{"start":{"line":287,"column":73},"end":{"line":287,"column":74}},"loc":{"start":{"line":287,"column":79},"end":{"line":287,"column":152}}},"56":{"name":"(anonymous_56)","decl":{"start":{"line":289,"column":4},"end":{"line":289,"column":5}},"loc":{"start":{"line":289,"column":56},"end":{"line":291,"column":5}}},"57":{"name":"(anonymous_57)","decl":{"start":{"line":290,"column":77},"end":{"line":290,"column":78}},"loc":{"start":{"line":290,"column":83},"end":{"line":290,"column":164}}},"58":{"name":"(anonymous_58)","decl":{"start":{"line":292,"column":4},"end":{"line":292,"column":5}},"loc":{"start":{"line":292,"column":31},"end":{"line":298,"column":5}}},"59":{"name":"(anonymous_59)","decl":{"start":{"line":299,"column":4},"end":{"line":299,"column":5}},"loc":{"start":{"line":299,"column":39},"end":{"line":319,"column":5}}},"60":{"name":"(anonymous_60)","decl":{"start":{"line":320,"column":4},"end":{"line":320,"column":5}},"loc":{"start":{"line":320,"column":33},"end":{"line":355,"column":5}}},"61":{"name":"(anonymous_61)","decl":{"start":{"line":356,"column":4},"end":{"line":356,"column":5}},"loc":{"start":{"line":356,"column":34},"end":{"line":419,"column":5}}},"62":{"name":"(anonymous_62)","decl":{"start":{"line":357,"column":47},"end":{"line":357,"column":48}},"loc":{"start":{"line":357,"column":60},"end":{"line":418,"column":9}}},"63":{"name":"(anonymous_63)","decl":{"start":{"line":416,"column":38},"end":{"line":416,"column":39}},"loc":{"start":{"line":416,"column":54},"end":{"line":416,"column":101}}},"64":{"name":"(anonymous_64)","decl":{"start":{"line":420,"column":4},"end":{"line":420,"column":5}},"loc":{"start":{"line":420,"column":25},"end":{"line":458,"column":5}}},"65":{"name":"(anonymous_65)","decl":{"start":{"line":426,"column":29},"end":{"line":426,"column":30}},"loc":{"start":{"line":426,"column":35},"end":{"line":438,"column":14}}},"66":{"name":"(anonymous_66)","decl":{"start":{"line":426,"column":67},"end":{"line":426,"column":68}},"loc":{"start":{"line":426,"column":80},"end":{"line":438,"column":13}}},"67":{"name":"(anonymous_67)","decl":{"start":{"line":428,"column":31},"end":{"line":428,"column":32}},"loc":{"start":{"line":428,"column":42},"end":{"line":432,"column":17}}},"68":{"name":"(anonymous_68)","decl":{"start":{"line":434,"column":50},"end":{"line":434,"column":51}},"loc":{"start":{"line":434,"column":80},"end":{"line":436,"column":21}}},"69":{"name":"(anonymous_69)","decl":{"start":{"line":440,"column":30},"end":{"line":440,"column":31}},"loc":{"start":{"line":440,"column":60},"end":{"line":445,"column":9}}},"70":{"name":"(anonymous_70)","decl":{"start":{"line":446,"column":35},"end":{"line":446,"column":36}},"loc":{"start":{"line":446,"column":41},"end":{"line":448,"column":9}}},"71":{"name":"(anonymous_71)","decl":{"start":{"line":449,"column":25},"end":{"line":449,"column":26}},"loc":{"start":{"line":449,"column":31},"end":{"line":451,"column":9}}},"72":{"name":"(anonymous_72)","decl":{"start":{"line":452,"column":27},"end":{"line":452,"column":28}},"loc":{"start":{"line":452,"column":33},"end":{"line":456,"column":9}}},"73":{"name":"(anonymous_73)","decl":{"start":{"line":459,"column":4},"end":{"line":459,"column":5}},"loc":{"start":{"line":459,"column":76},"end":{"line":507,"column":5}}},"74":{"name":"(anonymous_74)","decl":{"start":{"line":460,"column":47},"end":{"line":460,"column":48}},"loc":{"start":{"line":460,"column":60},"end":{"line":506,"column":9}}},"75":{"name":"(anonymous_75)","decl":{"start":{"line":478,"column":41},"end":{"line":478,"column":42}},"loc":{"start":{"line":478,"column":58},"end":{"line":487,"column":18}}},"76":{"name":"(anonymous_76)","decl":{"start":{"line":478,"column":90},"end":{"line":478,"column":91}},"loc":{"start":{"line":478,"column":103},"end":{"line":487,"column":17}}},"77":{"name":"(anonymous_77)","decl":{"start":{"line":488,"column":45},"end":{"line":488,"column":46}},"loc":{"start":{"line":488,"column":51},"end":{"line":488,"column":74}}},"78":{"name":"(anonymous_78)","decl":{"start":{"line":495,"column":36},"end":{"line":495,"column":37}},"loc":{"start":{"line":495,"column":42},"end":{"line":498,"column":17}}},"79":{"name":"(anonymous_79)","decl":{"start":{"line":508,"column":4},"end":{"line":508,"column":5}},"loc":{"start":{"line":508,"column":47},"end":{"line":524,"column":5}}},"80":{"name":"(anonymous_80)","decl":{"start":{"line":509,"column":47},"end":{"line":509,"column":48}},"loc":{"start":{"line":509,"column":60},"end":{"line":523,"column":9}}},"81":{"name":"(anonymous_81)","decl":{"start":{"line":519,"column":32},"end":{"line":519,"column":33}},"loc":{"start":{"line":519,"column":38},"end":{"line":522,"column":13}}},"82":{"name":"(anonymous_82)","decl":{"start":{"line":525,"column":4},"end":{"line":525,"column":5}},"loc":{"start":{"line":525,"column":45},"end":{"line":545,"column":5}}},"83":{"name":"(anonymous_83)","decl":{"start":{"line":526,"column":32},"end":{"line":526,"column":33}},"loc":{"start":{"line":526,"column":49},"end":{"line":529,"column":9}}},"84":{"name":"(anonymous_84)","decl":{"start":{"line":530,"column":29},"end":{"line":530,"column":30}},"loc":{"start":{"line":530,"column":41},"end":{"line":535,"column":9}}},"85":{"name":"(anonymous_85)","decl":{"start":{"line":536,"column":30},"end":{"line":536,"column":31}},"loc":{"start":{"line":536,"column":36},"end":{"line":539,"column":9}}},"86":{"name":"(anonymous_86)","decl":{"start":{"line":540,"column":29},"end":{"line":540,"column":30}},"loc":{"start":{"line":540,"column":35},"end":{"line":544,"column":9}}},"87":{"name":"(anonymous_87)","decl":{"start":{"line":546,"column":4},"end":{"line":546,"column":5}},"loc":{"start":{"line":546,"column":45},"end":{"line":575,"column":5}}},"88":{"name":"(anonymous_88)","decl":{"start":{"line":550,"column":35},"end":{"line":550,"column":36}},"loc":{"start":{"line":550,"column":54},"end":{"line":550,"column":87}}},"89":{"name":"(anonymous_89)","decl":{"start":{"line":560,"column":35},"end":{"line":560,"column":36}},"loc":{"start":{"line":560,"column":54},"end":{"line":573,"column":13}}},"90":{"name":"(anonymous_90)","decl":{"start":{"line":563,"column":47},"end":{"line":563,"column":48}},"loc":{"start":{"line":563,"column":71},"end":{"line":571,"column":21}}},"91":{"name":"(anonymous_91)","decl":{"start":{"line":565,"column":51},"end":{"line":565,"column":52}},"loc":{"start":{"line":565,"column":74},"end":{"line":569,"column":25}}},"92":{"name":"(anonymous_92)","decl":{"start":{"line":576,"column":4},"end":{"line":576,"column":5}},"loc":{"start":{"line":576,"column":32},"end":{"line":592,"column":5}}},"93":{"name":"(anonymous_93)","decl":{"start":{"line":577,"column":38},"end":{"line":577,"column":39}},"loc":{"start":{"line":577,"column":47},"end":{"line":583,"column":9}}},"94":{"name":"(anonymous_94)","decl":{"start":{"line":584,"column":37},"end":{"line":584,"column":38}},"loc":{"start":{"line":584,"column":46},"end":{"line":590,"column":9}}},"95":{"name":"(anonymous_95)","decl":{"start":{"line":593,"column":4},"end":{"line":593,"column":5}},"loc":{"start":{"line":593,"column":24},"end":{"line":603,"column":5}}},"96":{"name":"(anonymous_96)","decl":{"start":{"line":594,"column":47},"end":{"line":594,"column":48}},"loc":{"start":{"line":594,"column":60},"end":{"line":602,"column":9}}}},"branchMap":{"0":{"loc":{"start":{"line":2,"column":16},"end":{"line":9,"column":1}},"type":"binary-expr","locations":[{"start":{"line":2,"column":17},"end":{"line":2,"column":21}},{"start":{"line":2,"column":25},"end":{"line":2,"column":39}},{"start":{"line":2,"column":44},"end":{"line":9,"column":1}}]},"1":{"loc":{"start":{"line":3,"column":16},"end":{"line":3,"column":34}},"type":"binary-expr","locations":[{"start":{"line":3,"column":16},"end":{"line":3,"column":17}},{"start":{"line":3,"column":22},"end":{"line":3,"column":33}}]},"2":{"loc":{"start":{"line":6,"column":32},"end":{"line":6,"column":148}},"type":"cond-expr","locations":[{"start":{"line":6,"column":46},"end":{"line":6,"column":67}},{"start":{"line":6,"column":70},"end":{"line":6,"column":148}}]},"3":{"loc":{"start":{"line":23,"column":39},"end":{"line":23,"column":55}},"type":"default-arg","locations":[{"start":{"line":23,"column":50},"end":{"line":23,"column":55}}]},"4":{"loc":{"start":{"line":40,"column":8},"end":{"line":44,"column":9}},"type":"if","locations":[{"start":{"line":40,"column":8},"end":{"line":44,"column":9}},{"start":{"line":40,"column":8},"end":{"line":44,"column":9}}]},"5":{"loc":{"start":{"line":77,"column":50},"end":{"line":77,"column":67}},"type":"binary-expr","locations":[{"start":{"line":77,"column":50},"end":{"line":77,"column":59}},{"start":{"line":77,"column":63},"end":{"line":77,"column":67}}]},"6":{"loc":{"start":{"line":77,"column":69},"end":{"line":77,"column":93}},"type":"binary-expr","locations":[{"start":{"line":77,"column":69},"end":{"line":77,"column":78}},{"start":{"line":77,"column":82},"end":{"line":77,"column":93}}]},"7":{"loc":{"start":{"line":82,"column":26},"end":{"line":82,"column":48}},"type":"binary-expr","locations":[{"start":{"line":82,"column":26},"end":{"line":82,"column":42}},{"start":{"line":82,"column":46},"end":{"line":82,"column":48}}]},"8":{"loc":{"start":{"line":98,"column":20},"end":{"line":110,"column":21}},"type":"if","locations":[{"start":{"line":98,"column":20},"end":{"line":110,"column":21}},{"start":{"line":98,"column":20},"end":{"line":110,"column":21}}]},"9":{"loc":{"start":{"line":113,"column":12},"end":{"line":122,"column":13}},"type":"if","locations":[{"start":{"line":113,"column":12},"end":{"line":122,"column":13}},{"start":{"line":113,"column":12},"end":{"line":122,"column":13}}]},"10":{"loc":{"start":{"line":128,"column":8},"end":{"line":133,"column":9}},"type":"if","locations":[{"start":{"line":128,"column":8},"end":{"line":133,"column":9}},{"start":{"line":128,"column":8},"end":{"line":133,"column":9}}]},"11":{"loc":{"start":{"line":131,"column":13},"end":{"line":133,"column":9}},"type":"if","locations":[{"start":{"line":131,"column":13},"end":{"line":133,"column":9}},{"start":{"line":131,"column":13},"end":{"line":133,"column":9}}]},"12":{"loc":{"start":{"line":138,"column":27},"end":{"line":138,"column":60}},"type":"cond-expr","locations":[{"start":{"line":138,"column":43},"end":{"line":138,"column":56}},{"start":{"line":138,"column":59},"end":{"line":138,"column":60}}]},"13":{"loc":{"start":{"line":169,"column":12},"end":{"line":171,"column":13}},"type":"if","locations":[{"start":{"line":169,"column":12},"end":{"line":171,"column":13}},{"start":{"line":169,"column":12},"end":{"line":171,"column":13}}]},"14":{"loc":{"start":{"line":173,"column":12},"end":{"line":181,"column":13}},"type":"if","locations":[{"start":{"line":173,"column":12},"end":{"line":181,"column":13}},{"start":{"line":173,"column":12},"end":{"line":181,"column":13}}]},"15":{"loc":{"start":{"line":194,"column":107},"end":{"line":194,"column":127}},"type":"binary-expr","locations":[{"start":{"line":194,"column":107},"end":{"line":194,"column":122}},{"start":{"line":194,"column":126},"end":{"line":194,"column":127}}]},"16":{"loc":{"start":{"line":194,"column":129},"end":{"line":194,"column":145}},"type":"binary-expr","locations":[{"start":{"line":194,"column":129},"end":{"line":194,"column":140}},{"start":{"line":194,"column":144},"end":{"line":194,"column":145}}]},"17":{"loc":{"start":{"line":201,"column":8},"end":{"line":203,"column":9}},"type":"if","locations":[{"start":{"line":201,"column":8},"end":{"line":203,"column":9}},{"start":{"line":201,"column":8},"end":{"line":203,"column":9}}]},"18":{"loc":{"start":{"line":210,"column":12},"end":{"line":212,"column":13}},"type":"if","locations":[{"start":{"line":210,"column":12},"end":{"line":212,"column":13}},{"start":{"line":210,"column":12},"end":{"line":212,"column":13}}]},"19":{"loc":{"start":{"line":220,"column":12},"end":{"line":251,"column":13}},"type":"if","locations":[{"start":{"line":220,"column":12},"end":{"line":251,"column":13}},{"start":{"line":220,"column":12},"end":{"line":251,"column":13}}]},"20":{"loc":{"start":{"line":221,"column":16},"end":{"line":223,"column":17}},"type":"if","locations":[{"start":{"line":221,"column":16},"end":{"line":223,"column":17}},{"start":{"line":221,"column":16},"end":{"line":223,"column":17}}]},"21":{"loc":{"start":{"line":225,"column":16},"end":{"line":227,"column":17}},"type":"if","locations":[{"start":{"line":225,"column":16},"end":{"line":227,"column":17}},{"start":{"line":225,"column":16},"end":{"line":227,"column":17}}]},"22":{"loc":{"start":{"line":235,"column":20},"end":{"line":238,"column":21}},"type":"if","locations":[{"start":{"line":235,"column":20},"end":{"line":238,"column":21}},{"start":{"line":235,"column":20},"end":{"line":238,"column":21}}]},"23":{"loc":{"start":{"line":240,"column":16},"end":{"line":242,"column":17}},"type":"if","locations":[{"start":{"line":240,"column":16},"end":{"line":242,"column":17}},{"start":{"line":240,"column":16},"end":{"line":242,"column":17}}]},"24":{"loc":{"start":{"line":244,"column":16},"end":{"line":249,"column":17}},"type":"if","locations":[{"start":{"line":244,"column":16},"end":{"line":249,"column":17}},{"start":{"line":244,"column":16},"end":{"line":249,"column":17}}]},"25":{"loc":{"start":{"line":246,"column":20},"end":{"line":248,"column":21}},"type":"if","locations":[{"start":{"line":246,"column":20},"end":{"line":248,"column":21}},{"start":{"line":246,"column":20},"end":{"line":248,"column":21}}]},"26":{"loc":{"start":{"line":261,"column":12},"end":{"line":265,"column":13}},"type":"if","locations":[{"start":{"line":261,"column":12},"end":{"line":265,"column":13}},{"start":{"line":261,"column":12},"end":{"line":265,"column":13}}]},"27":{"loc":{"start":{"line":294,"column":8},"end":{"line":296,"column":9}},"type":"if","locations":[{"start":{"line":294,"column":8},"end":{"line":296,"column":9}},{"start":{"line":294,"column":8},"end":{"line":296,"column":9}}]},"28":{"loc":{"start":{"line":300,"column":8},"end":{"line":301,"column":29}},"type":"if","locations":[{"start":{"line":300,"column":8},"end":{"line":301,"column":29}},{"start":{"line":300,"column":8},"end":{"line":301,"column":29}}]},"29":{"loc":{"start":{"line":302,"column":8},"end":{"line":318,"column":9}},"type":"if","locations":[{"start":{"line":302,"column":8},"end":{"line":318,"column":9}},{"start":{"line":302,"column":8},"end":{"line":318,"column":9}}]},"30":{"loc":{"start":{"line":302,"column":12},"end":{"line":302,"column":63}},"type":"binary-expr","locations":[{"start":{"line":302,"column":12},"end":{"line":302,"column":26}},{"start":{"line":302,"column":31},"end":{"line":302,"column":62}}]},"31":{"loc":{"start":{"line":307,"column":13},"end":{"line":318,"column":9}},"type":"if","locations":[{"start":{"line":307,"column":13},"end":{"line":318,"column":9}},{"start":{"line":307,"column":13},"end":{"line":318,"column":9}}]},"32":{"loc":{"start":{"line":307,"column":17},"end":{"line":307,"column":99}},"type":"binary-expr","locations":[{"start":{"line":307,"column":17},"end":{"line":307,"column":38}},{"start":{"line":307,"column":42},"end":{"line":307,"column":61}},{"start":{"line":307,"column":65},"end":{"line":307,"column":99}}]},"33":{"loc":{"start":{"line":309,"column":12},"end":{"line":310,"column":33}},"type":"if","locations":[{"start":{"line":309,"column":12},"end":{"line":310,"column":33}},{"start":{"line":309,"column":12},"end":{"line":310,"column":33}}]},"34":{"loc":{"start":{"line":321,"column":8},"end":{"line":322,"column":29}},"type":"if","locations":[{"start":{"line":321,"column":8},"end":{"line":322,"column":29}},{"start":{"line":321,"column":8},"end":{"line":322,"column":29}}]},"35":{"loc":{"start":{"line":325,"column":12},"end":{"line":345,"column":13}},"type":"if","locations":[{"start":{"line":325,"column":12},"end":{"line":345,"column":13}},{"start":{"line":325,"column":12},"end":{"line":345,"column":13}}]},"36":{"loc":{"start":{"line":326,"column":16},"end":{"line":333,"column":17}},"type":"if","locations":[{"start":{"line":326,"column":16},"end":{"line":333,"column":17}},{"start":{"line":326,"column":16},"end":{"line":333,"column":17}}]},"37":{"loc":{"start":{"line":328,"column":20},"end":{"line":330,"column":21}},"type":"if","locations":[{"start":{"line":328,"column":20},"end":{"line":330,"column":21}},{"start":{"line":328,"column":20},"end":{"line":330,"column":21}}]},"38":{"loc":{"start":{"line":337,"column":16},"end":{"line":344,"column":17}},"type":"if","locations":[{"start":{"line":337,"column":16},"end":{"line":344,"column":17}},{"start":{"line":337,"column":16},"end":{"line":344,"column":17}}]},"39":{"loc":{"start":{"line":339,"column":20},"end":{"line":341,"column":21}},"type":"if","locations":[{"start":{"line":339,"column":20},"end":{"line":341,"column":21}},{"start":{"line":339,"column":20},"end":{"line":341,"column":21}}]},"40":{"loc":{"start":{"line":347,"column":8},"end":{"line":353,"column":9}},"type":"if","locations":[{"start":{"line":347,"column":8},"end":{"line":353,"column":9}},{"start":{"line":347,"column":8},"end":{"line":353,"column":9}}]},"41":{"loc":{"start":{"line":347,"column":12},"end":{"line":348,"column":70}},"type":"binary-expr","locations":[{"start":{"line":347,"column":13},"end":{"line":347,"column":48}},{"start":{"line":347,"column":54},"end":{"line":347,"column":86}},{"start":{"line":348,"column":13},"end":{"line":348,"column":36}},{"start":{"line":348,"column":42},"end":{"line":348,"column":69}}]},"42":{"loc":{"start":{"line":358,"column":12},"end":{"line":360,"column":13}},"type":"if","locations":[{"start":{"line":358,"column":12},"end":{"line":360,"column":13}},{"start":{"line":358,"column":12},"end":{"line":360,"column":13}}]},"43":{"loc":{"start":{"line":361,"column":12},"end":{"line":413,"column":13}},"type":"if","locations":[{"start":{"line":361,"column":12},"end":{"line":413,"column":13}},{"start":{"line":361,"column":12},"end":{"line":413,"column":13}}]},"44":{"loc":{"start":{"line":362,"column":16},"end":{"line":364,"column":17}},"type":"if","locations":[{"start":{"line":362,"column":16},"end":{"line":364,"column":17}},{"start":{"line":362,"column":16},"end":{"line":364,"column":17}}]},"45":{"loc":{"start":{"line":370,"column":16},"end":{"line":386,"column":17}},"type":"if","locations":[{"start":{"line":370,"column":16},"end":{"line":386,"column":17}},{"start":{"line":370,"column":16},"end":{"line":386,"column":17}}]},"46":{"loc":{"start":{"line":373,"column":20},"end":{"line":375,"column":21}},"type":"if","locations":[{"start":{"line":373,"column":20},"end":{"line":375,"column":21}},{"start":{"line":373,"column":20},"end":{"line":375,"column":21}}]},"47":{"loc":{"start":{"line":378,"column":21},"end":{"line":386,"column":17}},"type":"if","locations":[{"start":{"line":378,"column":21},"end":{"line":386,"column":17}},{"start":{"line":378,"column":21},"end":{"line":386,"column":17}}]},"48":{"loc":{"start":{"line":381,"column":20},"end":{"line":383,"column":21}},"type":"if","locations":[{"start":{"line":381,"column":20},"end":{"line":383,"column":21}},{"start":{"line":381,"column":20},"end":{"line":383,"column":21}}]},"49":{"loc":{"start":{"line":388,"column":17},"end":{"line":413,"column":13}},"type":"if","locations":[{"start":{"line":388,"column":17},"end":{"line":413,"column":13}},{"start":{"line":388,"column":17},"end":{"line":413,"column":13}}]},"50":{"loc":{"start":{"line":391,"column":17},"end":{"line":413,"column":13}},"type":"if","locations":[{"start":{"line":391,"column":17},"end":{"line":413,"column":13}},{"start":{"line":391,"column":17},"end":{"line":413,"column":13}}]},"51":{"loc":{"start":{"line":392,"column":16},"end":{"line":397,"column":17}},"type":"if","locations":[{"start":{"line":392,"column":16},"end":{"line":397,"column":17}},{"start":{"line":392,"column":16},"end":{"line":397,"column":17}}]},"52":{"loc":{"start":{"line":395,"column":21},"end":{"line":397,"column":17}},"type":"if","locations":[{"start":{"line":395,"column":21},"end":{"line":397,"column":17}},{"start":{"line":395,"column":21},"end":{"line":397,"column":17}}]},"53":{"loc":{"start":{"line":399,"column":16},"end":{"line":401,"column":17}},"type":"if","locations":[{"start":{"line":399,"column":16},"end":{"line":401,"column":17}},{"start":{"line":399,"column":16},"end":{"line":401,"column":17}}]},"54":{"loc":{"start":{"line":403,"column":16},"end":{"line":405,"column":17}},"type":"if","locations":[{"start":{"line":403,"column":16},"end":{"line":405,"column":17}},{"start":{"line":403,"column":16},"end":{"line":405,"column":17}}]},"55":{"loc":{"start":{"line":406,"column":16},"end":{"line":408,"column":17}},"type":"if","locations":[{"start":{"line":406,"column":16},"end":{"line":408,"column":17}},{"start":{"line":406,"column":16},"end":{"line":408,"column":17}}]},"56":{"loc":{"start":{"line":411,"column":17},"end":{"line":413,"column":13}},"type":"if","locations":[{"start":{"line":411,"column":17},"end":{"line":413,"column":13}},{"start":{"line":411,"column":17},"end":{"line":413,"column":13}}]},"57":{"loc":{"start":{"line":414,"column":37},"end":{"line":414,"column":84}},"type":"cond-expr","locations":[{"start":{"line":414,"column":62},"end":{"line":414,"column":72}},{"start":{"line":414,"column":75},"end":{"line":414,"column":84}}]},"58":{"loc":{"start":{"line":425,"column":8},"end":{"line":439,"column":9}},"type":"if","locations":[{"start":{"line":425,"column":8},"end":{"line":439,"column":9}},{"start":{"line":425,"column":8},"end":{"line":439,"column":9}}]},"59":{"loc":{"start":{"line":429,"column":20},"end":{"line":431,"column":21}},"type":"if","locations":[{"start":{"line":429,"column":20},"end":{"line":431,"column":21}},{"start":{"line":429,"column":20},"end":{"line":431,"column":21}}]},"60":{"loc":{"start":{"line":433,"column":16},"end":{"line":437,"column":17}},"type":"if","locations":[{"start":{"line":433,"column":16},"end":{"line":437,"column":17}},{"start":{"line":433,"column":16},"end":{"line":437,"column":17}}]},"61":{"loc":{"start":{"line":459,"column":45},"end":{"line":459,"column":62}},"type":"default-arg","locations":[{"start":{"line":459,"column":58},"end":{"line":459,"column":62}}]},"62":{"loc":{"start":{"line":471,"column":12},"end":{"line":473,"column":13}},"type":"if","locations":[{"start":{"line":471,"column":12},"end":{"line":473,"column":13}},{"start":{"line":471,"column":12},"end":{"line":473,"column":13}}]},"63":{"loc":{"start":{"line":476,"column":12},"end":{"line":490,"column":13}},"type":"if","locations":[{"start":{"line":476,"column":12},"end":{"line":490,"column":13}},{"start":{"line":476,"column":12},"end":{"line":490,"column":13}}]},"64":{"loc":{"start":{"line":501,"column":16},"end":{"line":503,"column":17}},"type":"if","locations":[{"start":{"line":501,"column":16},"end":{"line":503,"column":17}},{"start":{"line":501,"column":16},"end":{"line":503,"column":17}}]},"65":{"loc":{"start":{"line":549,"column":8},"end":{"line":557,"column":9}},"type":"if","locations":[{"start":{"line":549,"column":8},"end":{"line":557,"column":9}},{"start":{"line":549,"column":8},"end":{"line":557,"column":9}}]},"66":{"loc":{"start":{"line":558,"column":8},"end":{"line":574,"column":9}},"type":"if","locations":[{"start":{"line":558,"column":8},"end":{"line":574,"column":9}},{"start":{"line":558,"column":8},"end":{"line":574,"column":9}}]},"67":{"loc":{"start":{"line":558,"column":12},"end":{"line":558,"column":70}},"type":"binary-expr","locations":[{"start":{"line":558,"column":12},"end":{"line":558,"column":22}},{"start":{"line":558,"column":26},"end":{"line":558,"column":70}}]},"68":{"loc":{"start":{"line":559,"column":34},"end":{"line":559,"column":84}},"type":"binary-expr","locations":[{"start":{"line":559,"column":34},"end":{"line":559,"column":78}},{"start":{"line":559,"column":82},"end":{"line":559,"column":84}}]},"69":{"loc":{"start":{"line":562,"column":16},"end":{"line":572,"column":17}},"type":"if","locations":[{"start":{"line":562,"column":16},"end":{"line":572,"column":17}},{"start":{"line":562,"column":16},"end":{"line":572,"column":17}}]},"70":{"loc":{"start":{"line":579,"column":27},"end":{"line":580,"column":61}},"type":"cond-expr","locations":[{"start":{"line":579,"column":53},"end":{"line":579,"column":61}},{"start":{"line":580,"column":16},"end":{"line":580,"column":61}}]},"71":{"loc":{"start":{"line":580,"column":16},"end":{"line":580,"column":61}},"type":"cond-expr","locations":[{"start":{"line":580,"column":41},"end":{"line":580,"column":50}},{"start":{"line":580,"column":53},"end":{"line":580,"column":61}}]},"72":{"loc":{"start":{"line":586,"column":12},"end":{"line":589,"column":13}},"type":"if","locations":[{"start":{"line":586,"column":12},"end":{"line":589,"column":13}},{"start":{"line":586,"column":12},"end":{"line":589,"column":13}}]},"73":{"loc":{"start":{"line":587,"column":31},"end":{"line":587,"column":66}},"type":"cond-expr","locations":[{"start":{"line":587,"column":47},"end":{"line":587,"column":55}},{"start":{"line":587,"column":58},"end":{"line":587,"column":66}}]},"74":{"loc":{"start":{"line":595,"column":12},"end":{"line":601,"column":13}},"type":"if","locations":[{"start":{"line":595,"column":12},"end":{"line":601,"column":13}},{"start":{"line":595,"column":12},"end":{"line":601,"column":13}}]},"75":{"loc":{"start":{"line":597,"column":16},"end":{"line":600,"column":17}},"type":"if","locations":[{"start":{"line":597,"column":16},"end":{"line":600,"column":17}},{"start":{"line":597,"column":16},"end":{"line":600,"column":17}}]}},"s":{"0":1,"1":5,"2":7,"3":7,"4":0,"5":0,"6":0,"7":0,"8":12,"9":7,"10":5,"11":1,"12":1,"13":1,"14":1,"15":1,"16":1,"17":1,"18":1,"19":1,"20":1,"21":1,"22":1,"23":1,"24":1,"25":1,"26":1,"27":1,"28":1,"29":1,"30":1,"31":1,"32":1,"33":1,"34":1,"35":1,"36":1,"37":1,"38":1,"39":1,"40":1,"41":0,"42":1,"43":1,"44":1,"45":1,"46":1,"47":1,"48":0,"49":0,"50":0,"51":0,"52":1,"53":1,"54":1,"55":1,"56":1,"57":1,"58":1,"59":0,"60":1,"61":1,"62":0,"63":0,"64":0,"65":0,"66":0,"67":0,"68":0,"69":0,"70":0,"71":0,"72":0,"73":0,"74":1,"75":1,"76":1,"77":1,"78":1,"79":1,"80":1,"81":1,"82":1,"83":1,"84":0,"85":0,"86":1,"87":0,"88":0,"89":0,"90":0,"91":0,"92":0,"93":0,"94":0,"95":0,"96":0,"97":0,"98":0,"99":0,"100":0,"101":0,"102":0,"103":0,"104":0,"105":0,"106":0,"107":0,"108":0,"109":0,"110":0,"111":0,"112":0,"113":0,"114":0,"115":0,"116":0,"117":0,"118":0,"119":0,"120":0,"121":0,"122":0,"123":0,"124":0,"125":0,"126":0,"127":0,"128":0,"129":0,"130":0,"131":0,"132":0,"133":0,"134":0,"135":0,"136":0,"137":0,"138":0,"139":0,"140":0,"141":0,"142":0,"143":0,"144":0,"145":0,"146":0,"147":0,"148":0,"149":0,"150":0,"151":0,"152":0,"153":0,"154":0,"155":0,"156":0,"157":0,"158":0,"159":1,"160":1,"161":1,"162":1,"163":1,"164":1,"165":1,"166":0,"167":0,"168":0,"169":0,"170":0,"171":0,"172":0,"173":0,"174":0,"175":0,"176":0,"177":0,"178":0,"179":0,"180":0,"181":0,"182":2,"183":0,"184":2,"185":0,"186":0,"187":0,"188":2,"189":0,"190":0,"191":0,"192":0,"193":0,"194":0,"195":0,"196":2,"197":2,"198":0,"199":2,"200":2,"201":2,"202":2,"203":2,"204":2,"205":0,"206":2,"207":2,"208":0,"209":0,"210":0,"211":0,"212":0,"213":0,"214":0,"215":0,"216":0,"217":0,"218":0,"219":1,"220":1,"221":0,"222":1,"223":0,"224":0,"225":0,"226":0,"227":0,"228":0,"229":0,"230":0,"231":0,"232":0,"233":0,"234":0,"235":0,"236":0,"237":0,"238":0,"239":0,"240":0,"241":1,"242":0,"243":1,"244":0,"245":0,"246":0,"247":0,"248":0,"249":0,"250":0,"251":0,"252":0,"253":0,"254":0,"255":0,"256":0,"257":1,"258":0,"259":1,"260":1,"261":1,"262":1,"263":1,"264":1,"265":1,"266":1,"267":1,"268":1,"269":0,"270":0,"271":0,"272":0,"273":0,"274":0,"275":0,"276":0,"277":0,"278":1,"279":1,"280":1,"281":1,"282":1,"283":1,"284":1,"285":1,"286":1,"287":1,"288":1,"289":1,"290":1,"291":1,"292":1,"293":1,"294":1,"295":0,"296":0,"297":1,"298":1,"299":1,"300":1,"301":1,"302":1,"303":1,"304":1,"305":1,"306":0,"307":0,"308":0,"309":0,"310":0,"311":0,"312":1,"313":0,"314":1,"315":1,"316":1,"317":1,"318":1,"319":1,"320":0,"321":0,"322":0,"323":0,"324":0,"325":0,"326":0,"327":0,"328":0,"329":0,"330":0,"331":0,"332":0,"333":0,"334":0,"335":0,"336":0,"337":0,"338":1,"339":2,"340":2,"341":1,"342":0,"343":0,"344":0,"345":0,"346":1,"347":0,"348":0,"349":1,"350":0,"351":0,"352":0,"353":2,"354":2,"355":2,"356":0,"357":0,"358":2,"359":2,"360":2,"361":2,"362":2,"363":1,"364":1,"365":1,"366":1,"367":1,"368":1,"369":1,"370":1,"371":1,"372":1,"373":1,"374":1,"375":1,"376":1,"377":1,"378":1,"379":1,"380":0,"381":0,"382":0,"383":0,"384":1,"385":1,"386":1,"387":1,"388":1,"389":1,"390":1,"391":1,"392":1},"f":{"0":5,"1":5,"2":7,"3":0,"4":12,"5":7,"6":1,"7":0,"8":1,"9":1,"10":1,"11":0,"12":0,"13":1,"14":1,"15":0,"16":1,"17":0,"18":0,"19":0,"20":0,"21":1,"22":1,"23":0,"24":0,"25":0,"26":0,"27":0,"28":0,"29":0,"30":0,"31":0,"32":0,"33":0,"34":0,"35":0,"36":0,"37":0,"38":0,"39":0,"40":0,"41":0,"42":0,"43":0,"44":0,"45":0,"46":0,"47":1,"48":1,"49":1,"50":0,"51":0,"52":0,"53":0,"54":0,"55":0,"56":0,"57":0,"58":0,"59":2,"60":2,"61":1,"62":1,"63":1,"64":1,"65":0,"66":0,"67":0,"68":0,"69":1,"70":1,"71":1,"72":1,"73":1,"74":1,"75":0,"76":0,"77":0,"78":0,"79":0,"80":0,"81":0,"82":1,"83":2,"84":0,"85":0,"86":0,"87":2,"88":0,"89":1,"90":1,"91":1,"92":1,"93":1,"94":0,"95":1,"96":1},"b":{"0":[1,1,1],"1":[5,5],"2":[5,7],"3":[1],"4":[1,0],"5":[0,0],"6":[0,0],"7":[1,0],"8":[0,0],"9":[1,0],"10":[1,0],"11":[0,0],"12":[0,0],"13":[0,0],"14":[0,0],"15":[0,0],"16":[0,0],"17":[0,0],"18":[0,0],"19":[0,0],"20":[0,0],"21":[0,0],"22":[0,0],"23":[0,0],"24":[0,0],"25":[0,0],"26":[1,0],"27":[0,0],"28":[0,2],"29":[0,2],"30":[2,0],"31":[0,2],"32":[2,0,0],"33":[0,0],"34":[0,2],"35":[2,0],"36":[2,0],"37":[0,2],"38":[0,0],"39":[0,0],"40":[0,0],"41":[0,0,0,0],"42":[0,1],"43":[0,1],"44":[0,0],"45":[0,0],"46":[0,0],"47":[0,0],"48":[0,0],"49":[0,1],"50":[0,1],"51":[0,0],"52":[0,0],"53":[0,0],"54":[0,0],"55":[0,0],"56":[0,1],"57":[0,1],"58":[0,1],"59":[0,0],"60":[0,0],"61":[1],"62":[1,0],"63":[1,0],"64":[0,0],"65":[0,2],"66":[1,1],"67":[2,2],"68":[1,0],"69":[1,0],"70":[0,1],"71":[0,1],"72":[0,0],"73":[0,0],"74":[1,0],"75":[1,0]},"_coverageSchema":"332fd63041d2c1bcb487cc26dd0d5f7d97098a6c","hash":"adea9eed6f2de32a13d39fb62fd0bb37ca6669a9","contentHash":"9750fa7bda973e42e7defa1d609d8aad_10.0.0"},"/home/marvin/Misc/projects/debugadapter/vscode-firefox-debug/out/util/log.js":{"path":"/home/marvin/Misc/projects/debugadapter/vscode-firefox-debug/out/util/log.js","statementMap":{"0":{"start":{"line":2,"column":11},"end":{"line":2,"column":24}},"1":{"start":{"line":4,"column":0},"end":{"line":9,"column":46}},"2":{"start":{"line":5,"column":4},"end":{"line":5,"column":60}},"3":{"start":{"line":6,"column":4},"end":{"line":6,"column":58}},"4":{"start":{"line":7,"column":4},"end":{"line":7,"column":58}},"5":{"start":{"line":8,"column":4},"end":{"line":8,"column":60}},"6":{"start":{"line":12,"column":8},"end":{"line":12,"column":25}},"7":{"start":{"line":13,"column":8},"end":{"line":13,"column":25}},"8":{"start":{"line":14,"column":8},"end":{"line":14,"column":33}},"9":{"start":{"line":17,"column":8},"end":{"line":20,"column":9}},"10":{"start":{"line":18,"column":12},"end":{"line":18,"column":45}},"11":{"start":{"line":19,"column":12},"end":{"line":19,"column":43}},"12":{"start":{"line":21,"column":8},"end":{"line":21,"column":32}},"13":{"start":{"line":22,"column":8},"end":{"line":27,"column":9}},"14":{"start":{"line":23,"column":12},"end":{"line":26,"column":25}},"15":{"start":{"line":24,"column":16},"end":{"line":24,"column":76}},"16":{"start":{"line":28,"column":8},"end":{"line":28,"column":51}},"17":{"start":{"line":28,"column":34},"end":{"line":28,"column":49}},"18":{"start":{"line":31,"column":8},"end":{"line":31,"column":29}},"19":{"start":{"line":34,"column":8},"end":{"line":34,"column":54}},"20":{"start":{"line":37,"column":8},"end":{"line":37,"column":53}},"21":{"start":{"line":40,"column":8},"end":{"line":40,"column":53}},"22":{"start":{"line":43,"column":8},"end":{"line":43,"column":54}},"23":{"start":{"line":46,"column":8},"end":{"line":46,"column":35}},"24":{"start":{"line":47,"column":8},"end":{"line":52,"column":9}},"25":{"start":{"line":48,"column":12},"end":{"line":48,"column":84}},"26":{"start":{"line":49,"column":12},"end":{"line":51,"column":13}},"27":{"start":{"line":50,"column":16},"end":{"line":50,"column":88}},"28":{"start":{"line":53,"column":8},"end":{"line":58,"column":9}},"29":{"start":{"line":54,"column":12},"end":{"line":54,"column":90}},"30":{"start":{"line":55,"column":12},"end":{"line":57,"column":13}},"31":{"start":{"line":56,"column":16},"end":{"line":56,"column":94}},"32":{"start":{"line":59,"column":8},"end":{"line":59,"column":39}},"33":{"start":{"line":60,"column":8},"end":{"line":62,"column":9}},"34":{"start":{"line":61,"column":12},"end":{"line":61,"column":46}},"35":{"start":{"line":65,"column":8},"end":{"line":67,"column":9}},"36":{"start":{"line":66,"column":12},"end":{"line":66,"column":29}},"37":{"start":{"line":68,"column":8},"end":{"line":77,"column":9}},"38":{"start":{"line":70,"column":16},"end":{"line":70,"column":45}},"39":{"start":{"line":72,"column":16},"end":{"line":72,"column":44}},"40":{"start":{"line":74,"column":16},"end":{"line":74,"column":44}},"41":{"start":{"line":76,"column":16},"end":{"line":76,"column":45}},"42":{"start":{"line":80,"column":8},"end":{"line":93,"column":9}},"43":{"start":{"line":81,"column":30},"end":{"line":81,"column":65}},"44":{"start":{"line":82,"column":36},"end":{"line":82,"column":58}},"45":{"start":{"line":83,"column":12},"end":{"line":85,"column":13}},"46":{"start":{"line":84,"column":16},"end":{"line":84,"column":60}},"47":{"start":{"line":86,"column":25},"end":{"line":86,"column":94}},"48":{"start":{"line":87,"column":12},"end":{"line":89,"column":13}},"49":{"start":{"line":88,"column":16},"end":{"line":88,"column":88}},"50":{"start":{"line":90,"column":12},"end":{"line":92,"column":13}},"51":{"start":{"line":91,"column":16},"end":{"line":91,"column":39}},"52":{"start":{"line":96,"column":0},"end":{"line":96,"column":27}},"53":{"start":{"line":97,"column":0},"end":{"line":97,"column":17}},"54":{"start":{"line":98,"column":0},"end":{"line":98,"column":21}},"55":{"start":{"line":99,"column":0},"end":{"line":99,"column":29}},"56":{"start":{"line":100,"column":0},"end":{"line":100,"column":18}}},"fnMap":{"0":{"name":"(anonymous_0)","decl":{"start":{"line":4,"column":1},"end":{"line":4,"column":2}},"loc":{"start":{"line":4,"column":28},"end":{"line":9,"column":1}}},"1":{"name":"(anonymous_1)","decl":{"start":{"line":11,"column":4},"end":{"line":11,"column":5}},"loc":{"start":{"line":11,"column":22},"end":{"line":15,"column":5}}},"2":{"name":"(anonymous_2)","decl":{"start":{"line":16,"column":4},"end":{"line":16,"column":5}},"loc":{"start":{"line":16,"column":33},"end":{"line":29,"column":5}}},"3":{"name":"(anonymous_3)","decl":{"start":{"line":28,"column":25},"end":{"line":28,"column":26}},"loc":{"start":{"line":28,"column":34},"end":{"line":28,"column":49}}},"4":{"name":"(anonymous_4)","decl":{"start":{"line":30,"column":4},"end":{"line":30,"column":5}},"loc":{"start":{"line":30,"column":24},"end":{"line":32,"column":5}}},"5":{"name":"(anonymous_5)","decl":{"start":{"line":33,"column":4},"end":{"line":33,"column":5}},"loc":{"start":{"line":33,"column":15},"end":{"line":35,"column":5}}},"6":{"name":"(anonymous_6)","decl":{"start":{"line":36,"column":4},"end":{"line":36,"column":5}},"loc":{"start":{"line":36,"column":14},"end":{"line":38,"column":5}}},"7":{"name":"(anonymous_7)","decl":{"start":{"line":39,"column":4},"end":{"line":39,"column":5}},"loc":{"start":{"line":39,"column":14},"end":{"line":41,"column":5}}},"8":{"name":"(anonymous_8)","decl":{"start":{"line":42,"column":4},"end":{"line":42,"column":5}},"loc":{"start":{"line":42,"column":15},"end":{"line":44,"column":5}}},"9":{"name":"(anonymous_9)","decl":{"start":{"line":45,"column":4},"end":{"line":45,"column":5}},"loc":{"start":{"line":45,"column":16},"end":{"line":63,"column":5}}},"10":{"name":"(anonymous_10)","decl":{"start":{"line":64,"column":4},"end":{"line":64,"column":5}},"loc":{"start":{"line":64,"column":30},"end":{"line":78,"column":5}}},"11":{"name":"(anonymous_11)","decl":{"start":{"line":79,"column":4},"end":{"line":79,"column":5}},"loc":{"start":{"line":79,"column":34},"end":{"line":94,"column":5}}},"12":{"name":"(anonymous_12)","decl":{"start":{"line":88,"column":60},"end":{"line":88,"column":61}},"loc":{"start":{"line":88,"column":83},"end":{"line":88,"column":86}}}},"branchMap":{"0":{"loc":{"start":{"line":9,"column":3},"end":{"line":9,"column":44}},"type":"binary-expr","locations":[{"start":{"line":9,"column":3},"end":{"line":9,"column":18}},{"start":{"line":9,"column":23},"end":{"line":9,"column":43}}]},"1":{"loc":{"start":{"line":17,"column":8},"end":{"line":20,"column":9}},"type":"if","locations":[{"start":{"line":17,"column":8},"end":{"line":20,"column":9}},{"start":{"line":17,"column":8},"end":{"line":20,"column":9}}]},"2":{"loc":{"start":{"line":22,"column":8},"end":{"line":27,"column":9}},"type":"if","locations":[{"start":{"line":22,"column":8},"end":{"line":27,"column":9}},{"start":{"line":22,"column":8},"end":{"line":27,"column":9}}]},"3":{"loc":{"start":{"line":47,"column":8},"end":{"line":52,"column":9}},"type":"if","locations":[{"start":{"line":47,"column":8},"end":{"line":52,"column":9}},{"start":{"line":47,"column":8},"end":{"line":52,"column":9}}]},"4":{"loc":{"start":{"line":47,"column":12},"end":{"line":47,"column":57}},"type":"binary-expr","locations":[{"start":{"line":47,"column":12},"end":{"line":47,"column":32}},{"start":{"line":47,"column":36},"end":{"line":47,"column":57}}]},"5":{"loc":{"start":{"line":49,"column":12},"end":{"line":51,"column":13}},"type":"if","locations":[{"start":{"line":49,"column":12},"end":{"line":51,"column":13}},{"start":{"line":49,"column":12},"end":{"line":51,"column":13}}]},"6":{"loc":{"start":{"line":53,"column":8},"end":{"line":58,"column":9}},"type":"if","locations":[{"start":{"line":53,"column":8},"end":{"line":58,"column":9}},{"start":{"line":53,"column":8},"end":{"line":58,"column":9}}]},"7":{"loc":{"start":{"line":55,"column":12},"end":{"line":57,"column":13}},"type":"if","locations":[{"start":{"line":55,"column":12},"end":{"line":57,"column":13}},{"start":{"line":55,"column":12},"end":{"line":57,"column":13}}]},"8":{"loc":{"start":{"line":60,"column":8},"end":{"line":62,"column":9}},"type":"if","locations":[{"start":{"line":60,"column":8},"end":{"line":62,"column":9}},{"start":{"line":60,"column":8},"end":{"line":62,"column":9}}]},"9":{"loc":{"start":{"line":60,"column":12},"end":{"line":60,"column":86}},"type":"binary-expr","locations":[{"start":{"line":60,"column":13},"end":{"line":60,"column":44}},{"start":{"line":60,"column":49},"end":{"line":60,"column":86}}]},"10":{"loc":{"start":{"line":65,"column":8},"end":{"line":67,"column":9}},"type":"if","locations":[{"start":{"line":65,"column":8},"end":{"line":67,"column":9}},{"start":{"line":65,"column":8},"end":{"line":67,"column":9}}]},"11":{"loc":{"start":{"line":68,"column":8},"end":{"line":77,"column":9}},"type":"switch","locations":[{"start":{"line":69,"column":12},"end":{"line":70,"column":45}},{"start":{"line":71,"column":12},"end":{"line":72,"column":44}},{"start":{"line":73,"column":12},"end":{"line":74,"column":44}},{"start":{"line":75,"column":12},"end":{"line":76,"column":45}}]},"12":{"loc":{"start":{"line":80,"column":8},"end":{"line":93,"column":9}},"type":"if","locations":[{"start":{"line":80,"column":8},"end":{"line":93,"column":9}},{"start":{"line":80,"column":8},"end":{"line":93,"column":9}}]},"13":{"loc":{"start":{"line":87,"column":12},"end":{"line":89,"column":13}},"type":"if","locations":[{"start":{"line":87,"column":12},"end":{"line":89,"column":13}},{"start":{"line":87,"column":12},"end":{"line":89,"column":13}}]},"14":{"loc":{"start":{"line":87,"column":16},"end":{"line":87,"column":79}},"type":"binary-expr","locations":[{"start":{"line":87,"column":17},"end":{"line":87,"column":49}},{"start":{"line":87,"column":55},"end":{"line":87,"column":78}}]},"15":{"loc":{"start":{"line":90,"column":12},"end":{"line":92,"column":13}},"type":"if","locations":[{"start":{"line":90,"column":12},"end":{"line":92,"column":13}},{"start":{"line":90,"column":12},"end":{"line":92,"column":13}}]}},"s":{"0":1,"1":1,"2":1,"3":1,"4":1,"5":1,"6":20,"7":20,"8":20,"9":0,"10":0,"11":0,"12":0,"13":0,"14":0,"15":0,"16":0,"17":0,"18":20,"19":99,"20":4,"21":0,"22":0,"23":20,"24":20,"25":0,"26":0,"27":0,"28":20,"29":0,"30":0,"31":0,"32":20,"33":20,"34":0,"35":0,"36":0,"37":0,"38":0,"39":0,"40":0,"41":0,"42":103,"43":0,"44":0,"45":0,"46":0,"47":0,"48":0,"49":0,"50":0,"51":0,"52":1,"53":1,"54":1,"55":1,"56":1},"f":{"0":1,"1":20,"2":0,"3":0,"4":20,"5":99,"6":4,"7":0,"8":0,"9":20,"10":0,"11":103,"12":0},"b":{"0":[1,1],"1":[0,0],"2":[0,0],"3":[0,20],"4":[20,0],"5":[0,0],"6":[0,20],"7":[0,0],"8":[0,20],"9":[20,0],"10":[0,0],"11":[0,0,0,0],"12":[0,103],"13":[0,0],"14":[0,0],"15":[0,0]},"_coverageSchema":"332fd63041d2c1bcb487cc26dd0d5f7d97098a6c","hash":"b4d2390492c4ac0e35b692e5fab3fd14ab6a63fb","contentHash":"d65c8bc58f69ff77eb5fb1af830c88cb_10.0.0"},"/home/marvin/Misc/projects/debugadapter/vscode-firefox-debug/out/util/addon.js":{"path":"/home/marvin/Misc/projects/debugadapter/vscode-firefox-debug/out/util/addon.js","statementMap":{"0":{"start":{"line":2,"column":13},"end":{"line":2,"column":28}},"1":{"start":{"line":3,"column":11},"end":{"line":3,"column":24}},"2":{"start":{"line":4,"column":24},"end":{"line":4,"column":48}},"3":{"start":{"line":5,"column":15},"end":{"line":5,"column":32}},"4":{"start":{"line":6,"column":23},"end":{"line":6,"column":49}},"5":{"start":{"line":7,"column":15},"end":{"line":7,"column":33}},"6":{"start":{"line":9,"column":4},"end":{"line":39,"column":7}},"7":{"start":{"line":10,"column":8},"end":{"line":38,"column":9}},"8":{"start":{"line":13,"column":31},"end":{"line":13,"column":62}},"9":{"start":{"line":14,"column":16},"end":{"line":21,"column":19}},"10":{"start":{"line":15,"column":20},"end":{"line":20,"column":21}},"11":{"start":{"line":16,"column":24},"end":{"line":16,"column":36}},"12":{"start":{"line":19,"column":24},"end":{"line":19,"column":42}},"13":{"start":{"line":22,"column":16},"end":{"line":22,"column":22}},"14":{"start":{"line":24,"column":16},"end":{"l
[...]
line":32,"column":5}}},"9":{"name":"(anonymous_9)","decl":{"start":{"line":33,"column":4},"end":{"line":33,"column":5}},"loc":{"start":{"line":33,"column":15},"end":{"line":35,"column":5}}},"10":{"name":"(anonymous_10)","decl":{"start":{"line":36,"column":4},"end":{"line":36,"column":5}},"loc":{"start":{"line":36,"column":19},"end":{"line":47,"column":5}}},"11":{"name":"(anonymous_11)","decl":{"start":{"line":37,"column":47},"end":{"line":37,"column":48}},"loc":{"start":{"line":37,"column":60},"end":{"line":46,"column":9}}},"12":{"name":"(anonymous_12)","decl":{"start":{"line":48,"column":4},"end":{"line":48,"column":5}},"loc":{"start":{"line":48,"column":28},"end":{"line":57,"column":5}}},"13":{"name":"(anonymous_13)","decl":{"start":{"line":58,"column":4},"end":{"line":58,"column":5}},"loc":{"start":{"line":58,"column":14},"end":{"line":60,"column":5}}},"14":{"name":"(anonymous_14)","decl":{"start":{"line":64,"column":4},"end":{"line":64,"column":5}},"loc":{"start":{"line":64,"column":45},"end":{"line":67,"column":5}}},"15":{"name":"(anonymous_15)","decl":{"start":{"line":68,"column":4},"end":{"line":68,"column":5}},"loc":{"start":{"line":68,"column":22},"end":{"line":70,"column":5}}},"16":{"name":"(anonymous_16)","decl":{"start":{"line":71,"column":4},"end":{"line":71,"column":5}},"loc":{"start":{"line":71,"column":31},"end":{"line":73,"column":5}}},"17":{"name":"(anonymous_17)","decl":{"start":{"line":77,"column":4},"end":{"line":77,"column":5}},"loc":{"start":{"line":77,"column":58},"end":{"line":85,"column":5}}},"18":{"name":"(anonymous_18)","decl":{"start":{"line":86,"column":4},"end":{"line":86,"column":5}},"loc":{"start":{"line":86,"column":22},"end":{"line":88,"column":5}}},"19":{"name":"(anonymous_19)","decl":{"start":{"line":89,"column":4},"end":{"line":89,"column":5}},"loc":{"start":{"line":89,"column":31},"end":{"line":93,"column":5}}},"20":{"name":"(anonymous_20)","decl":{"start":{"line":91,"column":17},"end":{"line":91,"column":18}},"loc":{"start":{"line":91,"column":38},"end":{"line":91,"column":71}}},"21":{"name":"(anonymous_21)","decl":{"start":{"line":92,"column":20},"end":{"line":92,"column":21}},"loc":{"start":{"line":92,"column":44},"end":{"line":92,"column":75}}},"22":{"name":"(anonymous_22)","decl":{"start":{"line":97,"column":4},"end":{"line":97,"column":5}},"loc":{"start":{"line":97,"column":47},"end":{"line":110,"column":5}}},"23":{"name":"(anonymous_23)","decl":{"start":{"line":101,"column":40},"end":{"line":101,"column":41}},"loc":{"start":{"line":101,"column":49},"end":{"line":105,"column":9}}},"24":{"name":"(anonymous_24)","decl":{"start":{"line":111,"column":4},"end":{"line":111,"column":5}},"loc":{"start":{"line":111,"column":22},"end":{"line":113,"column":5}}},"25":{"name":"(anonymous_25)","decl":{"start":{"line":114,"column":4},"end":{"line":114,"column":5}},"loc":{"start":{"line":114,"column":31},"end":{"line":118,"column":5}}},"26":{"name":"(anonymous_26)","decl":{"start":{"line":116,"column":17},"end":{"line":116,"column":18}},"loc":{"start":{"line":116,"column":38},"end":{"line":116,"column":71}}},"27":{"name":"(anonymous_27)","decl":{"start":{"line":117,"column":20},"end":{"line":117,"column":21}},"loc":{"start":{"line":117,"column":44},"end":{"line":117,"column":75}}}},"branchMap":{"0":{"loc":{"start":{"line":2,"column":16},"end":{"line":9,"column":1}},"type":"binary-expr","locations":[{"start":{"line":2,"column":17},"end":{"line":2,"column":21}},{"start":{"line":2,"column":25},"end":{"line":2,"column":39}},{"start":{"line":2,"column":44},"end":{"line":9,"column":1}}]},"1":{"loc":{"start":{"line":3,"column":16},"end":{"line":3,"column":34}},"type":"binary-expr","locations":[{"start":{"line":3,"column":16},"end":{"line":3,"column":17}},{"start":{"line":3,"column":22},"end":{"line":3,"column":33}}]},"2":{"loc":{"start":{"line":6,"column":32},"end":{"line":6,"column":148}},"type":"cond-expr","locations":[{"start":{"line":6,"column":46},"end":{"line":6,"column":67}},{"start":{"line":6,"column":70},"end":{"line":6,"column":148}}]},"3":{"loc":{"start":{"line":24,"column":8},"end":{"line":31,"column":9}},"type":"if","locations":[{"start":{"line":24,"column":8},"end":{"line":31,"column":9}},{"start":{"line":24,"column":8},"end":{"line":31,"column":9}}]},"4":{"loc":{"start":{"line":25,"column":12},"end":{"line":30,"column":13}},"type":"if","locations":[{"start":{"line":25,"column":12},"end":{"line":30,"column":13}},{"start":{"line":25,"column":12},"end":{"line":30,"column":13}}]},"5":{"loc":{"start":{"line":28,"column":17},"end":{"line":30,"column":13}},"type":"if","locations":[{"start":{"line":28,"column":17},"end":{"line":30,"column":13}},{"start":{"line":28,"column":17},"end":{"line":30,"column":13}}]},"6":{"loc":{"start":{"line":39,"column":12},"end":{"line":41,"column":13}},"type":"if","locations":[{"start":{"line":39,"column":12},"end":{"line":41,"column":13}},{"start":{"line":39,"column":12},"end":{"line":41,"column":13}}]},"7":{"loc":{"start":{"line":42,"column":12},"end":{"line":44,"column":13}},"type":"if","locations":[{"start":{"line":42,"column":12},"end":{"line":44,"column":13}},{"start":{"line":42,"column":12},"end":{"line":44,"column":13}}]},"8":{"loc":{"start":{"line":50,"column":8},"end":{"line":52,"column":9}},"type":"if","locations":[{"start":{"line":50,"column":8},"end":{"line":52,"column":9}},{"start":{"line":50,"column":8},"end":{"line":52,"column":9}}]},"9":{"loc":{"start":{"line":50,"column":12},"end":{"line":50,"column":68}},"type":"binary-expr","locations":[{"start":{"line":50,"column":12},"end":{"line":50,"column":29}},{"start":{"line":50,"column":33},"end":{"line":50,"column":68}}]},"10":{"loc":{"start":{"line":53,"column":8},"end":{"line":55,"column":9}},"type":"if","locations":[{"start":{"line":53,"column":8},"end":{"line":55,"column":9}},{"start":{"line":53,"column":8},"end":{"line":55,"column":9}}]},"11":{"loc":{"start":{"line":53,"column":12},"end":{"line":53,"column":80}},"type":"binary-expr","locations":[{"start":{"line":53,"column":12},"end":{"line":53,"column":35}},{"start":{"line":53,"column":39},"end":{"line":53,"column":80}}]}},"s":{"0":1,"1":0,"2":0,"3":0,"4":0,"5":0,"6":0,"7":0,"8":0,"9":0,"10":0,"11":1,"12":1,"13":0,"14":0,"15":0,"16":0,"17":0,"18":0,"19":0,"20":0,"21":0,"22":0,"23":0,"24":0,"25":0,"26":0,"27":0,"28":0,"29":0,"30":0,"31":0,"32":0,"33":0,"34":0,"35":0,"36":0,"37":0,"38":0,"39":1,"40":0,"41":0,"42":0,"43":0,"44":1,"45":0,"46":0,"47":0,"48":0,"49":0,"50":0,"51":0,"52":0,"53":0,"54":0,"55":1,"56":0,"57":0,"58":0,"59":0,"60":0,"61":0,"62":0,"63":0,"64":0,"65":0,"66":0,"67":0,"68":0,"69":1},"f":{"0":0,"1":0,"2":0,"3":0,"4":0,"5":0,"6":0,"7":0,"8":0,"9":0,"10":0,"11":0,"12":0,"13":0,"14":0,"15":0,"16":0,"17":0,"18":0,"19":0,"20":0,"21":0,"22":0,"23":0,"24":0,"25":0,"26":0,"27":0},"b":{"0":[1,1,1],"1":[0,0],"2":[0,0],"3":[0,0],"4":[0,0],"5":[0,0],"6":[0,0],"7":[0,0],"8":[0,0],"9":[0,0],"10":[0,0],"11":[0,0]},"_coverageSchema":"332fd63041d2c1bcb487cc26dd0d5f7d97098a6c","hash":"034af12bf0af8dbccf5712c54e84fccc9f090f79","contentHash":"22abea6d9d4b4802d19dcab96eb6c24e_10.0.0"},"/home/marvin/Misc/projects/debugadapter/vscode-firefox-debug/out/adapter/objectGrip.js":{"path":"/home/marvin/Misc/projects/debugadapter/vscode-firefox-debug/out/adapter/objectGrip.js","statementMap":{"0":{"start":{"line":2,"column":16},"end":{"line":9,"column":1}},"1":{"start":{"line":3,"column":4},"end":{"line":8,"column":7}},"2":{"start":{"line":4,"column":36},"end":{"line":4,"column":97}},"3":{"start":{"line":4,"column":42},"end":{"line":4,"column":70}},"4":{"start":{"line":4,"column":85},"end":{"line":4,"column":95}},"5":{"start":{"line":5,"column":35},"end":{"line":5,"column":100}},"6":{"start":{"line":5,"column":41},"end":{"line":5,"column":73}},"7":{"start":{"line":5,"column":88},"end":{"line":5,"column":98}},"8":{"start":{"line":6,"column":32},"end":{"line":6,"column":149}},"9":{"start":{"line":6,"column":97},"end":{"line":6,"column":119}},"10":{"start":{"line":7,"column":8},"end":{"line":7,"column":72}},"11":{"start":{"line":10,"column":16},"end":{"line":10,"column":34}},"12":{"start":{"line":13,"column":8},"end":{"line":13,"column":27}},"13":{"start":{"line":16,"column":8},"end":{"line":16,"column":43}},"14":{"start":{"line":17,"column":8},"end":{"line":17,"column":93}},"15":{"start":{"line":18,"column":8},"end":{"line":18,"column":47}},"16":{"start":{"line":19,"column":8},"end":{"line":19,"column":72}},"17":{"start":{"line":22,"column":8},"end":{"line":38,"column":11}},"18":{"start":{"line":23,"column":41},"end":{"line":23,"column":87}},"19":{"start":{"line":24,"column":28},"end":{"line":24,"column":30}},"20":{"start":{"line":25,"column":12},"end":{"line":27,"column":13}},"21":{"start":{"line":26,"column":16},"end":{"line":26,"column":178}},"22":{"start":{"line":28,"column":12},"end":{"line":32,"column":13}},"23":{"start":{"line":29,"column":16},"end":{"line":31,"column":17}},"24":{"start":{"line":30,"column":20},"end":{"line":30,"column":192}},"25":{"start":{"line":33,"column":12},"end":{"line":33,"column":61}},"26":{"start":{"line":34,"column":12},"end":{"line":36,"column":13}},"27":{"start":{"line":35,"column":16},"end":{"line":35,"column":155}},"28":{"start":{"line":37,"column":12},"end":{"line":37,"column":29}},"29":{"start":{"line":41,"column":8},"end":{"line":41,"column":74}},"30":{"start":{"line":42,"column":8},"end":{"line":42,"column":29}},"31":{"start":{"line":45,"column":0},"end":{"line":45,"column":46}}},"fnMap":{"0":{"name":"(anonymous_0)","decl":{"start":{"line":2,"column":44},"end":{"line":2,"column":45}},"loc":{"start":{"line":2,"column":89},"end":{"line":9,"column":1}}},"1":{"name":"(anonymous_1)","decl":{"start":{"line":3,"column":36},"end":{"line":3,"column":37}},"loc":{"start":{"line":3,"column":63},"end":{"line":8,"column":5}}},"2":{"name":"fulfilled","decl":{"start":{"line":4,"column":17},"end":{"line":4,"column":26}},"loc":{"start":{"line":4,"column":34},"end":{"line":4,"column":99}}},"3":{"name":"rejected","decl":{"start":{"line":5,"column":17},"end":{"line":5,"column":25}},"loc":{"start":{"line":5,"column":33},"end":{"line":5,"column":102}}},"4":{"name":"step","decl":{"start":{"line":6,"column":17},"end":{"line":6,"column":21}},"loc":{"start":{"line":6,"column":30},"end":{"line":6,"column":151}}},"5":{"name":"(anonymous_5)","decl":{"start":{"line":6,"column":76},"end":{"line":6,"column":77}},"loc":{"start":{"line":6,"column":95},"end":{"line":6,"column":121}}},"6":{"name":"(anonymous_6)","decl":{"start":{"line":12,"column":4},"end":{"line":12,"column":5}},"loc":{"start":{"line":12,"column":16},"end":{"line":14,"column":5}}},"7":{"name":"(anonymous_7)","decl":{"start":{"line":15,"column":4},"end":{"line":15,"column":5}},"loc":{"start":{"line":15,"column":59},"end":{"line":20,"column":5}}},"8":{"name":"(anonymous_8)","decl":{"start":{"line":21,"column":4},"end":{"line":21,"column":5}},"loc":{"start":{"line":21,"column":19},"end":{"line":39,"column":5}}},"9":{"name":"(anonymous_9)","decl":{"start":{"line":22,"column":47},"end":{"line":22,"column":48}},"loc":{"start":{"line":22,"column":60},"end":{"line":38,"column":9}}},"10":{"name":"(anonymous_10)","decl":{"start":{"line":40,"column":4},"end":{"line":40,"column":5}},"loc":{"start":{"line":40,"column":14},"end":{"line":43,"column":5}}}},"branchMap":{"0":{"loc":{"start":{"line":2,"column":16},"end":{"line":9,"column":1}},"type":"binary-expr","locations":[{"start":{"line":2,"column":17},"end":{"line":2,"column":21}},{"start":{"line":2,"column":25},"end":{"line":2,"column":39}},{"start":{"line":2,"column":44},"end":{"line":9,"column":1}}]},"1":{"loc":{"start":{"line":3,"column":16},"end":{"line":3,"column":34}},"type":"binary-expr","locations":[{"start":{"line":3,"column":16},"end":{"line":3,"column":17}},{"start":{"line":3,"column":22},"end":{"line":3,"column":33}}]},"2":{"loc":{"start":{"line":6,"column":32},"end":{"line":6,"column":148}},"type":"cond-expr","locations":[{"start":{"line":6,"column":46},"end":{"line":6,"column":67}},{"start":{"line":6,"column":70},"end":{"line":6,"column":148}}]},"3":{"loc":{"start":{"line":28,"column":12},"end":{"line":32,"column":13}},"type":"if","locations":[{"start":{"line":28,"column":12},"end":{"line":32,"column":13}},{"start":{"line":28,"column":12},"end":{"line":32,"column":13}}]},"4":{"loc":{"start":{"line":34,"column":12},"end":{"line":36,"column":13}},"type":"if","locations":[{"start":{"line":34,"column":12},"end":{"line":36,"column":13}},{"start":{"line":34,"column":12},"end":{"line":36,"column":13}}]}},"s":{"0":1,"1":0,"2":0,"3":0,"4":0,"5":0,"6":0,"7":0,"8":0,"9":0,"10":0,"11":1,"12":0,"13":0,"14":0,"15":0,"16":0,"17":0,"18":0,"19":0,"20":0,"21":0,"22":0,"23":0,"24":0,"25":0,"26":0,"27":0,"28":0,"29":0,"30":0,"31":1},"f":{"0":0,"1":0,"2":0,"3":0,"4":0,"5":0,"6":0,"7":0,"8":0,"9":0,"10":0},"b":{"0":[1,1,1],"1":[0,0],"2":[0,0],"3":[0,0],"4":[0,0]},"_coverageSchema":"332fd63041d2c1bcb487cc26dd0d5f7d97098a6c","hash":"fb3ea4c56df8273e7621f75b3c4247f26be47085","contentHash":"5fc4efd6fe5aa8084dfa100cb7b67c9f_10.0.0"},"/home/marvin/Misc/projects/debugadapter/vscode-firefox-debug/out/adapter/variable.js":{"path":"/home/marvin/Misc/projects/debugadapter/vscode-firefox-debug/out/adapter/variable.js","statementMap":{"0":{"start":{"line":2,"column":14},"end":{"line":2,"column":36}},"1":{"start":{"line":3,"column":30},"end":{"line":3,"column":60}},"2":{"start":{"line":4,"column":10},"end":{"line":4,"column":45}},"3":{"start":{"line":7,"column":8},"end":{"line":7,"column":31}},"4":{"start":{"line":8,"column":8},"end":{"line":8,"column":27}},"5":{"start":{"line":9,"column":8},"end":{"line":9,"column":52}},"6":{"start":{"line":12,"column":8},"end":{"line":12,"column":159}},"7":{"start":{"line":15,"column":8},"end":{"line":15,"column":39}},"8":{"start":{"line":18,"column":8},"end":{"line":46,"column":9}},"9":{"start":{"line":19,"column":12},"end":{"line":19,"column":65}},"10":{"start":{"line":21,"column":13},"end":{"line":46,"column":9}},"11":{"start":{"line":22,"column":12},"end":{"line":22,"column":61}},"12":{"start":{"line":25,"column":12},"end":{"line":45,"column":13}},"13":{"start":{"line":32,"column":20},"end":{"line":32,"column":67}},"14":{"start":{"line":34,"column":20},"end":{"line":34,"column":70}},"15":{"start":{"line":36,"column":20},"end":{"line":36,"column":67}},"16":{"start":{"line":38,"column":37},"end":{"line":38,"column":41}},"17":{"start":{"line":39,"column":34},"end":{"line":39,"column":50}},"18":{"start":{"line":40,"column":44},"end":{"line":40,"column":114}},"19":{"start":{"line":41,"column":20},"end":{"line":41,"column":84}},"20":{"start":{"line":43,"column":20},"end":{"line":43,"column":101}},"21":{"start":{"line":44,"column":20},"end":{"line":44,"column":67}},"22":{"start":{"line":49,"column":8},"end":{"line":54,"column":9}},"23":{"start":{"line":50,"column":12},"end":{"line":50,"column":110}},"24":{"start":{"line":53,"column":12},"end":{"line":53,"column":61}},"25":{"start":{"line":57,"column":8},"end":{"line":57,"column":119}},"26":{"start":{"line":60,"column":8},"end":{"line":60,"column":99}},"27":{"start":{"line":60,"column":39},"end":{"line":60,"column":97}},"28":{"start":{"line":63,"column":8},"end":{"line":71,"column":9}},"29":{"start":{"line":64,"column":12},"end":{"line":64,"column":22}},"30":{"start":{"line":66,"column":13},"end":{"line":71,"column":9}},"31":{"start":{"line":67,"column":12},"end":{"line":67,"column":21}},"32":{"start":{"line":70,"column":12},"end":{"line":70,"column":21}},"33":{"start":{"line":74,"column":0},"end":{"line":74,"column":42}}},"fnMap":{"0":{"name":"(anonymous_0)","decl":{"start":{"line":6,"column":4},"end":{"line":6,"column":5}},"loc":{"start":{"line":6,"column":51},"end":{"line":10,"column":5}}},"1":{"name":"(anonymous_1)","decl":{"start":{"line":11,"column":4},"end":{"line":11,"column":5}},"loc":{"start":{"line":11,"column":18},"end":{"line":13,"column":5}}},"2":{"name":"(anonymous_2)","decl":{"start":{"line":14,"column":4},"end":{"line":14,"column":5}},"loc":{"start":{"line":14,"column":28},"end":{"line":16,"column":5}}},"3":{"name":"(anonymous_3)","decl":{"start":{"line":17,"column":4},"end":{"line":17,"column":5}},"loc":{"start":{"line":17,"column":66},"end":{"line":47,"column":5}}},"4":{"name":"(anonymous_4)","decl":{"start":{"line":48,"column":4},"end":{"line":48,"column":5}},"loc":{"start":{"line":48,"column":94},"end":{"line":55,"column":5}}},"5":{"name":"(anonymous_5)","decl":{"start":{"line":56,"column":4},"end":{"line":56,"column":5}},"loc":{"start":{"line":56,"column":108},"end":{"line":58,"column":5}}},"6":{"name":"(anonymous_6)","decl":{"start":{"line":59,"column":4},"end":{"line":59,"column":5}},"loc":{"start":{"line":59,"column":36},"end":{"line":61,"column":5}}},"7":{"name":"(anonymous_7)","decl":{"start":{"line":60,"column":23},"end":{"line":60,"column":24}},"loc":{"start":{"line":60,"column":39},"end":{"line":60,"column":97}}},"8":{"name":"(anonymous_8)","decl":{"start":{"line":62,"column":4},"end":{"line":62,"column":5}},"loc":{"start":{"line":62,"column":34},"end":{"line":72,"column":5}}}},"branchMap":{"0":{"loc":{"start":{"line":12,"column":76},"end":{"line":12,"column":157}},"type":"cond-expr","locations":[{"start":{"line":12,"column":102},"end":{"line":12,"column":145}},{"start":{"line":12,"column":148},"end":{"line":12,"column":157}}]},"1":{"loc":{"start":{"line":18,"column":8},"end":{"line":46,"column":9}},"type":"if","locations":[{"start":{"line":18,"column":8},"end":{"line":46,"column":9}},{"start":{"line":18,"column":8},"end":{"line":46,"column":9}}]},"2":{"loc":{"start":{"line":18,"column":12},"end":{"line":18,"column":69}},"type":"binary-expr","locations":[{"start":{"line":18,"column":13},"end":{"line":18,"column":38}},{"start":{"line":18,"column":44},"end":{"line":18,"column":68}}]},"3":{"loc":{"start":{"line":21,"column":13},"end":{"line":46,"column":9}},"type":"if","locations":[{"start":{"line":21,"column":13},"end":{"line":46,"column":9}},{"start":{"line":21,"column":13},"end":{"line":46,"column":9}}]},"4":{"loc":{"start":{"line":25,"column":12},"end":{"line":45,"column":13}},"type":"switch","locations":[{"start":{"line":26,"column":16},"end":{"line":26,"column":28}},{"start":{"line":27,"column":16},"end":{"line":27,"column":33}},{"start":{"line":28,"column":16},"end":{"line":28,"column":32}},{"start":{"line":29,"column":16},"end":{"line":29,"column":33}},{"start":{"line":30,"column":16},"end":{"line":30,"column":27}},{"start":{"line":31,"column":16},"end":{"line":32,"column":67}},{"start":{"line":33,"column":16},"end":{"line":34,"column":70}},{"start":{"line":35,"column":16},"end":{"line":36,"column":67}},{"start":{"line":37,"column":16},"end":{"line":41,"column":84}},{"start":{"line":42,"column":16},"end":{"line":44,"column":67}}]},"5":{"loc":{"start":{"line":49,"column":8},"end":{"line":54,"column":9}},"type":"if","locations":[{"start":{"line":49,"column":8},"end":{"line":54,"column":9}},{"start":{"line":49,"column":8},"end":{"line":54,"column":9}}]},"6":{"loc":{"start":{"line":63,"column":8},"end":{"line":71,"column":9}},"type":"if","locations":[{"start":{"line":63,"column":8},"end":{"line":71,"column":9}},{"start":{"line":63,"column":8},"end":{"line":71,"column":9}}]},"7":{"loc":{"start":{"line":66,"column":13},"end":{"line":71,"column":9}},"type":"if","locations":[{"start":{"line":66,"column":13},"end":{"line":71,"column":9}},{"start":{"line":66,"column":13},"end":{"line":71,"column":9}}]}},"s":{"0":1,"1":1,"2":1,"3":0,"4":0,"5":0,"6":0,"7":0,"8":0,"9":0,"10":0,"11":0,"12":0,"13":0,"14":0,"15":0,"16":0,"17":0,"18":0,"19":0,"20":0,"21":0,"22":0,"23":0,"24":0,"25":0,"26":0,"27":0,"28":0,"29":0,"30":0,"31":0,"32":0,"33":1},"f":{"0":0,"1":0,"2":0,"3":0,"4":0,"5":0,"6":0,"7":0,"8":0},"b":{"0":[0,0],"1":[0,0],"2":[0,0],"3":[0,0],"4":[0,0,0,0,0,0,0,0,0,0],"5":[0,0],"6":[0,0],"7":[0,0]},"_coverageSchema":"332fd63041d2c1bcb487cc26dd0d5f7d97098a6c","hash":"d6b2ec31cb0cc12b2ddc389e2d5bcec55740436a","contentHash":"dce97bba908a10058e8714bd1c17bfe9_10.0.0"}}