TN:
SF:/home/marvin/Misc/projects/debugadapter/vscode-firefox-debug/src/debugAdapterBase.ts
FN:6,(anonymous_6)
FN:28,(anonymous_7)
FN:29,(anonymous_8)
FN:32,(anonymous_9)
FN:33,(anonymous_10)
FN:36,(anonymous_11)
FN:37,(anonymous_12)
FN:40,(anonymous_13)
FN:41,(anonymous_14)
FN:44,(anonymous_15)
FN:45,(anonymous_16)
FN:48,(anonymous_17)
FN:49,(anonymous_18)
FN:52,(anonymous_19)
FN:53,(anonymous_20)
FN:56,(anonymous_21)
FN:57,(anonymous_22)
FN:60,(anonymous_23)
FN:61,(anonymous_24)
FN:64,(anonymous_25)
FN:65,(anonymous_26)
FN:68,(anonymous_27)
FN:69,(anonymous_28)
FN:72,(anonymous_29)
FN:73,(anonymous_30)
FN:76,(anonymous_31)
FN:77,(anonymous_32)
FN:80,(anonymous_33)
FN:81,(anonymous_34)
FN:84,(anonymous_35)
FN:85,(anonymous_36)
FN:88,(anonymous_37)
FN:89,(anonymous_38)
FN:92,(anonymous_39)
FN:93,(anonymous_40)
FN:96,(anonymous_41)
FN:106,(anonymous_42)
FNF:37
FNH:31
FNDA:33,(anonymous_6)
FNDA:33,(anonymous_7)
FNDA:33,(anonymous_8)
FNDA:33,(anonymous_9)
FNDA:33,(anonymous_10)
FNDA:33,(anonymous_11)
FNDA:33,(anonymous_12)
FNDA:0,(anonymous_13)
FNDA:0,(anonymous_14)
FNDA:29,(anonymous_15)
FNDA:29,(anonymous_16)
FNDA:39,(anonymous_17)
FNDA:39,(anonymous_18)
FNDA:0,(anonymous_19)
FNDA:0,(anonymous_20)
FNDA:1,(anonymous_21)
FNDA:1,(anonymous_22)
FNDA:3,(anonymous_23)
FNDA:3,(anonymous_24)
FNDA:8,(anonymous_25)
FNDA:8,(anonymous_26)
FNDA:4,(anonymous_27)
FNDA:4,(anonymous_28)
FNDA:2,(anonymous_29)
FNDA:2,(anonymous_30)
FNDA:0,(anonymous_31)
FNDA:0,(anonymous_32)
FNDA:28,(anonymous_33)
FNDA:28,(anonymous_34)
FNDA:10,(anonymous_35)
FNDA:10,(anonymous_36)
FNDA:19,(anonymous_37)
FNDA:19,(anonymous_38)
FNDA:48,(anonymous_39)
FNDA:48,(anonymous_40)
FNDA:82,(anonymous_41)
FNDA:208,(anonymous_42)
DA:2,33
DA:4,33
DA:7,33
DA:29,33
DA:33,33
DA:37,33
DA:41,0
DA:45,29
DA:49,39
DA:53,0
DA:57,1
DA:61,3
DA:65,8
DA:69,4
DA:73,2
DA:77,0
DA:81,28
DA:85,10
DA:89,19
DA:93,48
DA:97,82
DA:98,82
DA:100,0
DA:101,0
DA:103,82
DA:107,208
DA:108,208
DA:110,0
DA:111,0
DA:113,206
LF:30
LH:23
BRDA:6,0,0,0
BRF:1
BRH:0
end_of_record
TN:
SF:/home/marvin/Misc/projects/debugadapter/vscode-firefox-debug/src/firefoxDebugAdapter.ts
FN:50,(anonymous_6)
FN:56,(anonymous_7)
FN:62,(anonymous_8)
FN:83,(anonymous_9)
FN:93,(anonymous_11)
FN:101,(anonymous_13)
FN:106,(anonymous_14)
FN:115,(anonymous_15)
FN:117,(anonymous_16)
FN:119,(anonymous_17)
FN:122,(anonymous_18)
FN:132,(anonymous_19)
FN:137,(anonymous_20)
FN:157,(anonymous_21)
FN:168,(anonymous_22)
FN:179,(anonymous_23)
FN:183,(anonymous_24)
FN:193,(anonymous_26)
FN:197,(anonymous_28)
FN:201,(anonymous_30)
FN:205,(anonymous_32)
FN:210,(anonymous_34)
FN:233,(anonymous_36)
FN:238,(anonymous_37)
FN:245,(anonymous_38)
FN:250,(anonymous_40)
FN:255,(anonymous_41)
FN:262,(anonymous_42)
FN:267,(anonymous_43)
FN:279,(anonymous_45)
FN:330,(anonymous_47)
FN:334,(anonymous_49)
FN:343,(anonymous_50)
FN:349,(anonymous_51)
FN:353,(anonymous_52)
FN:359,(anonymous_53)
FN:363,(anonymous_54)
FN:364,(anonymous_55)
FN:368,(anonymous_56)
FN:369,(anonymous_57)
FN:373,(anonymous_58)
FN:381,(anonymous_59)
FN:408,(anonymous_60)
FN:454,(anonymous_61)
FN:530,(anonymous_63)
FN:535,(anonymous_64)
FN:545,(anonymous_65)
FN:548,(anonymous_67)
FN:558,(anonymous_68)
FN:566,(anonymous_69)
FN:573,(anonymous_70)
FN:577,(anonymous_71)
FN:581,(anonymous_72)
FN:591,(anonymous_73)
FN:615,(anonymous_75)
FN:615,(anonymous_76)
FN:628,(anonymous_77)
FN:639,(anonymous_78)
FN:656,(anonymous_79)
FN:674,(anonymous_81)
FN:680,(anonymous_82)
FN:682,(anonymous_83)
FN:687,(anonymous_84)
FN:694,(anonymous_85)
FN:699,(anonymous_86)
FN:706,(anonymous_87)
FN:713,(anonymous_88)
FN:728,(anonymous_89)
FN:735,(anonymous_90)
FN:739,(anonymous_91)
FN:753,(anonymous_92)
FN:755,(anonymous_93)
FN:764,(anonymous_94)
FN:776,(anonymous_95)
FNF:74
FNH:63
FNDA:33,(anonymous_6)
FNDA:0,(anonymous_7)
FNDA:33,(anonymous_8)
FNDA:33,(anonymous_9)
FNDA:0,(anonymous_11)
FNDA:29,(anonymous_13)
FNDA:29,(anonymous_14)
FNDA:2,(anonymous_15)
FNDA:29,(anonymous_16)
FNDA:27,(anonymous_17)
FNDA:23,(anonymous_18)
FNDA:23,(anonymous_19)
FNDA:23,(anonymous_20)
FNDA:6,(anonymous_21)
FNDA:39,(anonymous_22)
FNDA:5,(anonymous_23)
FNDA:0,(anonymous_24)
FNDA:1,(anonymous_26)
FNDA:3,(anonymous_28)
FNDA:8,(anonymous_30)
FNDA:4,(anonymous_32)
FNDA:2,(anonymous_34)
FNDA:0,(anonymous_36)
FNDA:0,(anonymous_37)
FNDA:28,(anonymous_38)
FNDA:108,(anonymous_40)
FNDA:10,(anonymous_41)
FNDA:34,(anonymous_42)
FNDA:19,(anonymous_43)
FNDA:48,(anonymous_45)
FNDA:33,(anonymous_47)
FNDA:36,(anonymous_49)
FNDA:656,(anonymous_50)
FNDA:213,(anonymous_51)
FNDA:216,(anonymous_52)
FNDA:42,(anonymous_53)
FNDA:282,(anonymous_54)
FNDA:282,(anonymous_55)
FNDA:1,(anonymous_56)
FNDA:1,(anonymous_57)
FNDA:44,(anonymous_58)
FNDA:303,(anonymous_59)
FNDA:300,(anonymous_60)
FNDA:33,(anonymous_61)
FNDA:36,(anonymous_63)
FNDA:33,(anonymous_64)
FNDA:4,(anonymous_65)
FNDA:22,(anonymous_67)
FNDA:0,(anonymous_68)
FNDA:39,(anonymous_69)
FNDA:39,(anonymous_70)
FNDA:33,(anonymous_71)
FNDA:33,(anonymous_72)
FNDA:41,(anonymous_73)
FNDA:1,(anonymous_75)
FNDA:1,(anonymous_76)
FNDA:1,(anonymous_77)
FNDA:0,(anonymous_78)
FNDA:1,(anonymous_79)
FNDA:0,(anonymous_81)
FNDA:38,(anonymous_82)
FNDA:238,(anonymous_83)
FNDA:38,(anonymous_84)
FNDA:0,(anonymous_85)
FNDA:0,(anonymous_86)
FNDA:238,(anonymous_87)
FNDA:0,(anonymous_88)
FNDA:6,(anonymous_89)
FNDA:6,(anonymous_90)
FNDA:6,(anonymous_91)
FNDA:39,(anonymous_92)
FNDA:38,(anonymous_93)
FNDA:4,(anonymous_94)
FNDA:33,(anonymous_95)
DA:1,33
DA:2,33
DA:5,33
DA:7,33
DA:8,33
DA:10,33
DA:11,33
DA:12,33
DA:13,33
DA:16,33
DA:17,33
DA:18,33
DA:20,33
DA:26,33
DA:32,33
DA:33,33
DA:35,33
DA:36,33
DA:37,33
DA:39,33
DA:40,33
DA:42,33
DA:43,33
DA:45,33
DA:46,33
DA:48,33
DA:51,33
DA:53,33
DA:55,33
DA:56,33
DA:57,0
DA:63,33
DA:85,33
DA:87,33
DA:89,33
DA:90,33
DA:95,0
DA:97,0
DA:98,0
DA:102,29
DA:103,29
DA:105,29
DA:106,29
DA:113,29
DA:114,29
DA:115,2
DA:117,29
DA:119,29
DA:121,27
DA:122,27
DA:124,23
DA:126,23
DA:129,23
DA:131,23
DA:134,23
DA:135,23
DA:139,23
DA:140,23
DA:141,23
DA:147,23
DA:153,29
DA:154,6
DA:156,6
DA:159,6
DA:160,6
DA:161,6
DA:169,39
DA:171,39
DA:173,39
DA:174,32
DA:175,7
DA:176,2
DA:179,39
DA:180,5
DA:185,0
DA:186,0
DA:188,0
DA:189,0
DA:190,0
DA:194,1
DA:198,3
DA:202,8
DA:206,4
DA:207,4
DA:212,2
DA:213,2
DA:214,0
DA:217,2
DA:219,2
DA:221,1
DA:225,1
DA:226,1
DA:227,1
DA:228,1
DA:235,0
DA:237,0
DA:238,0
DA:239,0
DA:242,0
DA:248,28
DA:250,108
DA:252,28
DA:257,10
DA:258,10
DA:259,0
DA:262,34
DA:264,10
DA:269,19
DA:270,19
DA:271,0
DA:274,19
DA:276,19
DA:283,48
DA:285,6
DA:286,0
DA:289,6
DA:290,6
DA:291,0
DA:294,6
DA:295,6
DA:297,6
DA:302,42
DA:303,42
DA:304,42
DA:305,42
DA:309,42
DA:310,0
DA:313,42
DA:314,42
DA:315,6
DA:316,6
DA:317,6
DA:321,42
DA:324,46
DA:332,33
DA:333,33
DA:334,33
DA:335,36
DA:338,33
DA:340,33
DA:344,656
DA:345,656
DA:346,656
DA:350,213
DA:354,216
DA:355,216
DA:356,216
DA:360,42
DA:364,282
DA:365,282
DA:369,1
DA:370,1
DA:374,44
DA:375,44
DA:376,0
DA:378,44
DA:382,303
DA:384,303
DA:386,3
DA:387,3
DA:388,3
DA:390,300
DA:392,0
DA:393,0
DA:395,0
DA:397,0
DA:398,0
DA:399,0
DA:402,300
DA:406,33
DA:409,300
DA:411,201
DA:413,286
DA:415,286
DA:417,276
DA:419,118
DA:420,118
DA:421,0
DA:424,118
DA:425,118
DA:430,10
DA:431,10
DA:433,4
DA:434,4
DA:435,0
DA:438,4
DA:439,4
DA:444,79
DA:446,79
DA:448,0
DA:451,79
DA:456,33
DA:457,0
DA:460,33
DA:462,2
DA:463,0
DA:466,2
DA:470,2
DA:471,2
DA:473,2
DA:475,1
DA:476,1
DA:477,1
DA:478,0
DA:480,1
DA:482,1
DA:484,1
DA:485,1
DA:486,1
DA:487,0
DA:489,1
DA:490,1
DA:494,31
DA:496,0
DA:498,31
DA:500,0
DA:501,0
DA:502,0
DA:503,0
DA:506,0
DA:507,0
DA:508,0
DA:511,0
DA:512,0
DA:513,0
DA:515,0
DA:516,0
DA:519,0
DA:521,31
DA:523,0
DA:527,33
DA:529,33
DA:530,36
DA:532,33
DA:537,33
DA:538,33
DA:539,33
DA:541,33
DA:543,33
DA:545,2
DA:547,2
DA:548,2
DA:549,22
DA:550,2
DA:557,2
DA:558,0
DA:559,0
DA:566,33
DA:567,39
DA:568,39
DA:569,39
DA:570,39
DA:573,33
DA:574,39
DA:577,33
DA:578,33
DA:581,33
DA:582,33
DA:583,33
DA:584,33
DA:588,33
DA:595,41
DA:596,41
DA:598,1
DA:599,1
DA:602,37
DA:604,37
DA:605,37
DA:606,35
DA:608,37
DA:610,37
DA:612,37
DA:614,35
DA:615,35
DA:617,1
DA:619,1
DA:621,1
DA:622,1
DA:624,0
DA:628,35
DA:629,35
DA:632,37
DA:634,37
DA:636,35
DA:637,35
DA:639,35
DA:640,0
DA:641,0
DA:649,2
DA:650,2
DA:652,2
DA:658,1
DA:659,1
DA:661,1
DA:663,1
DA:664,1
DA:667,1
DA:669,1
DA:671,1
DA:672,1
DA:674,1
DA:675,0
DA:676,0
DA:682,38
DA:683,238
DA:684,238
DA:687,38
DA:688,38
DA:689,38
DA:690,38
DA:691,38
DA:694,38
DA:695,0
DA:696,0
DA:699,38
DA:700,0
DA:701,0
DA:702,0
DA:708,238
DA:709,238
DA:711,238
DA:713,0
DA:717,238
DA:718,238
DA:719,238
DA:720,238
DA:724,238
DA:726,6
DA:728,6
DA:730,6
DA:733,6
DA:735,6
DA:737,6
DA:739,6
DA:741,6
DA:742,6
DA:743,6
DA:746,6
DA:755,39
DA:756,38
DA:758,38
DA:760,38
DA:761,38
DA:764,39
DA:765,4
DA:767,4
DA:768,4
DA:769,4
DA:773,39
DA:777,33
DA:778,33
DA:779,33
DA:780,33
DA:781,33
DA:787,33
LF:355
LH:293
BRDA:50,0,0,33
BRDA:55,1,0,33
BRDA:55,1,1,0
BRDA:97,2,0,0
BRDA:97,2,1,0
BRDA:97,3,0,0
BRDA:97,3,1,0
BRDA:102,4,0,29
BRDA:102,4,1,0
BRDA:129,5,0,23
BRDA:129,5,1,0
BRDA:153,6,0,6
BRDA:153,6,1,23
BRDA:173,7,0,32
BRDA:173,7,1,7
BRDA:175,8,0,2
BRDA:175,8,1,5
BRDA:185,9,0,0
BRDA:185,9,1,0
BRDA:213,10,0,0
BRDA:213,10,1,2
BRDA:219,11,0,1
BRDA:219,11,1,1
BRDA:248,12,0,28
BRDA:248,12,1,28
BRDA:248,13,0,28
BRDA:248,13,1,28
BRDA:258,14,0,0
BRDA:258,14,1,10
BRDA:270,15,0,0
BRDA:270,15,1,19
BRDA:283,16,0,6
BRDA:283,16,1,42
BRDA:285,17,0,0
BRDA:285,17,1,6
BRDA:290,18,0,0
BRDA:290,18,1,6
BRDA:303,19,0,42
BRDA:303,19,1,0
BRDA:309,20,0,0
BRDA:309,20,1,42
BRDA:314,21,0,6
BRDA:314,21,1,36
BRDA:316,22,0,6
BRDA:316,22,1,0
BRDA:333,23,0,33
BRDA:333,23,1,0
BRDA:375,24,0,0
BRDA:375,24,1,44
BRDA:382,25,0,0
BRDA:382,25,1,303
BRDA:384,26,0,3
BRDA:384,26,1,300
BRDA:384,27,0,303
BRDA:384,27,1,3
BRDA:390,28,0,0
BRDA:390,28,1,300
BRDA:390,29,0,300
BRDA:390,29,1,0
BRDA:390,29,2,0
BRDA:393,30,0,0
BRDA:393,30,1,0
BRDA:409,31,0,99
BRDA:409,31,1,201
BRDA:415,32,0,276
BRDA:415,32,1,10
BRDA:417,33,0,118
BRDA:417,33,1,158
BRDA:420,34,0,0
BRDA:420,34,1,118
BRDA:431,35,0,4
BRDA:431,35,1,6
BRDA:434,36,0,0
BRDA:434,36,1,4
BRDA:444,37,0,79
BRDA:444,37,1,0
BRDA:444,38,0,79
BRDA:444,38,1,0
BRDA:444,38,2,0
BRDA:444,38,3,0
BRDA:456,39,0,0
BRDA:456,39,1,33
BRDA:460,40,0,2
BRDA:460,40,1,31
BRDA:462,41,0,0
BRDA:462,41,1,2
BRDA:473,42,0,1
BRDA:473,42,1,1
BRDA:477,43,0,0
BRDA:477,43,1,1
BRDA:482,44,0,1
BRDA:482,44,1,0
BRDA:486,45,0,0
BRDA:486,45,1,1
BRDA:494,46,0,0
BRDA:494,46,1,31
BRDA:498,47,0,0
BRDA:498,47,1,31
BRDA:500,48,0,0
BRDA:500,48,1,0
BRDA:502,49,0,0
BRDA:502,49,1,0
BRDA:507,50,0,0
BRDA:507,50,1,0
BRDA:512,51,0,0
BRDA:512,51,1,0
BRDA:515,52,0,0
BRDA:515,52,1,0
BRDA:521,53,0,0
BRDA:521,53,1,31
BRDA:527,54,0,0
BRDA:527,54,1,33
BRDA:543,55,0,2
BRDA:543,55,1,31
BRDA:549,56,0,2
BRDA:549,56,1,20
BRDA:557,57,0,0
BRDA:557,57,1,2
BRDA:592,58,0,39
BRDA:605,59,0,35
BRDA:605,59,1,2
BRDA:612,60,0,35
BRDA:612,60,1,2
BRDA:649,61,0,2
BRDA:649,61,1,0
BRDA:711,62,0,0
BRDA:711,62,1,238
BRDA:724,63,0,6
BRDA:724,63,1,232
BRDA:724,64,0,238
BRDA:724,64,1,71
BRDA:726,65,0,6
BRDA:726,65,1,0
BRDA:733,66,0,6
BRDA:733,66,1,0
BRDA:758,67,0,1
BRDA:758,67,1,37
BRDA:759,68,0,1
BRDA:759,68,1,36
BRDA:767,69,0,4
BRDA:767,69,1,0
BRDA:768,70,0,4
BRDA:768,70,1,0
BRDA:777,71,0,33
BRDA:777,71,1,0
BRDA:779,72,0,33
BRDA:779,72,1,0
BRF:147
BRH:88
end_of_record
TN:
SF:/home/marvin/Misc/projects/debugadapter/vscode-firefox-debug/src/adapter/breakpoints.ts
FN:9,(anonymous_0)
FN:19,(anonymous_1)
FN:23,(anonymous_2)
FN:31,(anonymous_3)
FN:35,(anonymous_4)
FN:43,(anonymous_5)
FN:61,(anonymous_6)
FN:68,(anonymous_7)
FN:75,(anonymous_8)
FN:85,(anonymous_9)
FN:93,(anonymous_10)
FN:94,(anonymous_11)
FN:105,(anonymous_12)
FN:109,(anonymous_13)
FN:111,(anonymous_14)
FNF:15
FNH:11
FNDA:29,(anonymous_0)
FNDA:29,(anonymous_1)
FNDA:29,(anonymous_2)
FNDA:29,(anonymous_3)
FNDA:29,(anonymous_4)
FNDA:0,(anonymous_5)
FNDA:0,(anonymous_6)
FNDA:29,(anonymous_7)
FNDA:29,(anonymous_8)
FNDA:0,(anonymous_9)
FNDA:29,(anonymous_10)
FNDA:29,(anonymous_11)
FNDA:29,(anonymous_12)
FNDA:29,(anonymous_13)
FNDA:0,(anonymous_14)
DA:1,33
DA:3,33
DA:5,33
DA:7,33
DA:12,29
DA:13,29
DA:14,29
DA:15,0
DA:19,29
DA:20,29
DA:27,29
DA:29,29
DA:31,29
DA:33,29
DA:37,29
DA:39,29
DA:40,29
DA:41,29
DA:43,29
DA:45,0
DA:46,0
DA:47,0
DA:48,0
DA:50,0
DA:51,0
DA:55,0
DA:56,0
DA:57,0
DA:59,0
DA:62,0
DA:68,29
DA:69,29
DA:71,29
DA:77,29
DA:82,29
DA:86,0
DA:91,29
DA:93,29
DA:94,29
DA:95,29
DA:101,29
DA:102,29
DA:108,29
DA:109,29
DA:110,29
DA:111,0
DA:113,29
DA:114,29
DA:117,0
DA:118,0
DA:119,0
DA:123,0
DA:127,33
LF:53
LH:35
BRDA:12,0,0,29
BRDA:12,0,1,0
BRDA:14,1,0,0
BRDA:14,1,1,29
BRDA:48,2,0,0
BRDA:48,2,1,0
BRDA:48,3,0,0
BRDA:48,3,1,0
BRDA:55,4,0,0
BRDA:55,4,1,0
BRDA:69,5,0,29
BRDA:69,5,1,0
BRDA:79,6,0,27
BRDA:79,6,1,2
BRDA:113,7,0,29
BRDA:113,7,1,0
BRDA:118,8,0,0
BRDA:118,8,1,0
BRF:18
BRH:6
end_of_record
TN:
SF:/home/marvin/Misc/projects/debugadapter/vscode-firefox-debug/src/adapter/delayedTask.ts
FN:13,(anonymous_6)
FN:17,(anonymous_7)
FN:24,(anonymous_8)
FN:49,(anonymous_10)
FNF:4
FNH:3
FNDA:207,(anonymous_6)
FNDA:207,(anonymous_7)
FNDA:207,(anonymous_8)
FNDA:0,(anonymous_10)
DA:1,33
DA:3,33
DA:5,33
DA:14,207
DA:15,207
DA:17,207
DA:18,207
DA:19,207
DA:21,207
DA:26,207
DA:27,0
DA:28,0
DA:32,207
DA:33,207
DA:34,207
DA:35,207
DA:37,0
DA:38,0
DA:41,207
DA:42,53
DA:43,53
DA:46,207
DA:51,0
DA:52,0
DA:53,0
DA:56,0
DA:57,0
LF:27
LH:18
BRDA:26,0,0,0
BRDA:26,0,1,207
BRDA:41,1,0,53
BRDA:41,1,1,154
BRDA:51,2,0,0
BRDA:51,2,1,0
BRF:6
BRH:3
end_of_record
TN:
SF:/home/marvin/Misc/projects/debugadapter/vscode-firefox-debug/src/adapter/environment.ts
FN:13,(anonymous_0)
FN:20,(anonymous_1)
FN:35,(anonymous_2)
FN:42,(anonymous_3)
FN:65,(anonymous_4)
FN:69,(anonymous_5)
FN:95,(anonymous_6)
FN:99,(anonymous_7)
FN:124,(anonymous_8)
FN:128,(anonymous_9)
FN:154,(anonymous_10)
FN:158,(anonymous_11)
FNF:12
FNH:12
FNDA:374,(anonymous_0)
FNDA:374,(anonymous_1)
FNDA:108,(anonymous_2)
FNDA:374,(anonymous_3)
FNDA:108,(anonymous_4)
FNDA:108,(anonymous_5)
FNDA:59,(anonymous_6)
FNDA:59,(anonymous_7)
FNDA:51,(anonymous_8)
FNDA:51,(anonymous_9)
FNDA:156,(anonymous_10)
FNDA:156,(anonymous_11)
DA:1,33
DA:3,33
DA:6,33
DA:8,33
DA:14,374
DA:15,374
DA:16,266
DA:21,374
DA:23,108
DA:25,59
DA:27,51
DA:29,156
DA:31,0
DA:37,108
DA:39,108
DA:46,374
DA:47,266
DA:49,108
DA:52,374
DA:53,374
DA:55,374
DA:61,33
DA:66,108
DA:71,108
DA:73,108
DA:75,0
DA:77,108
DA:79,0
DA:83,108
DA:84,108
DA:85,108
DA:91,33
DA:96,59
DA:101,59
DA:103,59
DA:106,59
DA:107,59
DA:111,0
DA:112,0
DA:116,59
DA:120,33
DA:125,51
DA:130,51
DA:132,51
DA:134,0
DA:136,51
DA:138,0
DA:142,51
DA:143,51
DA:144,51
DA:150,33
DA:155,156
DA:160,156
LF:53
LH:46
BRDA:15,0,0,266
BRDA:15,0,1,108
BRDA:22,1,0,108
BRDA:22,1,1,59
BRDA:22,1,2,51
BRDA:22,1,3,156
BRDA:22,1,4,0
BRDA:46,2,0,266
BRDA:46,2,1,108
BRDA:73,3,0,0
BRDA:73,3,1,108
BRDA:73,4,0,108
BRDA:73,4,1,108
BRDA:73,4,2,108
BRDA:77,5,0,0
BRDA:77,5,1,108
BRDA:103,6,0,59
BRDA:103,6,1,0
BRDA:103,7,0,59
BRDA:103,7,1,59
BRDA:103,7,2,59
BRDA:107,8,0,54
BRDA:107,8,1,5
BRDA:132,9,0,0
BRDA:132,9,1,51
BRDA:132,10,0,51
BRDA:132,10,1,51
BRDA:132,10,2,51
BRDA:136,11,0,0
BRDA:136,11,1,51
BRF:30
BRH:24
end_of_record
TN:
SF:/home/marvin/Misc/projects/debugadapter/vscode-firefox-debug/src/adapter/frame.ts
FN:18,(anonymous_0)
FN:28,(anonymous_1)
FN:92,(anonymous_2)
FN:94,(anonymous_3)
FN:97,(anonymous_4)
FNF:5
FNH:5
FNDA:108,(anonymous_0)
FNDA:108,(anonymous_1)
FNDA:108,(anonymous_2)
FNDA:374,(anonymous_3)
FNDA:42,(anonymous_4)
DA:1,33
DA:2,33
DA:3,33
DA:4,33
DA:7,33
DA:9,33
DA:11,33
DA:19,108
DA:20,108
DA:21,108
DA:23,108
DA:24,108
DA:25,108
DA:30,108
DA:31,108
DA:33,108
DA:34,108
DA:36,108
DA:37,65
DA:38,65
DA:41,108
DA:42,21
DA:43,21
DA:44,21
DA:48,108
DA:49,108
DA:50,0
DA:53,108
DA:56,108
DA:59,68
DA:60,68
DA:63,68
DA:64,68
DA:68,0
DA:69,0
DA:72,68
DA:75,19
DA:76,19
DA:80,21
DA:81,21
DA:84,0
DA:85,0
DA:86,0
DA:89,108
DA:93,108
DA:94,374
DA:98,42
LF:47
LH:41
BRDA:36,0,0,65
BRDA:36,0,1,43
BRDA:37,1,0,65
BRDA:37,1,1,11
BRDA:41,2,0,21
BRDA:41,2,1,87
BRDA:43,3,0,21
BRDA:43,3,1,0
BRDA:49,4,0,0
BRDA:49,4,1,108
BRDA:58,5,0,68
BRDA:58,5,1,19
BRDA:58,5,2,21
BRDA:58,5,3,21
BRDA:58,5,4,0
BRDA:60,6,0,68
BRDA:60,6,1,0
BRDA:60,7,0,68
BRDA:60,7,1,68
BRDA:60,7,2,68
BRDA:64,8,0,59
BRDA:64,8,1,9
BRF:22
BRH:18
end_of_record
TN:
SF:/home/marvin/Misc/projects/debugadapter/vscode-firefox-debug/src/adapter/index.ts
FNF:0
FNH:0
DA:1,33
DA:2,33
DA:3,33
DA:4,33
DA:5,33
DA:6,33
DA:7,33
DA:8,33
DA:9,33
LF:9
LH:9
BRF:0
BRH:0
end_of_record
TN:
SF:/home/marvin/Misc/projects/debugadapter/vscode-firefox-debug/src/adapter/misc.ts
FN:16,(anonymous_0)
FN:24,(anonymous_1)
FN:28,(anonymous_2)
FN:32,(anonymous_3)
FN:36,(anonymous_4)
FN:39,(anonymous_5)
FN:48,(anonymous_6)
FNF:7
FNH:7
FNDA:238,(anonymous_0)
FNDA:29,(anonymous_1)
FNDA:29,(anonymous_2)
FNDA:29,(anonymous_3)
FNDA:29,(anonymous_4)
FNDA:29,(anonymous_5)
FNDA:29,(anonymous_6)
DA:5,33
DA:17,238
DA:18,238
DA:19,238
DA:20,238
DA:21,238
DA:25,29
DA:29,29
DA:33,29
DA:37,29
DA:38,29
DA:39,29
DA:43,33
DA:49,29
DA:50,29
LF:15
LH:15
BRF:0
BRH:0
end_of_record
TN:
SF:/home/marvin/Misc/projects/debugadapter/vscode-firefox-debug/src/adapter/objectGrip.ts
FN:10,(anonymous_6)
FN:16,(anonymous_7)
FN:29,(anonymous_8)
FN:57,(anonymous_10)
FNF:4
FNH:4
FNDA:733,(anonymous_6)
FNDA:282,(anonymous_7)
FNDA:7,(anonymous_8)
FNDA:75,(anonymous_10)
DA:1,33
DA:5,33
DA:11,733
DA:18,282
DA:19,282
DA:20,282
DA:22,282
DA:31,7
DA:33,7
DA:35,7
DA:36,13
DA:40,7
DA:41,7
DA:42,0
DA:47,7
DA:49,7
DA:50,7
DA:54,7
DA:58,75
DA:59,75
LF:20
LH:19
BRDA:40,0,0,7
BRDA:40,0,1,0
BRDA:49,1,0,7
BRDA:49,1,1,0
BRF:4
BRH:2
end_of_record
TN:
SF:/home/marvin/Misc/projects/debugadapter/vscode-firefox-debug/src/adapter/scope.ts
FN:20,(anonymous_6)
FN:27,(anonymous_7)
FN:31,(anonymous_8)
FN:49,(anonymous_9)
FN:53,(anonymous_10)
FN:70,(anonymous_12)
FN:85,(anonymous_13)
FN:94,(anonymous_14)
FN:99,(anonymous_15)
FN:103,(anonymous_16)
FN:114,(anonymous_17)
FN:126,(anonymous_18)
FN:130,(anonymous_19)
FN:132,(anonymous_20)
FN:133,(anonymous_21)
FN:143,(anonymous_22)
FN:147,(anonymous_23)
FN:162,(anonymous_24)
FN:166,(anonymous_25)
FN:168,(anonymous_26)
FN:169,(anonymous_27)
FNF:21
FNH:20
FNDA:374,(anonymous_6)
FNDA:108,(anonymous_7)
FNDA:28,(anonymous_8)
FNDA:34,(anonymous_9)
FNDA:12,(anonymous_10)
FNDA:374,(anonymous_12)
FNDA:138,(anonymous_13)
FNDA:159,(anonymous_14)
FNDA:0,(anonymous_15)
FNDA:159,(anonymous_16)
FNDA:156,(anonymous_17)
FNDA:3,(anonymous_18)
FNDA:156,(anonymous_19)
FNDA:228,(anonymous_20)
FNDA:228,(anonymous_21)
FNDA:59,(anonymous_22)
FNDA:58,(anonymous_23)
FNDA:9,(anonymous_24)
FNDA:59,(anonymous_25)
FNDA:122,(anonymous_26)
FNDA:122,(anonymous_27)
DA:1,33
DA:2,33
DA:11,33
DA:18,374
DA:21,374
DA:22,374
DA:23,374
DA:24,374
DA:28,108
DA:33,28
DA:35,6
DA:37,6
DA:40,0
DA:42,0
DA:50,34
DA:55,12
DA:57,12
DA:58,10
DA:61,12
DA:62,4
DA:65,12
DA:72,374
DA:73,374
DA:74,106
DA:76,374
DA:77,0
DA:80,374
DA:86,138
DA:90,33
DA:95,159
DA:96,159
DA:100,0
DA:104,159
DA:108,33
DA:112,156
DA:115,156
DA:116,156
DA:118,156
DA:119,228
DA:123,156
DA:127,3
DA:131,156
DA:132,228
DA:133,228
DA:137,33
DA:141,59
DA:144,59
DA:145,59
DA:147,59
DA:148,58
DA:149,58
DA:154,59
DA:155,64
DA:159,59
DA:163,9
DA:167,59
DA:168,122
DA:169,122
LF:58
LH:54
BRDA:33,0,0,6
BRDA:33,0,1,22
BRDA:35,1,0,6
BRDA:35,1,1,0
BRDA:40,2,0,0
BRDA:40,2,1,0
BRDA:57,3,0,10
BRDA:57,3,1,2
BRDA:61,4,0,4
BRDA:61,4,1,8
BRDA:73,5,0,106
BRDA:73,5,1,268
BRDA:73,6,0,374
BRDA:73,6,1,108
BRDA:76,7,0,0
BRDA:76,7,1,374
BRDA:76,8,0,374
BRDA:76,8,1,6
BRF:18
BRH:14
end_of_record
TN:
SF:/home/marvin/Misc/projects/debugadapter/vscode-firefox-debug/src/adapter/thread.ts
FN:36,(anonymous_6)
FN:11,(anonymous_7)
FN:14,(anonymous_8)
FN:17,(anonymous_9)
FN:46,(anonymous_10)
FN:48,(anonymous_12)
FN:60,(anonymous_13)
FN:66,(anonymous_14)
FN:83,(anonymous_15)
FN:87,(anonymous_16)
FN:89,(anonymous_17)
FN:92,(anonymous_18)
FN:101,(anonymous_19)
FN:105,(anonymous_20)
FN:106,(anonymous_21)
FN:109,(anonymous_22)
FN:110,(anonymous_23)
FN:113,(anonymous_24)
FN:114,(anonymous_25)
FN:117,(anonymous_26)
FN:118,(anonymous_27)
FN:121,(anonymous_28)
FN:125,(anonymous_29)
FN:129,(anonymous_30)
FN:132,(anonymous_31)
FN:136,(anonymous_33)
FN:150,(anonymous_34)
FN:150,(anonymous_35)
FN:153,(anonymous_36)
FN:155,(anonymous_37)
FN:156,(anonymous_38)
FN:163,(anonymous_39)
FN:172,(anonymous_41)
FN:176,(anonymous_43)
FN:178,(anonymous_44)
FN:178,(anonymous_45)
FN:181,(anonymous_46)
FN:182,(anonymous_47)
FN:186,(anonymous_48)
FN:187,(anonymous_49)
FN:194,(anonymous_50)
FN:197,(anonymous_51)
FN:201,(anonymous_53)
FN:209,(anonymous_54)
FN:209,(anonymous_55)
FN:220,(anonymous_56)
FN:234,(anonymous_58)
FN:238,(anonymous_59)
FN:241,(anonymous_60)
FN:243,(anonymous_61)
FN:249,(anonymous_62)
FN:254,(anonymous_63)
FN:259,(anonymous_64)
FNF:53
FNH:49
FNDA:38,(anonymous_6)
FNDA:1366,(anonymous_7)
FNDA:0,(anonymous_8)
FNDA:23,(anonymous_9)
FNDA:38,(anonymous_10)
FNDA:38,(anonymous_12)
FNDA:238,(anonymous_13)
FNDA:495,(anonymous_14)
FNDA:374,(anonymous_15)
FNDA:265,(anonymous_16)
FNDA:155,(anonymous_17)
FNDA:108,(anonymous_18)
FNDA:0,(anonymous_19)
FNDA:4,(anonymous_20)
FNDA:4,(anonymous_21)
FNDA:1,(anonymous_22)
FNDA:1,(anonymous_23)
FNDA:3,(anonymous_24)
FNDA:3,(anonymous_25)
FNDA:8,(anonymous_26)
FNDA:8,(anonymous_27)
FNDA:29,(anonymous_28)
FNDA:5,(anonymous_29)
FNDA:28,(anonymous_30)
FNDA:56,(anonymous_31)
FNDA:108,(anonymous_33)
FNDA:28,(anonymous_34)
FNDA:28,(anonymous_35)
FNDA:108,(anonymous_36)
FNDA:474,(anonymous_37)
FNDA:0,(anonymous_38)
FNDA:28,(anonymous_39)
FNDA:19,(anonymous_41)
FNDA:19,(anonymous_43)
FNDA:19,(anonymous_44)
FNDA:19,(anonymous_45)
FNDA:63,(anonymous_46)
FNDA:63,(anonymous_47)
FNDA:25,(anonymous_48)
FNDA:0,(anonymous_49)
FNDA:63,(anonymous_50)
FNDA:6,(anonymous_51)
FNDA:6,(anonymous_53)
FNDA:6,(anonymous_54)
FNDA:6,(anonymous_55)
FNDA:42,(anonymous_56)
FNDA:36,(anonymous_58)
FNDA:16,(anonymous_59)
FNDA:75,(anonymous_60)
FNDA:75,(anonymous_61)
FNDA:138,(anonymous_62)
FNDA:42,(anonymous_63)
FNDA:2,(anonymous_64)
DA:2,33
DA:4,33
DA:8,33
DA:12,1366
DA:15,0
DA:18,23
DA:27,38
DA:28,38
DA:29,38
DA:31,38
DA:32,38
DA:39,38
DA:40,38
DA:41,38
DA:42,38
DA:43,38
DA:48,38
DA:49,38
DA:52,38
DA:54,38
DA:55,36
DA:56,36
DA:57,36
DA:61,238
DA:62,238
DA:63,238
DA:68,495
DA:70,495
DA:72,282
DA:73,282
DA:74,282
DA:75,268
DA:80,495
DA:84,374
DA:88,265
DA:89,155
DA:93,108
DA:94,734
DA:95,108
DA:98,0
DA:102,0
DA:106,4
DA:110,1
DA:114,3
DA:118,8
DA:122,29
DA:126,5
DA:130,28
DA:132,28
DA:134,28
DA:136,28
DA:137,108
DA:138,108
DA:139,108
DA:140,108
DA:143,28
DA:144,28
DA:147,28
DA:150,28
DA:152,28
DA:153,108
DA:155,28
DA:156,474
DA:158,28
DA:165,28
DA:167,28
DA:169,28
DA:174,19
DA:176,19
DA:178,19
DA:180,19
DA:181,63
DA:182,63
DA:184,19
DA:186,15
DA:187,25
DA:189,15
DA:194,63
DA:199,6
DA:202,6
DA:203,6
DA:205,0
DA:209,6
DA:210,6
DA:211,6
DA:212,2
DA:217,6
DA:222,42
DA:225,40
DA:226,40
DA:228,0
DA:231,40
DA:235,36
DA:240,16
DA:241,75
DA:243,16
DA:244,75
DA:245,75
DA:247,16
DA:249,16
DA:250,138
DA:252,16
DA:254,16
DA:255,42
DA:257,16
DA:259,16
LF:106
LH:101
BRDA:70,0,0,282
BRDA:70,0,1,213
BRDA:74,1,0,268
BRDA:74,1,1,14
BRDA:88,2,0,167
BRDA:88,2,1,98
BRDA:94,3,0,108
BRDA:94,3,1,626
BRDA:143,4,0,28
BRDA:143,4,1,0
BRDA:165,5,0,0
BRDA:165,5,1,28
BRDA:167,6,0,0
BRDA:167,6,1,28
BRDA:184,7,0,15
BRDA:184,7,1,4
BRDA:202,8,0,6
BRDA:202,8,1,0
BRDA:211,9,0,2
BRDA:211,9,1,4
BRDA:225,10,0,40
BRDA:225,10,1,0
BRF:22
BRH:17
end_of_record
TN:
SF:/home/marvin/Misc/projects/debugadapter/vscode-firefox-debug/src/adapter/threadCoordinator.ts
FN:40,(anonymous_6)
FN:42,(anonymous_7)
FN:54,(anonymous_8)
FN:18,(anonymous_9)
FN:21,(anonymous_10)
FN:27,(anonymous_11)
FN:30,(anonymous_12)
FN:66,(anonymous_13)
FN:69,(anonymous_14)
FN:73,(anonymous_16)
FN:85,(anonymous_17)
FN:95,(anonymous_18)
FN:109,(anonymous_19)
FN:124,(anonymous_21)
FN:139,(anonymous_22)
FN:147,(anonymous_23)
FN:159,(anonymous_25)
FN:185,(anonymous_26)
FN:187,(anonymous_27)
FN:224,(anonymous_28)
FN:252,(anonymous_30)
FN:284,(anonymous_32)
FN:304,(anonymous_34)
FN:326,(anonymous_36)
FNF:24
FNH:19
FNDA:38,(anonymous_6)
FNDA:38,(anonymous_7)
FNDA:0,(anonymous_8)
FNDA:0,(anonymous_9)
FNDA:0,(anonymous_10)
FNDA:52,(anonymous_11)
FNDA:81,(anonymous_12)
FNDA:41,(anonymous_13)
FNDA:10,(anonymous_14)
FNDA:0,(anonymous_16)
FNDA:0,(anonymous_17)
FNDA:52,(anonymous_18)
FNDA:104,(anonymous_19)
FNDA:81,(anonymous_21)
FNDA:6,(anonymous_22)
FNDA:12,(anonymous_23)
FNDA:367,(anonymous_25)
FNDA:34,(anonymous_26)
FNDA:34,(anonymous_27)
FNDA:34,(anonymous_28)
FNDA:86,(anonymous_30)
FNDA:81,(anonymous_32)
FNDA:6,(anonymous_34)
FNDA:1468,(anonymous_36)
DA:1,33
DA:4,33
DA:6,33
DA:10,33
DA:14,38
DA:16,38
DA:17,38
DA:19,0
DA:22,0
DA:25,38
DA:26,38
DA:28,52
DA:31,81
DA:34,38
DA:35,38
DA:37,38
DA:38,38
DA:40,38
DA:42,38
DA:43,38
DA:44,0
DA:46,38
DA:47,38
DA:48,38
DA:49,38
DA:50,38
DA:54,38
DA:55,0
DA:56,0
DA:57,0
DA:58,0
DA:59,0
DA:60,0
DA:61,0
DA:67,41
DA:68,41
DA:69,5
DA:75,0
DA:77,0
DA:79,0
DA:81,0
DA:85,0
DA:86,0
DA:88,0
DA:90,0
DA:99,52
DA:101,0
DA:103,52
DA:105,0
DA:109,52
DA:110,52
DA:111,16
DA:113,52
DA:115,52
DA:117,52
DA:119,52
DA:129,81
DA:130,0
DA:133,81
DA:134,81
DA:135,81
DA:136,81
DA:143,6
DA:144,0
DA:147,12
DA:148,6
DA:149,6
DA:152,6
DA:153,6
DA:154,6
DA:156,6
DA:161,367
DA:163,367
DA:166,2
DA:169,365
DA:170,34
DA:171,34
DA:174,331
DA:176,115
DA:178,81
DA:179,81
DA:181,81
DA:185,34
DA:186,34
DA:187,34
DA:188,34
DA:189,34
DA:192,115
DA:195,216
DA:196,15
DA:199,201
DA:201,6
DA:203,6
DA:204,6
DA:208,0
DA:209,0
DA:211,0
DA:212,0
DA:215,6
DA:218,195
DA:219,86
DA:220,86
DA:226,34
DA:227,0
DA:228,0
DA:230,34
DA:231,0
DA:232,0
DA:235,34
DA:236,34
DA:238,34
DA:239,34
DA:240,34
DA:241,34
DA:243,0
DA:244,0
DA:247,34
DA:249,34
DA:254,86
DA:255,0
DA:256,0
DA:258,86
DA:259,0
DA:260,0
DA:262,86
DA:263,0
DA:264,0
DA:267,86
DA:268,86
DA:270,86
DA:271,86
DA:272,86
DA:273,86
DA:275,0
DA:276,0
DA:279,86
DA:281,86
DA:286,81
DA:287,0
DA:288,0
DA:291,81
DA:292,81
DA:293,81
DA:295,0
DA:297,81
DA:299,81
DA:300,68
DA:306,6
DA:307,0
DA:308,0
DA:310,6
DA:311,0
DA:312,0
DA:315,6
DA:316,6
DA:317,6
DA:319,0
DA:321,6
DA:323,6
DA:327,1468
LF:160
LH:112
BRDA:43,0,0,0
BRDA:43,0,1,38
BRDA:60,1,0,0
BRDA:60,1,1,0
BRDA:22,2,0,0
BRDA:22,2,1,0
BRDA:31,3,0,81
BRDA:31,3,1,0
BRDA:68,4,0,5
BRDA:68,4,1,36
BRDA:68,5,0,41
BRDA:68,5,1,41
BRDA:75,6,0,0
BRDA:75,6,1,0
BRDA:79,7,0,0
BRDA:79,7,1,0
BRDA:99,8,0,0
BRDA:99,8,1,52
BRDA:103,9,0,0
BRDA:103,9,1,52
BRDA:110,10,0,16
BRDA:110,10,1,36
BRDA:127,11,0,47
BRDA:129,12,0,0
BRDA:129,12,1,81
BRDA:129,13,0,81
BRDA:129,13,1,0
BRDA:143,14,0,0
BRDA:143,14,1,6
BRDA:143,15,0,6
BRDA:143,15,1,6
BRDA:163,16,0,2
BRDA:163,16,1,365
BRDA:163,17,0,367
BRDA:163,17,1,367
BRDA:163,17,2,367
BRDA:169,18,0,34
BRDA:169,18,1,331
BRDA:174,19,0,115
BRDA:174,19,1,216
BRDA:176,20,0,81
BRDA:176,20,1,34
BRDA:195,21,0,15
BRDA:195,21,1,201
BRDA:199,22,0,6
BRDA:199,22,1,195
BRDA:201,23,0,6
BRDA:201,23,1,0
BRDA:218,24,0,86
BRDA:218,24,1,109
BRDA:226,25,0,0
BRDA:226,25,1,34
BRDA:230,26,0,0
BRDA:230,26,1,34
BRDA:254,27,0,0
BRDA:254,27,1,86
BRDA:258,28,0,0
BRDA:258,28,1,86
BRDA:262,29,0,0
BRDA:262,29,1,86
BRDA:286,30,0,0
BRDA:286,30,1,81
BRDA:299,31,0,68
BRDA:299,31,1,13
BRDA:306,32,0,0
BRDA:306,32,1,6
BRDA:310,33,0,0
BRDA:310,33,1,6
BRDA:327,34,0,1070
BRDA:327,34,1,398
BRF:70
BRH:46
end_of_record
TN:
SF:/home/marvin/Misc/projects/debugadapter/vscode-firefox-debug/src/adapter/variable.ts
FN:13,(anonymous_0)
FN:19,(anonymous_1)
FN:24,(anonymous_2)
FN:28,(anonymous_3)
FN:78,(anonymous_4)
FN:88,(anonymous_5)
FN:95,(anonymous_6)
FN:96,(anonymous_7)
FN:99,(anonymous_8)
FNF:9
FNH:8
FNDA:530,(anonymous_0)
FNDA:109,(anonymous_1)
FNDA:639,(anonymous_2)
FNDA:530,(anonymous_3)
FNDA:363,(anonymous_4)
FNDA:0,(anonymous_5)
FNDA:222,(anonymous_6)
FNDA:535,(anonymous_7)
FNDA:535,(anonymous_8)
DA:1,33
DA:3,33
DA:5,33
DA:7,33
DA:14,530
DA:15,530
DA:16,530
DA:20,109
DA:25,639
DA:31,530
DA:33,110
DA:35,420
DA:37,37
DA:41,383
DA:50,39
DA:54,2
DA:59,6
DA:64,336
DA:65,336
DA:66,336
DA:67,336
DA:71,0
DA:72,0
DA:81,363
DA:82,363
DA:84,0
DA:92,0
DA:96,535
DA:100,535
DA:101,192
DA:102,343
DA:103,0
DA:105,343
LF:33
LH:28
BRDA:21,0,0,41
BRDA:21,0,1,68
BRDA:31,1,0,110
BRDA:31,1,1,420
BRDA:31,2,0,530
BRDA:31,2,1,520
BRDA:35,3,0,37
BRDA:35,3,1,383
BRDA:43,4,0,13
BRDA:43,4,1,39
BRDA:43,4,2,39
BRDA:43,4,3,39
BRDA:43,4,4,39
BRDA:43,4,5,39
BRDA:43,4,6,2
BRDA:43,4,7,6
BRDA:43,4,8,336
BRDA:43,4,9,0
BRDA:81,5,0,363
BRDA:81,5,1,0
BRDA:100,6,0,192
BRDA:100,6,1,343
BRDA:102,7,0,0
BRDA:102,7,1,343
BRF:24
BRH:21
end_of_record
TN:
SF:/home/marvin/Misc/projects/debugadapter/vscode-firefox-debug/src/firefox/connection.ts
FN:18,(anonymous_0)
FN:22,(anonymous_1)
FN:32,(anonymous_2)
FN:36,(anonymous_3)
FN:41,(anonymous_4)
FN:45,(anonymous_5)
FN:49,(anonymous_6)
FN:57,(anonymous_7)
FNF:8
FNH:8
FNDA:33,(anonymous_0)
FNDA:1781,(anonymous_1)
FNDA:33,(anonymous_2)
FNDA:903,(anonymous_3)
FNDA:704,(anonymous_4)
FNDA:75,(anonymous_5)
FNDA:588,(anonymous_6)
FNDA:33,(anonymous_7)
DA:1,33
DA:3,33
DA:5,33
DA:7,33
DA:12,33
DA:19,33
DA:20,33
DA:21,33
DA:22,33
DA:23,1781
DA:24,1781
DA:25,1781
DA:27,0
DA:33,33
DA:37,903
DA:38,903
DA:42,704
DA:46,75
DA:50,588
DA:51,0
DA:53,588
DA:58,33
LF:22
LH:20
BRDA:23,0,0,1781
BRDA:23,0,1,0
BRDA:50,1,0,0
BRDA:50,1,1,588
BRF:4
BRH:2
end_of_record
TN:
SF:/home/marvin/Misc/projects/debugadapter/vscode-firefox-debug/src/firefox/index.ts
FNF:0
FNH:0
DA:1,33
DA:3,33
DA:4,33
DA:5,33
DA:6,33
DA:7,33
DA:8,33
DA:9,33
DA:10,33
DA:11,33
LF:10
LH:10
BRF:0
BRH:0
end_of_record
TN:
SF:/home/marvin/Misc/projects/debugadapter/vscode-firefox-debug/src/firefox/transport.ts
FN:15,(anonymous_0)
FN:22,(anonymous_1)
FN:65,(anonymous_2)
FN:71,(anonymous_3)
FN:72,(anonymous_4)
FN:73,(anonymous_5)
FNF:6
FNH:6
FNDA:33,(anonymous_0)
FNDA:864,(anonymous_1)
FNDA:903,(anonymous_2)
FNDA:33,(anonymous_3)
FNDA:33,(anonymous_4)
FNDA:33,(anonymous_5)
DA:1,33
DA:8,33
DA:10,33
DA:15,33
DA:16,33
DA:18,33
DA:19,33
DA:20,33
DA:22,33
DA:24,864
DA:25,864
DA:27,3565
DA:28,3565
DA:29,3565
DA:30,3565
DA:32,3565
DA:34,1781
DA:35,6636
DA:37,1781
DA:39,1781
DA:41,1781
DA:43,1781
DA:44,1781
DA:45,1781
DA:46,1781
DA:51,1784
DA:53,1781
DA:54,1781
DA:56,1781
DA:57,1781
DA:58,1781
DA:66,903
DA:67,903
DA:68,903
DA:72,33
DA:73,33
DA:74,33
LF:37
LH:37
BRDA:32,0,0,1781
BRDA:32,0,1,1784
BRDA:35,1,0,1781
BRDA:35,1,1,4855
BRDA:51,2,0,1781
BRDA:51,2,1,3
BRF:6
BRH:6
end_of_record
TN:
SF:/home/marvin/Misc/projects/debugadapter/vscode-firefox-debug/src/firefox/actorProxy/breakpoint.ts
FN:13,(anonymous_0)
FN:17,(anonymous_1)
FN:21,(anonymous_2)
FN:25,(anonymous_3)
FN:31,(anonymous_4)
FNF:5
FNH:2
FNDA:29,(anonymous_0)
FNDA:29,(anonymous_1)
FNDA:0,(anonymous_2)
FNDA:0,(anonymous_3)
FNDA:0,(anonymous_4)
DA:1,33
DA:4,33
DA:7,33
DA:9,33
DA:11,29
DA:13,29
DA:14,29
DA:18,29
DA:23,0
DA:25,0
DA:26,0
DA:27,0
DA:33,0
DA:35,0
DA:36,0
LF:15
LH:8
BRF:0
BRH:0
end_of_record
TN:
SF:/home/marvin/Misc/projects/debugadapter/vscode-firefox-debug/src/firefox/actorProxy/console.ts
FN:18,(anonymous_0)
FN:23,(anonymous_1)
FN:27,(anonymous_2)
FN:30,(anonymous_3)
FN:39,(anonymous_4)
FN:42,(anonymous_5)
FN:56,(anonymous_6)
FN:59,(anonymous_7)
FN:66,(anonymous_8)
FN:71,(anonymous_9)
FN:83,(anonymous_10)
FN:127,(anonymous_11)
FN:131,(anonymous_12)
FNF:13
FNH:10
FNDA:41,(anonymous_0)
FNDA:164,(anonymous_1)
FNDA:39,(anonymous_2)
FNDA:39,(anonymous_3)
FNDA:0,(anonymous_4)
FNDA:0,(anonymous_5)
FNDA:42,(anonymous_6)
FNDA:42,(anonymous_7)
FNDA:42,(anonymous_8)
FNDA:0,(anonymous_9)
FNDA:161,(anonymous_10)
FNDA:39,(anonymous_11)
FNDA:39,(anonymous_12)
DA:1,33
DA:2,33
DA:4,33
DA:7,33
DA:9,33
DA:11,33
DA:13,41
DA:14,41
DA:15,41
DA:16,41
DA:18,41
DA:19,41
DA:20,41
DA:24,164
DA:28,39
DA:30,39
DA:31,39
DA:32,39
DA:40,0
DA:42,0
DA:43,0
DA:44,0
DA:57,42
DA:59,42
DA:65,42
DA:67,42
DA:74,42
DA:75,42
DA:76,42
DA:85,161
DA:87,35
DA:88,35
DA:90,126
DA:92,0
DA:93,0
DA:95,126
DA:97,38
DA:98,38
DA:100,88
DA:102,4
DA:103,4
DA:105,84
DA:107,40
DA:108,40
DA:109,40
DA:110,0
DA:112,40
DA:115,44
DA:117,42
DA:118,42
DA:122,2
DA:128,39
DA:132,39
LF:53
LH:46
BRDA:85,0,0,35
BRDA:85,0,1,126
BRDA:90,1,0,0
BRDA:90,1,1,126
BRDA:95,2,0,38
BRDA:95,2,1,88
BRDA:100,3,0,4
BRDA:100,3,1,84
BRDA:105,4,0,40
BRDA:105,4,1,44
BRDA:109,5,0,0
BRDA:109,5,1,40
BRDA:115,6,0,42
BRDA:115,6,1,2
BRF:14
BRH:12
end_of_record
TN:
SF:/home/marvin/Misc/projects/debugadapter/vscode-firefox-debug/src/firefox/actorProxy/longString.ts
FN:13,(anonymous_0)
FN:17,(anonymous_1)
FN:21,(anonymous_2)
FN:25,(anonymous_3)
FN:29,(anonymous_4)
FN:35,(anonymous_5)
FNF:6
FNH:5
FNDA:1,(anonymous_0)
FNDA:4,(anonymous_1)
FNDA:0,(anonymous_2)
FNDA:1,(anonymous_3)
FNDA:1,(anonymous_4)
FNDA:1,(anonymous_5)
DA:1,33
DA:4,33
DA:7,33
DA:9,33
DA:11,1
DA:13,1
DA:14,1
DA:18,4
DA:22,0
DA:27,1
DA:29,1
DA:30,1
DA:31,1
DA:37,1
DA:39,1
DA:40,1
DA:42,0
DA:44,0
DA:45,0
DA:47,0
DA:49,0
DA:53,0
LF:22
LH:15
BRDA:37,0,0,1
BRDA:37,0,1,0
BRDA:42,1,0,0
BRDA:42,1,1,0
BRDA:47,2,0,0
BRDA:47,2,1,0
BRF:6
BRH:1
end_of_record
TN:
SF:/home/marvin/Misc/projects/debugadapter/vscode-firefox-debug/src/firefox/actorProxy/objectGrip.ts
FN:15,(anonymous_0)
FN:19,(anonymous_1)
FN:23,(anonymous_2)
FN:30,(anonymous_3)
FN:37,(anonymous_4)
FN:41,(anonymous_5)
FN:47,(anonymous_6)
FN:51,(anonymous_7)
FNF:8
FNH:8
FNDA:282,(anonymous_0)
FNDA:1064,(anonymous_1)
FNDA:501,(anonymous_2)
FNDA:268,(anonymous_3)
FNDA:7,(anonymous_4)
FNDA:7,(anonymous_5)
FNDA:75,(anonymous_6)
FNDA:275,(anonymous_7)
DA:1,33
DA:4,33
DA:7,33
DA:9,33
DA:11,282
DA:12,282
DA:13,282
DA:15,282
DA:16,282
DA:20,1064
DA:24,501
DA:25,233
DA:28,268
DA:30,268
DA:31,268
DA:32,268
DA:34,268
DA:39,7
DA:41,7
DA:42,7
DA:43,7
DA:48,75
DA:53,275
DA:55,7
DA:56,7
DA:58,268
DA:60,264
DA:62,264
DA:63,264
DA:64,264
DA:66,0
DA:69,4
DA:71,4
DA:72,4
DA:73,4
DA:74,4
DA:75,4
DA:80,0
LF:38
LH:36
BRDA:24,0,0,233
BRDA:24,0,1,268
BRDA:53,1,0,7
BRDA:53,1,1,268
BRDA:53,2,0,275
BRDA:53,2,1,7
BRDA:58,3,0,264
BRDA:58,3,1,4
BRDA:62,4,0,264
BRDA:62,4,1,0
BRDA:69,5,0,4
BRDA:69,5,1,0
BRDA:73,6,0,4
BRDA:73,6,1,0
BRF:14
BRH:11
end_of_record
TN:
SF:/home/marvin/Misc/projects/debugadapter/vscode-firefox-debug/src/firefox/actorProxy/pendingRequests.ts
FN:10,(anonymous_0)
FN:14,(anonymous_1)
FN:18,(anonymous_2)
FN:27,(anonymous_3)
FN:36,(anonymous_4)
FN:37,(anonymous_5)
FN:41,(anonymous_6)
FN:42,(anonymous_7)
FNF:8
FNH:6
FNDA:1247,(anonymous_0)
FNDA:351,(anonymous_1)
FNDA:340,(anonymous_2)
FNDA:2,(anonymous_3)
FNDA:0,(anonymous_4)
FNDA:0,(anonymous_5)
FNDA:50,(anonymous_6)
FNDA:1,(anonymous_7)
DA:1,33
DA:3,33
DA:5,33
DA:10,33
DA:12,1247
DA:15,351
DA:19,340
DA:20,340
DA:21,340
DA:23,0
DA:28,2
DA:29,2
DA:30,2
DA:32,0
DA:37,0
DA:38,0
DA:42,50
DA:43,50
LF:18
LH:14
BRDA:19,0,0,340
BRDA:19,0,1,0
BRDA:28,1,0,2
BRDA:28,1,1,0
BRF:4
BRH:2
end_of_record
TN:
SF:/home/marvin/Misc/projects/debugadapter/vscode-firefox-debug/src/firefox/actorProxy/root.ts
FN:17,(anonymous_0)
FN:22,(anonymous_1)
FN:26,(anonymous_2)
FN:30,(anonymous_3)
FN:36,(anonymous_4)
FN:40,(anonymous_5)
FN:46,(anonymous_6)
FN:50,(anonymous_7)
FN:56,(anonymous_8)
FN:72,(anonymous_9)
FN:83,(anonymous_10)
FN:105,(anonymous_11)
FN:147,(anonymous_12)
FN:151,(anonymous_13)
FN:155,(anonymous_14)
FN:159,(anonymous_15)
FNF:16
FNH:13
FNDA:33,(anonymous_0)
FNDA:194,(anonymous_1)
FNDA:0,(anonymous_2)
FNDA:0,(anonymous_3)
FNDA:72,(anonymous_4)
FNDA:72,(anonymous_5)
FNDA:2,(anonymous_6)
FNDA:2,(anonymous_7)
FNDA:235,(anonymous_8)
FNDA:82,(anonymous_9)
FNDA:72,(anonymous_10)
FNDA:39,(anonymous_11)
FNDA:35,(anonymous_12)
FNDA:33,(anonymous_13)
FNDA:0,(anonymous_14)
FNDA:33,(anonymous_15)
DA:1,33
DA:2,33
DA:3,33
DA:5,33
DA:6,33
DA:8,33
DA:10,33
DA:12,33
DA:13,33
DA:14,33
DA:15,33
DA:17,33
DA:18,33
DA:19,33
DA:23,194
DA:28,0
DA:30,0
DA:31,0
DA:32,0
DA:38,72
DA:40,72
DA:41,72
DA:42,72
DA:48,2
DA:50,2
DA:51,2
DA:52,2
DA:58,235
DA:60,33
DA:62,202
DA:64,154
DA:65,154
DA:69,154
DA:70,82
DA:72,82
DA:73,82
DA:76,82
DA:79,72
DA:83,72
DA:86,72
DA:88,33
DA:92,39
DA:94,39
DA:98,39
DA:101,72
DA:105,72
DA:106,39
DA:107,6
DA:108,6
DA:112,72
DA:113,72
DA:115,48
DA:117,39
DA:119,39
DA:121,9
DA:123,2
DA:124,2
DA:125,2
DA:127,7
DA:129,0
DA:130,0
DA:131,0
DA:138,7
DA:139,5
DA:141,2
DA:148,35
DA:152,33
DA:156,0
DA:160,33
LF:69
LH:61
BRDA:58,0,0,33
BRDA:58,0,1,202
BRDA:62,1,0,154
BRDA:62,1,1,48
BRDA:69,2,0,82
BRDA:69,2,1,72
BRDA:86,3,0,33
BRDA:86,3,1,39
BRDA:106,4,0,6
BRDA:106,4,1,33
BRDA:115,5,0,39
BRDA:115,5,1,9
BRDA:121,6,0,2
BRDA:121,6,1,7
BRDA:127,7,0,0
BRDA:127,7,1,7
BRDA:138,8,0,5
BRDA:138,8,1,2
BRF:18
BRH:17
end_of_record
TN:
SF:/home/marvin/Misc/projects/debugadapter/vscode-firefox-debug/src/firefox/actorProxy/source.ts
FN:15,(anonymous_0)
FN:19,(anonymous_1)
FN:23,(anonymous_2)
FN:27,(anonymous_3)
FN:31,(anonymous_4)
FN:35,(anonymous_5)
FN:41,(anonymous_6)
FN:45,(anonymous_7)
FN:51,(anonymous_8)
FN:61,(anonymous_9)
FN:84,(anonymous_10)
FNF:11
FNH:11
FNDA:238,(anonymous_0)
FNDA:1003,(anonymous_1)
FNDA:238,(anonymous_2)
FNDA:368,(anonymous_3)
FNDA:29,(anonymous_4)
FNDA:29,(anonymous_5)
FNDA:2,(anonymous_6)
FNDA:2,(anonymous_7)
FNDA:31,(anonymous_8)
FNDA:29,(anonymous_9)
FNDA:29,(anonymous_10)
DA:1,33
DA:4,33
DA:6,33
DA:8,33
DA:10,33
DA:12,238
DA:13,238
DA:15,238
DA:16,238
DA:20,1003
DA:24,238
DA:28,368
DA:33,29
DA:35,29
DA:36,29
DA:37,29
DA:43,2
DA:45,2
DA:46,2
DA:47,2
DA:53,31
DA:55,29
DA:56,29
DA:58,29
DA:60,29
DA:61,29
DA:62,29
DA:64,2
DA:66,2
DA:67,2
DA:69,0
DA:71,0
DA:72,0
DA:73,0
DA:77,0
DA:83,33
DA:85,29
DA:86,29
LF:38
LH:33
BRDA:53,0,0,29
BRDA:53,0,1,2
BRDA:64,1,0,2
BRDA:64,1,1,0
BRDA:69,2,0,0
BRDA:69,2,1,0
BRF:6
BRH:3
end_of_record
TN:
SF:/home/marvin/Misc/projects/debugadapter/vscode-firefox-debug/src/firefox/actorProxy/tab.ts
FN:15,(anonymous_0)
FN:20,(anonymous_1)
FN:24,(anonymous_2)
FN:28,(anonymous_3)
FN:32,(anonymous_4)
FN:36,(anonymous_5)
FN:42,(anonymous_6)
FN:46,(anonymous_7)
FN:52,(anonymous_8)
FN:56,(anonymous_9)
FN:62,(anonymous_10)
FN:69,(anonymous_11)
FN:125,(anonymous_12)
FN:145,(anonymous_13)
FN:174,(anonymous_14)
FN:178,(anonymous_15)
FN:182,(anonymous_16)
FN:186,(anonymous_17)
FN:190,(anonymous_18)
FN:194,(anonymous_19)
FN:198,(anonymous_20)
FNF:21
FNH:13
FNDA:41,(anonymous_0)
FNDA:663,(anonymous_1)
FNDA:0,(anonymous_2)
FNDA:40,(anonymous_3)
FNDA:41,(anonymous_4)
FNDA:41,(anonymous_5)
FNDA:0,(anonymous_6)
FNDA:0,(anonymous_7)
FNDA:36,(anonymous_8)
FNDA:36,(anonymous_9)
FNDA:458,(anonymous_10)
FNDA:37,(anonymous_11)
FNDA:1,(anonymous_12)
FNDA:0,(anonymous_13)
FNDA:0,(anonymous_14)
FNDA:35,(anonymous_15)
FNDA:0,(anonymous_16)
FNDA:0,(anonymous_17)
FNDA:35,(anonymous_18)
FNDA:35,(anonymous_19)
FNDA:0,(anonymous_20)
DA:1,33
DA:2,33
DA:3,33
DA:4,33
DA:6,33
DA:8,33
DA:10,41
DA:11,41
DA:12,41
DA:13,41
DA:15,41
DA:16,41
DA:17,41
DA:21,663
DA:25,0
DA:29,40
DA:34,41
DA:36,41
DA:37,41
DA:38,41
DA:44,0
DA:46,0
DA:47,0
DA:48,0
DA:54,36
DA:56,36
DA:57,36
DA:58,36
DA:64,458
DA:66,37
DA:67,37
DA:68,37
DA:69,37
DA:70,37
DA:71,37
DA:73,421
DA:75,0
DA:76,0
DA:78,421
DA:80,0
DA:81,0
DA:83,421
DA:85,0
DA:86,0
DA:88,421
DA:90,5
DA:92,5
DA:94,416
DA:96,33
DA:98,0
DA:99,0
DA:100,0
DA:102,33
DA:104,33
DA:105,33
DA:106,33
DA:107,33
DA:108,33
DA:112,383
DA:114,1
DA:115,1
DA:117,382
DA:119,35
DA:120,35
DA:121,35
DA:125,35
DA:129,1
DA:131,0
DA:135,1
DA:137,1
DA:138,1
DA:141,1
DA:145,35
DA:146,0
DA:147,0
DA:148,0
DA:152,35
DA:153,35
DA:155,347
DA:157,2
DA:158,2
DA:159,2
DA:163,345
DA:164,108
DA:165,237
DA:166,237
DA:168,0
DA:175,0
DA:179,35
DA:183,0
DA:187,0
DA:191,35
DA:195,35
DA:199,0
LF:94
LH:71
BRDA:64,0,0,37
BRDA:64,0,1,421
BRDA:73,1,0,0
BRDA:73,1,1,421
BRDA:78,2,0,0
BRDA:78,2,1,421
BRDA:83,3,0,0
BRDA:83,3,1,421
BRDA:88,4,0,5
BRDA:88,4,1,416
BRDA:94,5,0,33
BRDA:94,5,1,383
BRDA:96,6,0,0
BRDA:96,6,1,33
BRDA:102,7,0,33
BRDA:102,7,1,0
BRDA:112,8,0,1
BRDA:112,8,1,382
BRDA:117,9,0,35
BRDA:117,9,1,347
BRDA:129,10,0,0
BRDA:129,10,1,1
BRDA:146,11,0,0
BRDA:146,11,1,0
BRDA:155,12,0,2
BRDA:155,12,1,345
BRDA:163,13,0,108
BRDA:163,13,1,237
BRDA:165,14,0,237
BRDA:165,14,1,0
BRF:30
BRH:21
end_of_record
TN:
SF:/home/marvin/Misc/projects/debugadapter/vscode-firefox-debug/src/firefox/actorProxy/thread.ts
FN:10,(anonymous_0)
FN:19,(anonymous_1)
FN:25,(anonymous_2)
FN:46,(anonymous_3)
FN:50,(anonymous_4)
FN:69,(anonymous_5)
FN:87,(anonymous_6)
FN:104,(anonymous_7)
FN:108,(anonymous_8)
FN:125,(anonymous_9)
FN:129,(anonymous_10)
FN:146,(anonymous_11)
FN:149,(anonymous_12)
FN:158,(anonymous_13)
FN:161,(anonymous_14)
FN:174,(anonymous_15)
FN:177,(anonymous_16)
FN:192,(anonymous_17)
FN:210,(anonymous_18)
FN:213,(anonymous_19)
FN:222,(anonymous_20)
FN:326,(anonymous_21)
FN:416,(anonymous_22)
FN:425,(anonymous_23)
FN:429,(anonymous_24)
FN:433,(anonymous_25)
FN:437,(anonymous_26)
FNF:27
FNH:26
FNDA:33,(anonymous_0)
FNDA:38,(anonymous_1)
FNDA:1422,(anonymous_2)
FNDA:38,(anonymous_3)
FNDA:38,(anonymous_4)
FNDA:86,(anonymous_5)
FNDA:86,(anonymous_6)
FNDA:34,(anonymous_7)
FNDA:34,(anonymous_8)
FNDA:36,(anonymous_9)
FNDA:36,(anonymous_10)
FNDA:36,(anonymous_11)
FNDA:36,(anonymous_12)
FNDA:28,(anonymous_13)
FNDA:28,(anonymous_14)
FNDA:6,(anonymous_15)
FNDA:6,(anonymous_16)
FNDA:6,(anonymous_17)
FNDA:16,(anonymous_18)
FNDA:16,(anonymous_19)
FNDA:617,(anonymous_20)
FNDA:238,(anonymous_21)
FNDA:114,(anonymous_22)
FNDA:76,(anonymous_23)
FNDA:38,(anonymous_24)
FNDA:0,(anonymous_25)
FNDA:38,(anonymous_26)
DA:1,33
DA:2,33
DA:4,33
DA:6,33
DA:8,33
DA:10,33
DA:11,33
DA:17,33
DA:19,38
DA:20,38
DA:21,38
DA:22,38
DA:26,1422
DA:38,38
DA:39,38
DA:41,38
DA:47,38
DA:48,38
DA:50,38
DA:51,38
DA:52,38
DA:57,38
DA:60,0
DA:63,38
DA:70,86
DA:71,86
DA:73,86
DA:74,86
DA:75,86
DA:76,86
DA:78,72
DA:79,72
DA:82,2
DA:83,2
DA:84,2
DA:87,86
DA:88,86
DA:89,86
DA:94,86
DA:98,86
DA:105,34
DA:106,34
DA:108,34
DA:109,34
DA:110,34
DA:115,34
DA:119,34
DA:126,36
DA:127,36
DA:129,36
DA:130,36
DA:131,36
DA:133,36
DA:136,0
DA:139,36
DA:147,36
DA:149,36
DA:150,36
DA:151,36
DA:159,28
DA:161,28
DA:162,28
DA:163,28
DA:175,6
DA:177,6
DA:178,6
DA:179,0
DA:180,0
DA:181,0
DA:182,0
DA:184,6
DA:185,0
DA:186,0
DA:187,0
DA:188,0
DA:191,6
DA:192,6
DA:193,6
DA:195,6
DA:197,6
DA:198,6
DA:199,6
DA:211,16
DA:213,16
DA:214,16
DA:215,16
DA:224,617
DA:226,114
DA:227,114
DA:229,114
DA:231,36
DA:232,36
DA:233,36
DA:234,36
DA:236,0
DA:238,36
DA:242,34
DA:243,34
DA:244,34
DA:246,0
DA:248,34
DA:254,38
DA:255,0
DA:256,0
DA:258,38
DA:260,38
DA:261,0
DA:262,0
DA:264,38
DA:265,38
DA:266,38
DA:269,6
DA:270,6
DA:271,6
DA:273,6
DA:274,6
DA:276,0
DA:278,6
DA:281,0
DA:282,0
DA:283,0
DA:286,503
DA:288,92
DA:289,92
DA:290,92
DA:291,92
DA:293,0
DA:294,0
DA:295,0
DA:296,0
DA:299,411
DA:301,36
DA:302,36
DA:303,36
DA:304,36
DA:306,0
DA:309,36
DA:310,36
DA:311,0
DA:312,0
DA:315,375
DA:317,36
DA:318,36
DA:319,36
DA:321,339
DA:323,238
DA:324,238
DA:325,238
DA:326,238
DA:327,238
DA:329,101
DA:331,28
DA:332,28
DA:333,28
DA:335,73
DA:337,0
DA:338,0
DA:341,73
DA:343,0
DA:345,0
DA:347,73
DA:349,0
DA:350,0
DA:351,0
DA:352,0
DA:355,73
DA:357,2
DA:358,2
DA:359,2
DA:361,2
DA:362,0
DA:364,2
DA:365,0
DA:367,2
DA:368,0
DA:370,2
DA:371,2
DA:372,2
DA:373,0
DA:374,0
DA:376,2
DA:378,71
DA:380,2
DA:381,2
DA:383,69
DA:385,0
DA:386,0
DA:387,0
DA:388,0
DA:389,0
DA:392,69
DA:394,14
DA:395,14
DA:399,55
DA:400,55
DA:401,0
DA:402,0
DA:404,0
DA:417,114
DA:426,76
DA:430,38
DA:434,0
DA:438,38
LF:203
LH:154
BRDA:10,0,0,33
BRDA:10,0,1,33
BRDA:47,1,0,38
BRDA:47,1,1,0
BRDA:70,2,0,86
BRDA:70,2,1,0
BRDA:73,3,0,12
BRDA:73,3,1,74
BRDA:77,4,0,72
BRDA:77,4,1,2
BRDA:104,5,0,0
BRDA:105,6,0,34
BRDA:105,6,1,0
BRDA:112,7,0,34
BRDA:112,7,1,0
BRDA:126,8,0,36
BRDA:126,8,1,0
BRDA:178,9,0,0
BRDA:178,9,1,6
BRDA:184,10,0,0
BRDA:184,10,1,6
BRDA:224,11,0,114
BRDA:224,11,1,503
BRDA:230,12,0,36
BRDA:230,12,1,34
BRDA:230,12,2,34
BRDA:230,12,3,12
BRDA:230,12,4,36
BRDA:230,12,5,38
BRDA:230,12,6,38
BRDA:230,12,7,6
BRDA:230,12,8,0
BRDA:231,13,0,36
BRDA:231,13,1,0
BRDA:242,14,0,34
BRDA:242,14,1,0
BRDA:254,15,0,0
BRDA:254,15,1,38
BRDA:260,16,0,0
BRDA:260,16,1,38
BRDA:271,17,0,6
BRDA:271,17,1,0
BRDA:286,18,0,92
BRDA:286,18,1,411
BRDA:288,19,0,92
BRDA:288,19,1,0
BRDA:299,20,0,36
BRDA:299,20,1,375
BRDA:302,21,0,36
BRDA:302,21,1,0
BRDA:310,22,0,0
BRDA:310,22,1,36
BRDA:315,23,0,36
BRDA:315,23,1,339
BRDA:321,24,0,238
BRDA:321,24,1,101
BRDA:329,25,0,28
BRDA:329,25,1,73
BRDA:335,26,0,0
BRDA:335,26,1,73
BRDA:341,27,0,0
BRDA:341,27,1,73
BRDA:347,28,0,0
BRDA:347,28,1,73
BRDA:351,29,0,0
BRDA:351,29,1,0
BRDA:355,30,0,2
BRDA:355,30,1,71
BRDA:358,31,0,2
BRDA:358,31,1,0
BRDA:361,32,0,0
BRDA:361,32,1,2
BRDA:364,33,0,0
BRDA:364,33,1,2
BRDA:367,34,0,0
BRDA:367,34,1,2
BRDA:372,35,0,0
BRDA:372,35,1,2
BRDA:378,36,0,2
BRDA:378,36,1,69
BRDA:383,37,0,0
BRDA:383,37,1,69
BRDA:387,38,0,0
BRDA:387,38,1,0
BRDA:392,39,0,14
BRDA:392,39,1,55
BRDA:399,40,0,55
BRDA:399,40,1,0
BRDA:401,41,0,0
BRDA:401,41,1,0
BRF:90
BRH:57
end_of_record
TN:
SF:/home/marvin/Misc/projects/debugadapter/vscode-firefox-debug/src/firefox/actorProxy/worker.ts
FN:10,(anonymous_0)
FN:15,(anonymous_1)
FN:19,(anonymous_2)
FN:28,(anonymous_3)
FN:32,(anonymous_4)
FN:44,(anonymous_5)
FN:48,(anonymous_6)
FN:63,(anonymous_7)
FN:85,(anonymous_8)
FN:109,(anonymous_9)
FNF:10
FNH:9
FNDA:1,(anonymous_0)
FNDA:9,(anonymous_1)
FNDA:0,(anonymous_2)
FNDA:1,(anonymous_3)
FNDA:1,(anonymous_4)
FNDA:1,(anonymous_5)
FNDA:1,(anonymous_6)
FNDA:3,(anonymous_7)
FNDA:1,(anonymous_8)
FNDA:1,(anonymous_9)
DA:1,33
DA:2,33
DA:3,33
DA:6,33
DA:8,33
DA:10,1
DA:11,1
DA:12,1
DA:16,9
DA:20,0
DA:29,1
DA:30,1
DA:32,1
DA:33,1
DA:34,1
DA:38,0
DA:41,1
DA:45,1
DA:46,1
DA:48,1
DA:49,1
DA:50,1
DA:57,0
DA:60,1
DA:65,3
DA:67,1
DA:69,1
DA:70,1
DA:71,1
DA:72,1
DA:74,0
DA:77,2
DA:79,1
DA:81,1
DA:82,1
DA:84,1
DA:85,1
DA:86,1
DA:87,1
DA:90,0
DA:93,1
DA:95,0
DA:96,0
DA:100,1
DA:101,1
DA:103,0
DA:110,1
LF:47
LH:39
BRDA:29,0,0,1
BRDA:29,0,1,0
BRDA:45,1,0,1
BRDA:45,1,1,0
BRDA:65,2,0,1
BRDA:65,2,1,2
BRDA:70,3,0,1
BRDA:70,3,1,0
BRDA:77,4,0,1
BRDA:77,4,1,1
BRDA:82,5,0,1
BRDA:82,5,1,0
BRDA:93,6,0,0
BRDA:93,6,1,1
BRDA:100,7,0,1
BRDA:100,7,1,0
BRF:16
BRH:10
end_of_record
TN:
SF:/home/marvin/Misc/projects/debugadapter/vscode-firefox-debug/src/util/addon.ts
FN:11,createXpi
FN:12,(anonymous_1)
FN:20,(anonymous_2)
FN:49,findAddonId
FN:50,(anonymous_4)
FN:52,(anonymous_5)
FNF:6
FNH:6
FNDA:2,createXpi
FNDA:2,(anonymous_1)
FNDA:1,(anonymous_2)
FNDA:2,findAddonId
FNDA:2,(anonymous_4)
FNDA:2,(anonymous_5)
DA:2,33
DA:3,33
DA:4,33
DA:6,33
DA:8,33
DA:9,33
DA:11,33
DA:12,2
DA:14,2
DA:18,1
DA:19,1
DA:21,1
DA:22,0
DA:24,1
DA:27,1
DA:30,1
DA:31,1
DA:32,1
DA:33,1
DA:34,0
DA:35,0
DA:38,1
DA:39,1
DA:42,0
DA:44,1
DA:49,33
DA:50,2
DA:51,2
DA:52,2
DA:53,2
LF:30
LH:26
BRDA:16,0,0,0
BRDA:16,0,1,1
BRDA:16,0,2,1
BRDA:21,1,0,0
BRDA:21,1,1,1
BRDA:33,2,0,0
BRDA:33,2,1,1
BRF:7
BRH:4
end_of_record
TN:
SF:/home/marvin/Misc/projects/debugadapter/vscode-firefox-debug/src/util/launcher.ts
FN:17,launchFirefox
FN:66,(anonymous_8)
FN:73,waitForSocket
FN:87,getFirefoxExecutablePath
FN:135,prepareDebugProfile
FN:164,installXpi
FN:165,(anonymous_15)
FN:166,(anonymous_16)
FN:176,createDebugProfile
FN:177,(anonymous_18)
FN:185,(anonymous_19)
FN:199,(anonymous_20)
FN:218,isExecutable
FN:227,connect
FN:228,(anonymous_23)
FN:230,(anonymous_24)
FNF:16
FNH:14
FNDA:33,launchFirefox
FNDA:33,(anonymous_8)
FNDA:33,waitForSocket
FNDA:33,getFirefoxExecutablePath
FNDA:33,prepareDebugProfile
FNDA:2,installXpi
FNDA:2,(anonymous_15)
FNDA:2,(anonymous_16)
FNDA:33,createDebugProfile
FNDA:33,(anonymous_18)
FNDA:0,(anonymous_19)
FNDA:0,(anonymous_20)
FNDA:33,isExecutable
FNDA:180,connect
FNDA:180,(anonymous_23)
FNDA:33,(anonymous_24)
DA:1,33
DA:2,33
DA:3,33
DA:4,33
DA:5,33
DA:6,33
DA:7,33
DA:9,33
DA:10,33
DA:17,33
DA:20,33
DA:21,33
DA:22,0
DA:23,0
DA:24,0
DA:26,0
DA:28,0
DA:31,33
DA:32,33
DA:34,33
DA:35,0
DA:38,33
DA:40,33
DA:41,0
DA:44,33
DA:45,33
DA:46,0
DA:48,33
DA:50,33
DA:52,0
DA:53,0
DA:54,0
DA:55,0
DA:57,0
DA:60,33
DA:61,33
DA:63,33
DA:65,33
DA:66,33
DA:67,33
DA:69,33
DA:70,33
DA:73,33
DA:74,33
DA:76,33
DA:77,180
DA:78,180
DA:80,147
DA:81,147
DA:84,0
DA:89,33
DA:90,0
DA:91,0
DA:93,0
DA:97,33
DA:98,33
DA:103,33
DA:107,33
DA:110,0
DA:114,0
DA:117,0
DA:123,0
DA:126,33
DA:127,33
DA:128,33
DA:132,0
DA:137,33
DA:139,33
DA:140,33
DA:141,33
DA:142,33
DA:143,33
DA:144,33
DA:145,33
DA:146,33
DA:147,33
DA:149,33
DA:151,2
DA:152,2
DA:153,2
DA:154,2
DA:155,2
DA:157,2
DA:160,31
DA:165,2
DA:166,2
DA:167,2
DA:168,0
DA:170,2
DA:177,33
DA:179,33
DA:181,0
DA:186,0
DA:187,0
DA:189,0
DA:193,33
DA:195,0
DA:200,0
DA:201,0
DA:203,0
DA:209,33
DA:210,33
DA:219,33
DA:220,33
DA:221,33
DA:223,0
DA:227,33
DA:228,180
DA:229,180
DA:230,180
DA:231,180
LF:111
LH:79
BRDA:21,0,0,0
BRDA:21,0,1,33
BRDA:23,1,0,0
BRDA:23,1,1,0
BRDA:31,2,0,33
BRDA:31,2,1,33
BRDA:34,3,0,0
BRDA:34,3,1,33
BRDA:38,4,0,33
BRDA:38,4,1,0
BRDA:40,5,0,0
BRDA:40,5,1,33
BRDA:45,6,0,0
BRDA:45,6,1,33
BRDA:52,7,0,0
BRDA:52,7,1,0
BRDA:54,8,0,0
BRDA:54,8,1,0
BRDA:74,9,0,33
BRDA:74,9,1,33
BRDA:89,10,0,0
BRDA:89,10,1,33
BRDA:90,11,0,0
BRDA:90,11,1,0
BRDA:100,12,0,33
BRDA:100,12,1,33
BRDA:100,12,2,33
BRDA:100,12,3,0
BRDA:100,12,4,0
BRDA:127,13,0,33
BRDA:127,13,1,0
BRDA:149,14,0,2
BRDA:149,14,1,31
BRDA:149,15,0,33
BRDA:149,15,1,2
BRDA:167,16,0,0
BRDA:167,16,1,2
BRDA:179,17,0,0
BRDA:179,17,1,33
BRDA:186,18,0,0
BRDA:186,18,1,0
BRDA:193,19,0,0
BRDA:193,19,1,33
BRDA:200,20,0,0
BRDA:200,20,1,0
BRF:45
BRH:21
end_of_record
TN:
SF:/home/marvin/Misc/projects/debugadapter/vscode-firefox-debug/src/util/log.ts
FN:11,(anonymous_0)
FN:48,(anonymous_1)
FN:22,(anonymous_2)
FN:35,(anonymous_3)
FN:40,(anonymous_4)
FN:53,(anonymous_5)
FN:57,(anonymous_6)
FN:61,(anonymous_7)
FN:65,(anonymous_8)
FN:69,(anonymous_9)
FN:90,(anonymous_10)
FN:110,(anonymous_11)
FN:121,(anonymous_12)
FNF:13
FNH:9
FNDA:33,(anonymous_0)
FNDA:660,(anonymous_1)
FNDA:0,(anonymous_2)
FNDA:0,(anonymous_3)
FNDA:660,(anonymous_4)
FNDA:6331,(anonymous_5)
FNDA:274,(anonymous_6)
FNDA:10,(anonymous_7)
FNDA:5,(anonymous_8)
FNDA:660,(anonymous_9)
FNDA:0,(anonymous_10)
FNDA:6620,(anonymous_11)
FNDA:0,(anonymous_12)
DA:1,33
DA:11,33
DA:13,33
DA:15,33
DA:17,33
DA:19,33
DA:23,0
DA:24,0
DA:25,0
DA:28,0
DA:29,0
DA:30,0
DA:31,0
DA:35,0
DA:38,33
DA:41,660
DA:48,660
DA:49,660
DA:50,660
DA:54,6331
DA:58,274
DA:62,10
DA:66,5
DA:70,660
DA:71,660
DA:72,0
DA:73,0
DA:74,0
DA:77,660
DA:78,0
DA:79,0
DA:80,0
DA:84,660
DA:85,660
DA:86,0
DA:91,0
DA:92,0
DA:95,0
DA:97,0
DA:100,0
DA:103,0
DA:106,0
DA:111,6620
DA:113,0
DA:114,0
DA:115,0
DA:116,0
DA:118,0
DA:120,0
DA:121,0
DA:123,0
DA:124,0
LF:52
LH:21
BRDA:11,0,0,33
BRDA:11,0,1,33
BRDA:23,1,0,0
BRDA:23,1,1,0
BRDA:29,2,0,0
BRDA:29,2,1,0
BRDA:71,3,0,0
BRDA:71,3,1,660
BRDA:71,4,0,660
BRDA:71,4,1,0
BRDA:73,5,0,0
BRDA:73,5,1,0
BRDA:77,6,0,0
BRDA:77,6,1,660
BRDA:79,7,0,0
BRDA:79,7,1,0
BRDA:85,8,0,0
BRDA:85,8,1,660
BRDA:85,9,0,660
BRDA:85,9,1,0
BRDA:91,10,0,0
BRDA:91,10,1,0
BRDA:96,11,0,0
BRDA:96,11,1,0
BRDA:96,11,2,0
BRDA:96,11,3,0
BRDA:111,12,0,0
BRDA:111,12,1,6620
BRDA:120,13,0,0
BRDA:120,13,1,0
BRDA:120,14,0,0
BRDA:120,14,1,0
BRDA:123,15,0,0
BRDA:123,15,1,0
BRF:34
BRH:8
end_of_record
TN:
SF:/home/marvin/Misc/projects/debugadapter/vscode-firefox-debug/src/util/misc.ts
FN:1,concatArrays
FN:5,urlBasename
FN:14,delay
FN:15,(anonymous_3)
FNF:4
FNH:3
FNDA:136,concatArrays
FNDA:0,urlBasename
FNDA:149,delay
FNDA:149,(anonymous_3)
DA:1,34
DA:2,136
DA:5,34
DA:6,0
DA:7,0
DA:8,0
DA:10,0
DA:14,34
DA:15,149
DA:16,149
LF:10
LH:6
BRDA:7,0,0,0
BRDA:7,0,1,0
BRF:2
BRH:0
end_of_record
