{"/Users/839655roje/data/projects/chai-spec-generator/out/src/spec-generator-chai.spec.js":{"path":"/Users/839655roje/data/projects/chai-spec-generator/out/src/spec-generator-chai.spec.js","s":{"1":1,"2":1,"3":1,"4":1,"5":1,"6":1,"7":1,"8":1,"9":1,"10":1,"11":1,"12":1,"13":1,"14":1,"15":1,"16":1,"17":1,"18":1,"19":1,"20":1,"21":1,"22":1,"23":1,"24":1,"25":1,"26":1,"27":1,"28":1,"29":1,"30":1,"31":1,"32":1,"33":1,"34":1,"35":1,"36":1,"37":1,"38":1,"39":1,"40":1,"41":1,"42":1,"43":1,"44":1,"45":1,"46":1,"47":1,"48":1,"49":1,"50":1,"51":1,"52":1,"53":1,"54":1,"55":1,"56":1,"57":1,"58":1,"59":1,"60":1,"61":1,"62":1,"63":1,"64":1,"65":1,"66":1,"67":1,"68":1,"69":1,"70":1,"71":1,"72":1,"73":1,"74":1,"75":1,"76":1,"77":1,"78":1,"79":1,"80":1,"81":1,"82":1,"83":1,"84":1,"85":1,"86":1,"87":1,"88":1,"89":1,"90":1,"91":1,"92":1,"93":1,"94":1,"95":1,"96":1,"97":1,"98":1,"99":1,"100":1,"101":1,"102":1,"103":1,"104":1,"105":1,"106":1,"107":1,"108":1,"109":1,"110":1,"111":1,"112":1,"113":1,"114":1,"115":1,"116":1,"117":1,"118":1,"119":1,"120":1,"121":1,"122":1,"123":1,"124":1,"125":1,"126":1,"127":1,"128":1,"129":1,"130":1,"131":1,"132":1,"133":1,"134":1,"135":1,"136":1,"137":1,"138":1,"139":1,"140":1,"141":1,"142":1,"143":1,"144":1,"145":1,"146":1,"147":1,"148":1,"149":1,"150":1,"151":1,"152":1,"153":1,"154":1,"155":1,"156":1,"157":1,"158":1,"159":1,"160":1,"161":1,"162":1,"163":1,"164":1,"165":1,"166":1,"167":1,"168":1,"169":1,"170":1,"171":1,"172":1,"173":1,"174":1,"175":1,"176":1,"177":1,"178":1,"179":1,"180":1,"181":1,"182":1,"183":1,"184":1,"185":1,"186":1,"187":1,"188":1,"189":1,"190":1,"191":1,"192":1,"193":1,"194":1,"195":1,"196":1,"197":1,"198":1,"199":1,"200":1,"201":1,"202":1,"203":1,"204":1,"205":1,"206":1,"207":1,"208":1,"209":1,"210":1,"211":1,"212":1,"213":1,"214":1,"215":1,"216":1,"217":1,"218":1,"219":1,"220":1,"221":1,"222":1,"223":1,"224":1,"225":1,"226":1,"227":1,"228":1,"229":1,"230":1,"231":1,"232":1,"233":1,"234":1,"235":1,"236":1,"237":1,"238":1,"239":1,"240":1,"241":1,"242":1,"243":1,"244":1,"245":1,"246":1,"247":1,"248":1,"249":1,"250":1,"251":1,"252":1,"253":1,"254":1,"255":1,"256":1,"257":1,"258":1,"259":1,"260":1,"261":1,"262":1,"263":1,"264":1,"265":1,"266":1,"267":1,"268":1,"269":1,"270":1,"271":1,"272":1,"273":1,"274":1,"275":1,"276":1,"277":1,"278":1,"279":1,"280":1,"281":1,"282":1,"283":1,"284":1,"285":1,"286":1,"287":1,"288":1,"289":1,"290":1,"291":1,"292":1,"293":1,"294":1,"295":1,"296":1,"297":1,"298":1,"299":1,"300":1,"301":1,"302":1,"303":1,"304":1,"305":1,"306":1,"307":1,"308":1,"309":1,"310":1,"311":1,"312":1,"313":1,"314":1,"315":1,"316":1,"317":1,"318":1,"319":1,"320":1,"321":1,"322":1,"323":1,"324":1,"325":1,"326":1,"327":1,"328":1,"329":1,"330":1,"331":1,"332":1,"333":1,"334":1,"335":1,"336":1,"337":1,"338":1,"339":1,"340":1,"341":1,"342":1,"343":1,"344":1,"345":1,"346":1,"347":1,"348":1,"349":1,"350":1,"351":1,"352":1,"353":1,"354":1,"355":1,"356":1,"357":1,"358":1},"b":{},"f":{"1":1,"2":1,"3":1,"4":1,"5":1,"6":1,"7":1,"8":1,"9":1,"10":1,"11":1,"12":1,"13":1,"14":1,"15":1,"16":1,"17":1,"18":1,"19":1,"20":1,"21":1,"22":1,"23":1,"24":1,"25":1,"26":1,"27":1,"28":1,"29":1,"30":1,"31":1,"32":1,"33":1,"34":1,"35":1,"36":1,"37":1,"38":1,"39":1,"40":1,"41":1,"42":1},"fnMap":{"1":{"name":"(anonymous_1)","line":4,"loc":{"start":{"line":4,"column":39},"end":{"line":4,"column":51}}},"2":{"name":"(anonymous_2)","line":5,"loc":{"start":{"line":5,"column":45},"end":{"line":5,"column":57}}},"3":{"name":"(anonymous_3)","line":11,"loc":{"start":{"line":11,"column":46},"end":{"line":11,"column":58}}},"4":{"name":"(anonymous_4)","line":17,"loc":{"start":{"line":17,"column":48},"end":{"line":17,"column":60}}},"5":{"name":"(anonymous_5)","line":23,"loc":{"start":{"line":23,"column":54},"end":{"line":23,"column":66}}},"6":{"name":"(anonymous_6)","line":29,"loc":{"start":{"line":29,"column":54},"end":{"line":29,"column":66}}},"7":{"name":"(anonymous_7)","line":35,"loc":{"start":{"line":35,"column":50},"end":{"line":35,"column":62}}},"8":{"name":"(anonymous_8)","line":41,"loc":{"start":{"line":41,"column":53},"end":{"line":41,"column":65}}},"9":{"name":"(anonymous_9)","line":47,"loc":{"start":{"line":47,"column":52},"end":{"line":47,"column":64}}},"10":{"name":"(anonymous_10)","line":54,"loc":{"start":{"line":54,"column":57},"end":{"line":54,"column":69}}},"11":{"name":"(anonymous_11)","line":64,"loc":{"start":{"line":64,"column":50},"end":{"line":64,"column":62}}},"12":{"name":"(anonymous_12)","line":76,"loc":{"start":{"line":76,"column":60},"end":{"line":76,"column":72}}},"13":{"name":"(anonymous_13)","line":100,"loc":{"start":{"line":100,"column":69},"end":{"line":100,"column":81}}},"14":{"name":"(anonymous_14)","line":124,"loc":{"start":{"line":124,"column":77},"end":{"line":124,"column":89}}},"15":{"name":"(anonymous_15)","line":129,"loc":{"start":{"line":129,"column":70},"end":{"line":129,"column":82}}},"16":{"name":"(anonymous_16)","line":138,"loc":{"start":{"line":138,"column":84},"end":{"line":138,"column":96}}},"17":{"name":"(anonymous_17)","line":150,"loc":{"start":{"line":150,"column":66},"end":{"line":150,"column":78}}},"18":{"name":"(anonymous_18)","line":163,"loc":{"start":{"line":163,"column":57},"end":{"line":163,"column":69}}},"19":{"name":"(anonymous_19)","line":164,"loc":{"start":{"line":164,"column":71},"end":{"line":164,"column":83}}},"20":{"name":"(anonymous_20)","line":170,"loc":{"start":{"line":170,"column":70},"end":{"line":170,"column":82}}},"21":{"name":"(anonymous_21)","line":177,"loc":{"start":{"line":177,"column":75},"end":{"line":177,"column":87}}},"22":{"name":"(anonymous_22)","line":187,"loc":{"start":{"line":187,"column":68},"end":{"line":187,"column":80}}},"23":{"name":"(anonymous_23)","line":199,"loc":{"start":{"line":199,"column":78},"end":{"line":199,"column":90}}},"24":{"name":"(anonymous_24)","line":223,"loc":{"start":{"line":223,"column":87},"end":{"line":223,"column":99}}},"25":{"name":"(anonymous_25)","line":247,"loc":{"start":{"line":247,"column":88},"end":{"line":247,"column":100}}},"26":{"name":"(anonymous_26)","line":256,"loc":{"start":{"line":256,"column":102},"end":{"line":256,"column":114}}},"27":{"name":"(anonymous_27)","line":268,"loc":{"start":{"line":268,"column":66},"end":{"line":268,"column":78}}},"28":{"name":"(anonymous_28)","line":281,"loc":{"start":{"line":281,"column":60},"end":{"line":281,"column":72}}},"29":{"name":"(anonymous_29)","line":282,"loc":{"start":{"line":282,"column":63},"end":{"line":282,"column":75}}},"30":{"name":"(anonymous_30)","line":288,"loc":{"start":{"line":288,"column":64},"end":{"line":288,"column":76}}},"31":{"name":"(anonymous_31)","line":294,"loc":{"start":{"line":294,"column":66},"end":{"line":294,"column":78}}},"32":{"name":"(anonymous_32)","line":300,"loc":{"start":{"line":300,"column":76},"end":{"line":300,"column":88}}},"33":{"name":"(anonymous_33)","line":306,"loc":{"start":{"line":306,"column":76},"end":{"line":306,"column":88}}},"34":{"name":"(anonymous_34)","line":312,"loc":{"start":{"line":312,"column":68},"end":{"line":312,"column":80}}},"35":{"name":"(anonymous_35)","line":318,"loc":{"start":{"line":318,"column":71},"end":{"line":318,"column":83}}},"36":{"name":"(anonymous_36)","line":324,"loc":{"start":{"line":324,"column":70},"end":{"line":324,"column":82}}},"37":{"name":"(anonymous_37)","line":331,"loc":{"start":{"line":331,"column":75},"end":{"line":331,"column":87}}},"38":{"name":"(anonymous_38)","line":341,"loc":{"start":{"line":341,"column":68},"end":{"line":341,"column":80}}},"39":{"name":"(anonymous_39)","line":353,"loc":{"start":{"line":353,"column":78},"end":{"line":353,"column":90}}},"40":{"name":"(anonymous_40)","line":377,"loc":{"start":{"line":377,"column":87},"end":{"line":377,"column":99}}},"41":{"name":"(anonymous_41)","line":401,"loc":{"start":{"line":401,"column":88},"end":{"line":401,"column":100}}},"42":{"name":"(anonymous_42)","line":410,"loc":{"start":{"line":410,"column":102},"end":{"line":410,"column":114}}}},"statementMap":{"1":{"start":{"line":2,"column":0},"end":{"line":2,"column":29}},"2":{"start":{"line":3,"column":0},"end":{"line":3,"column":51}},"3":{"start":{"line":4,"column":0},"end":{"line":162,"column":3}},"4":{"start":{"line":5,"column":4},"end":{"line":10,"column":7}},"5":{"start":{"line":6,"column":8},"end":{"line":6,"column":57}},"6":{"start":{"line":7,"column":8},"end":{"line":7,"column":44}},"7":{"start":{"line":8,"column":8},"end":{"line":8,"column":43}},"8":{"start":{"line":9,"column":8},"end":{"line":9,"column":76}},"9":{"start":{"line":11,"column":4},"end":{"line":16,"column":7}},"10":{"start":{"line":12,"column":8},"end":{"line":12,"column":58}},"11":{"start":{"line":13,"column":8},"end":{"line":13,"column":44}},"12":{"start":{"line":14,"column":8},"end":{"line":14,"column":43}},"13":{"start":{"line":15,"column":8},"end":{"line":15,"column":77}},"14":{"start":{"line":17,"column":4},"end":{"line":22,"column":7}},"15":{"start":{"line":18,"column":8},"end":{"line":18,"column":81}},"16":{"start":{"line":19,"column":8},"end":{"line":19,"column":44}},"17":{"start":{"line":20,"column":8},"end":{"line":20,"column":43}},"18":{"start":{"line":21,"column":8},"end":{"line":21,"column":70}},"19":{"start":{"line":23,"column":4},"end":{"line":28,"column":7}},"20":{"start":{"line":24,"column":8},"end":{"line":24,"column":93}},"21":{"start":{"line":25,"column":8},"end":{"line":25,"column":44}},"22":{"start":{"line":26,"column":8},"end":{"line":26,"column":43}},"23":{"start":{"line":27,"column":8},"end":{"line":27,"column":85}},"24":{"start":{"line":29,"column":4},"end":{"line":34,"column":7}},"25":{"start":{"line":30,"column":8},"end":{"line":30,"column":105}},"26":{"start":{"line":31,"column":8},"end":{"line":31,"column":44}},"27":{"start":{"line":32,"column":8},"end":{"line":32,"column":43}},"28":{"start":{"line":33,"column":8},"end":{"line":33,"column":95}},"29":{"start":{"line":35,"column":4},"end":{"line":40,"column":7}},"30":{"start":{"line":36,"column":8},"end":{"line":36,"column":62}},"31":{"start":{"line":37,"column":8},"end":{"line":37,"column":44}},"32":{"start":{"line":38,"column":8},"end":{"line":38,"column":43}},"33":{"start":{"line":39,"column":8},"end":{"line":39,"column":74}},"34":{"start":{"line":41,"column":4},"end":{"line":46,"column":7}},"35":{"start":{"line":42,"column":8},"end":{"line":42,"column":55}},"36":{"start":{"line":43,"column":8},"end":{"line":43,"column":44}},"37":{"start":{"line":44,"column":8},"end":{"line":44,"column":43}},"38":{"start":{"line":45,"column":8},"end":{"line":45,"column":78}},"39":{"start":{"line":47,"column":4},"end":{"line":53,"column":7}},"40":{"start":{"line":48,"column":8},"end":{"line":48,"column":55}},"41":{"start":{"line":49,"column":8},"end":{"line":49,"column":44}},"42":{"start":{"line":50,"column":8},"end":{"line":50,"column":43}},"43":{"start":{"line":51,"column":8},"end":{"line":51,"column":77}},"44":{"start":{"line":52,"column":8},"end":{"line":52,"column":70}},"45":{"start":{"line":54,"column":4},"end":{"line":63,"column":7}},"46":{"start":{"line":55,"column":8},"end":{"line":55,"column":68}},"47":{"start":{"line":56,"column":8},"end":{"line":56,"column":44}},"48":{"start":{"line":57,"column":8},"end":{"line":57,"column":43}},"49":{"start":{"line":58,"column":8},"end":{"line":58,"column":77}},"50":{"start":{"line":59,"column":8},"end":{"line":59,"column":74}},"51":{"start":{"line":60,"column":8},"end":{"line":60,"column":80}},"52":{"start":{"line":61,"column":8},"end":{"line":61,"column":80}},"53":{"start":{"line":62,"column":8},"end":{"line":62,"column":80}},"54":{"start":{"line":64,"column":4},"end":{"line":75,"column":7}},"55":{"start":{"line":65,"column":8},"end":{"line":65,"column":91}},"56":{"start":{"line":66,"column":8},"end":{"line":66,"column":44}},"57":{"start":{"line":67,"column":8},"end":{"line":67,"column":43}},"58":{"start":{"line":68,"column":8},"end":{"line":68,"column":78}},"59":{"start":{"line":69,"column":8},"end":{"line":69,"column":90}},"60":{"start":{"line":70,"column":8},"end":{"line":70,"column":90}},"61":{"start":{"line":71,"column":8},"end":{"line":71,"column":46}},"62":{"start":{"line":72,"column":8},"end":{"line":72,"column":89}},"63":{"start":{"line":73,"column":8},"end":{"line":73,"column":88}},"64":{"start":{"line":74,"column":8},"end":{"line":74,"column":46}},"65":{"start":{"line":76,"column":4},"end":{"line":99,"column":7}},"66":{"start":{"line":77,"column":8},"end":{"line":80,"column":11}},"67":{"start":{"line":81,"column":8},"end":{"line":81,"column":44}},"68":{"start":{"line":82,"column":8},"end":{"line":82,"column":44}},"69":{"start":{"line":83,"column":8},"end":{"line":83,"column":77}},"70":{"start":{"line":84,"column":8},"end":{"line":84,"column":74}},"71":{"start":{"line":85,"column":8},"end":{"line":85,"column":81}},"72":{"start":{"line":86,"column":8},"end":{"line":86,"column":93}},"73":{"start":{"line":87,"column":8},"end":{"line":87,"column":93}},"74":{"start":{"line":88,"column":8},"end":{"line":88,"column":46}},"75":{"start":{"line":89,"column":8},"end":{"line":89,"column":92}},"76":{"start":{"line":90,"column":8},"end":{"line":90,"column":91}},"77":{"start":{"line":91,"column":8},"end":{"line":91,"column":46}},"78":{"start":{"line":92,"column":8},"end":{"line":92,"column":81}},"79":{"start":{"line":93,"column":8},"end":{"line":93,"column":94}},"80":{"start":{"line":94,"column":8},"end":{"line":94,"column":94}},"81":{"start":{"line":95,"column":8},"end":{"line":95,"column":47}},"82":{"start":{"line":96,"column":8},"end":{"line":96,"column":93}},"83":{"start":{"line":97,"column":8},"end":{"line":97,"column":92}},"84":{"start":{"line":98,"column":8},"end":{"line":98,"column":47}},"85":{"start":{"line":100,"column":4},"end":{"line":123,"column":7}},"86":{"start":{"line":101,"column":8},"end":{"line":105,"column":11}},"87":{"start":{"line":106,"column":8},"end":{"line":106,"column":44}},"88":{"start":{"line":107,"column":8},"end":{"line":107,"column":44}},"89":{"start":{"line":108,"column":8},"end":{"line":108,"column":78}},"90":{"start":{"line":109,"column":8},"end":{"line":109,"column":90}},"91":{"start":{"line":110,"column":8},"end":{"line":110,"column":90}},"92":{"start":{"line":111,"column":8},"end":{"line":111,"column":46}},"93":{"start":{"line":112,"column":8},"end":{"line":112,"column":89}},"94":{"start":{"line":113,"column":8},"end":{"line":113,"column":88}},"95":{"start":{"line":114,"column":8},"end":{"line":114,"column":46}},"96":{"start":{"line":115,"column":8},"end":{"line":115,"column":88}},"97":{"start":{"line":116,"column":8},"end":{"line":116,"column":86}},"98":{"start":{"line":117,"column":8},"end":{"line":117,"column":98}},"99":{"start":{"line":118,"column":8},"end":{"line":118,"column":99}},"100":{"start":{"line":119,"column":8},"end":{"line":119,"column":47}},"101":{"start":{"line":120,"column":8},"end":{"line":120,"column":98}},"102":{"start":{"line":121,"column":8},"end":{"line":121,"column":97}},"103":{"start":{"line":122,"column":8},"end":{"line":122,"column":47}},"104":{"start":{"line":124,"column":4},"end":{"line":128,"column":7}},"105":{"start":{"line":125,"column":8},"end":{"line":125,"column":88}},"106":{"start":{"line":126,"column":8},"end":{"line":126,"column":44}},"107":{"start":{"line":127,"column":8},"end":{"line":127,"column":43}},"108":{"start":{"line":129,"column":4},"end":{"line":137,"column":7}},"109":{"start":{"line":130,"column":8},"end":{"line":130,"column":91}},"110":{"start":{"line":131,"column":8},"end":{"line":131,"column":44}},"111":{"start":{"line":132,"column":8},"end":{"line":132,"column":43}},"112":{"start":{"line":133,"column":8},"end":{"line":133,"column":78}},"113":{"start":{"line":134,"column":8},"end":{"line":134,"column":93}},"114":{"start":{"line":135,"column":8},"end":{"line":135,"column":110}},"115":{"start":{"line":136,"column":8},"end":{"line":136,"column":46}},"116":{"start":{"line":138,"column":4},"end":{"line":149,"column":7}},"117":{"start":{"line":139,"column":8},"end":{"line":139,"column":79}},"118":{"start":{"line":140,"column":8},"end":{"line":140,"column":44}},"119":{"start":{"line":141,"column":8},"end":{"line":141,"column":43}},"120":{"start":{"line":142,"column":8},"end":{"line":142,"column":78}},"121":{"start":{"line":143,"column":8},"end":{"line":143,"column":86}},"122":{"start":{"line":144,"column":8},"end":{"line":144,"column":83}},"123":{"start":{"line":145,"column":8},"end":{"line":145,"column":80}},"124":{"start":{"line":146,"column":8},"end":{"line":146,"column":89}},"125":{"start":{"line":147,"column":8},"end":{"line":147,"column":88}},"126":{"start":{"line":148,"column":8},"end":{"line":148,"column":46}},"127":{"start":{"line":150,"column":4},"end":{"line":161,"column":7}},"128":{"start":{"line":151,"column":8},"end":{"line":151,"column":79}},"129":{"start":{"line":152,"column":8},"end":{"line":152,"column":44}},"130":{"start":{"line":153,"column":8},"end":{"line":153,"column":43}},"131":{"start":{"line":154,"column":8},"end":{"line":154,"column":78}},"132":{"start":{"line":155,"column":8},"end":{"line":155,"column":84}},"133":{"start":{"line":156,"column":8},"end":{"line":156,"column":78}},"134":{"start":{"line":157,"column":8},"end":{"line":157,"column":46}},"135":{"start":{"line":158,"column":8},"end":{"line":158,"column":87}},"136":{"start":{"line":159,"column":8},"end":{"line":159,"column":84}},"137":{"start":{"line":160,"column":8},"end":{"line":160,"column":46}},"138":{"start":{"line":163,"column":0},"end":{"line":280,"column":3}},"139":{"start":{"line":164,"column":4},"end":{"line":169,"column":7}},"140":{"start":{"line":165,"column":8},"end":{"line":165,"column":71}},"141":{"start":{"line":166,"column":8},"end":{"line":166,"column":44}},"142":{"start":{"line":167,"column":8},"end":{"line":167,"column":43}},"143":{"start":{"line":168,"column":8},"end":{"line":168,"column":76}},"144":{"start":{"line":170,"column":4},"end":{"line":176,"column":7}},"145":{"start":{"line":171,"column":8},"end":{"line":171,"column":71}},"146":{"start":{"line":172,"column":8},"end":{"line":172,"column":44}},"147":{"start":{"line":173,"column":8},"end":{"line":173,"column":43}},"148":{"start":{"line":174,"column":8},"end":{"line":174,"column":75}},"149":{"start":{"line":175,"column":8},"end":{"line":175,"column":70}},"150":{"start":{"line":177,"column":4},"end":{"line":186,"column":7}},"151":{"start":{"line":178,"column":8},"end":{"line":178,"column":84}},"152":{"start":{"line":179,"column":8},"end":{"line":179,"column":44}},"153":{"start":{"line":180,"column":8},"end":{"line":180,"column":43}},"154":{"start":{"line":181,"column":8},"end":{"line":181,"column":75}},"155":{"start":{"line":182,"column":8},"end":{"line":182,"column":74}},"156":{"start":{"line":183,"column":8},"end":{"line":183,"column":78}},"157":{"start":{"line":184,"column":8},"end":{"line":184,"column":78}},"158":{"start":{"line":185,"column":8},"end":{"line":185,"column":78}},"159":{"start":{"line":187,"column":4},"end":{"line":198,"column":7}},"160":{"start":{"line":188,"column":8},"end":{"line":188,"column":107}},"161":{"start":{"line":189,"column":8},"end":{"line":189,"column":44}},"162":{"start":{"line":190,"column":8},"end":{"line":190,"column":43}},"163":{"start":{"line":191,"column":8},"end":{"line":191,"column":76}},"164":{"start":{"line":192,"column":8},"end":{"line":192,"column":88}},"165":{"start":{"line":193,"column":8},"end":{"line":193,"column":88}},"166":{"start":{"line":194,"column":8},"end":{"line":194,"column":46}},"167":{"start":{"line":195,"column":8},"end":{"line":195,"column":87}},"168":{"start":{"line":196,"column":8},"end":{"line":196,"column":86}},"169":{"start":{"line":197,"column":8},"end":{"line":197,"column":46}},"170":{"start":{"line":199,"column":4},"end":{"line":222,"column":7}},"171":{"start":{"line":200,"column":8},"end":{"line":203,"column":27}},"172":{"start":{"line":204,"column":8},"end":{"line":204,"column":44}},"173":{"start":{"line":205,"column":8},"end":{"line":205,"column":44}},"174":{"start":{"line":206,"column":8},"end":{"line":206,"column":75}},"175":{"start":{"line":207,"column":8},"end":{"line":207,"column":74}},"176":{"start":{"line":208,"column":8},"end":{"line":208,"column":79}},"177":{"start":{"line":209,"column":8},"end":{"line":209,"column":91}},"178":{"start":{"line":210,"column":8},"end":{"line":210,"column":91}},"179":{"start":{"line":211,"column":8},"end":{"line":211,"column":46}},"180":{"start":{"line":212,"column":8},"end":{"line":212,"column":90}},"181":{"start":{"line":213,"column":8},"end":{"line":213,"column":89}},"182":{"start":{"line":214,"column":8},"end":{"line":214,"column":46}},"183":{"start":{"line":215,"column":8},"end":{"line":215,"column":79}},"184":{"start":{"line":216,"column":8},"end":{"line":216,"column":92}},"185":{"start":{"line":217,"column":8},"end":{"line":217,"column":92}},"186":{"start":{"line":218,"column":8},"end":{"line":218,"column":47}},"187":{"start":{"line":219,"column":8},"end":{"line":219,"column":91}},"188":{"start":{"line":220,"column":8},"end":{"line":220,"column":90}},"189":{"start":{"line":221,"column":8},"end":{"line":221,"column":47}},"190":{"start":{"line":223,"column":4},"end":{"line":246,"column":7}},"191":{"start":{"line":224,"column":8},"end":{"line":228,"column":27}},"192":{"start":{"line":229,"column":8},"end":{"line":229,"column":44}},"193":{"start":{"line":230,"column":8},"end":{"line":230,"column":44}},"194":{"start":{"line":231,"column":8},"end":{"line":231,"column":76}},"195":{"start":{"line":232,"column":8},"end":{"line":232,"column":88}},"196":{"start":{"line":233,"column":8},"end":{"line":233,"column":88}},"197":{"start":{"line":234,"column":8},"end":{"line":234,"column":46}},"198":{"start":{"line":235,"column":8},"end":{"line":235,"column":87}},"199":{"start":{"line":236,"column":8},"end":{"line":236,"column":86}},"200":{"start":{"line":237,"column":8},"end":{"line":237,"column":46}},"201":{"start":{"line":238,"column":8},"end":{"line":238,"column":86}},"202":{"start":{"line":239,"column":8},"end":{"line":239,"column":84}},"203":{"start":{"line":240,"column":8},"end":{"line":240,"column":96}},"204":{"start":{"line":241,"column":8},"end":{"line":241,"column":97}},"205":{"start":{"line":242,"column":8},"end":{"line":242,"column":47}},"206":{"start":{"line":243,"column":8},"end":{"line":243,"column":96}},"207":{"start":{"line":244,"column":8},"end":{"line":244,"column":95}},"208":{"start":{"line":245,"column":8},"end":{"line":245,"column":47}},"209":{"start":{"line":247,"column":4},"end":{"line":255,"column":7}},"210":{"start":{"line":248,"column":8},"end":{"line":248,"column":107}},"211":{"start":{"line":249,"column":8},"end":{"line":249,"column":44}},"212":{"start":{"line":250,"column":8},"end":{"line":250,"column":43}},"213":{"start":{"line":251,"column":8},"end":{"line":251,"column":76}},"214":{"start":{"line":252,"column":8},"end":{"line":252,"column":91}},"215":{"start":{"line":253,"column":8},"end":{"line":253,"column":106}},"216":{"start":{"line":254,"column":8},"end":{"line":254,"column":46}},"217":{"start":{"line":256,"column":4},"end":{"line":267,"column":7}},"218":{"start":{"line":257,"column":8},"end":{"line":257,"column":95}},"219":{"start":{"line":258,"column":8},"end":{"line":258,"column":44}},"220":{"start":{"line":259,"column":8},"end":{"line":259,"column":43}},"221":{"start":{"line":260,"column":8},"end":{"line":260,"column":76}},"222":{"start":{"line":261,"column":8},"end":{"line":261,"column":84}},"223":{"start":{"line":262,"column":8},"end":{"line":262,"column":81}},"224":{"start":{"line":263,"column":8},"end":{"line":263,"column":80}},"225":{"start":{"line":264,"column":8},"end":{"line":264,"column":87}},"226":{"start":{"line":265,"column":8},"end":{"line":265,"column":86}},"227":{"start":{"line":266,"column":8},"end":{"line":266,"column":46}},"228":{"start":{"line":268,"column":4},"end":{"line":279,"column":7}},"229":{"start":{"line":269,"column":8},"end":{"line":269,"column":95}},"230":{"start":{"line":270,"column":8},"end":{"line":270,"column":44}},"231":{"start":{"line":271,"column":8},"end":{"line":271,"column":43}},"232":{"start":{"line":272,"column":8},"end":{"line":272,"column":76}},"233":{"start":{"line":273,"column":8},"end":{"line":273,"column":82}},"234":{"start":{"line":274,"column":8},"end":{"line":274,"column":78}},"235":{"start":{"line":275,"column":8},"end":{"line":275,"column":46}},"236":{"start":{"line":276,"column":8},"end":{"line":276,"column":85}},"237":{"start":{"line":277,"column":8},"end":{"line":277,"column":84}},"238":{"start":{"line":278,"column":8},"end":{"line":278,"column":46}},"239":{"start":{"line":281,"column":0},"end":{"line":422,"column":3}},"240":{"start":{"line":282,"column":4},"end":{"line":287,"column":7}},"241":{"start":{"line":283,"column":8},"end":{"line":283,"column":79}},"242":{"start":{"line":284,"column":8},"end":{"line":284,"column":44}},"243":{"start":{"line":285,"column":8},"end":{"line":285,"column":43}},"244":{"start":{"line":286,"column":8},"end":{"line":286,"column":75}},"245":{"start":{"line":288,"column":4},"end":{"line":293,"column":7}},"246":{"start":{"line":289,"column":8},"end":{"line":289,"column":80}},"247":{"start":{"line":290,"column":8},"end":{"line":290,"column":44}},"248":{"start":{"line":291,"column":8},"end":{"line":291,"column":43}},"249":{"start":{"line":292,"column":8},"end":{"line":292,"column":76}},"250":{"start":{"line":294,"column":4},"end":{"line":299,"column":7}},"251":{"start":{"line":295,"column":8},"end":{"line":295,"column":99}},"252":{"start":{"line":296,"column":8},"end":{"line":296,"column":44}},"253":{"start":{"line":297,"column":8},"end":{"line":297,"column":43}},"254":{"start":{"line":298,"column":8},"end":{"line":298,"column":69}},"255":{"start":{"line":300,"column":4},"end":{"line":305,"column":7}},"256":{"start":{"line":301,"column":8},"end":{"line":301,"column":111}},"257":{"start":{"line":302,"column":8},"end":{"line":302,"column":44}},"258":{"start":{"line":303,"column":8},"end":{"line":303,"column":43}},"259":{"start":{"line":304,"column":8},"end":{"line":304,"column":84}},"260":{"start":{"line":306,"column":4},"end":{"line":311,"column":7}},"261":{"start":{"line":307,"column":8},"end":{"line":307,"column":123}},"262":{"start":{"line":308,"column":8},"end":{"line":308,"column":44}},"263":{"start":{"line":309,"column":8},"end":{"line":309,"column":43}},"264":{"start":{"line":310,"column":8},"end":{"line":310,"column":93}},"265":{"start":{"line":312,"column":4},"end":{"line":317,"column":7}},"266":{"start":{"line":313,"column":8},"end":{"line":313,"column":84}},"267":{"start":{"line":314,"column":8},"end":{"line":314,"column":44}},"268":{"start":{"line":315,"column":8},"end":{"line":315,"column":43}},"269":{"start":{"line":316,"column":8},"end":{"line":316,"column":73}},"270":{"start":{"line":318,"column":4},"end":{"line":323,"column":7}},"271":{"start":{"line":319,"column":8},"end":{"line":319,"column":77}},"272":{"start":{"line":320,"column":8},"end":{"line":320,"column":44}},"273":{"start":{"line":321,"column":8},"end":{"line":321,"column":43}},"274":{"start":{"line":322,"column":8},"end":{"line":322,"column":77}},"275":{"start":{"line":324,"column":4},"end":{"line":330,"column":7}},"276":{"start":{"line":325,"column":8},"end":{"line":325,"column":77}},"277":{"start":{"line":326,"column":8},"end":{"line":326,"column":44}},"278":{"start":{"line":327,"column":8},"end":{"line":327,"column":43}},"279":{"start":{"line":328,"column":8},"end":{"line":328,"column":76}},"280":{"start":{"line":329,"column":8},"end":{"line":329,"column":69}},"281":{"start":{"line":331,"column":4},"end":{"line":340,"column":7}},"282":{"start":{"line":332,"column":8},"end":{"line":332,"column":90}},"283":{"start":{"line":333,"column":8},"end":{"line":333,"column":44}},"284":{"start":{"line":334,"column":8},"end":{"line":334,"column":43}},"285":{"start":{"line":335,"column":8},"end":{"line":335,"column":76}},"286":{"start":{"line":336,"column":8},"end":{"line":336,"column":73}},"287":{"start":{"line":337,"column":8},"end":{"line":337,"column":79}},"288":{"start":{"line":338,"column":8},"end":{"line":338,"column":79}},"289":{"start":{"line":339,"column":8},"end":{"line":339,"column":79}},"290":{"start":{"line":341,"column":4},"end":{"line":352,"column":7}},"291":{"start":{"line":342,"column":8},"end":{"line":342,"column":113}},"292":{"start":{"line":343,"column":8},"end":{"line":343,"column":44}},"293":{"start":{"line":344,"column":8},"end":{"line":344,"column":43}},"294":{"start":{"line":345,"column":8},"end":{"line":345,"column":77}},"295":{"start":{"line":346,"column":8},"end":{"line":346,"column":89}},"296":{"start":{"line":347,"column":8},"end":{"line":347,"column":89}},"297":{"start":{"line":348,"column":8},"end":{"line":348,"column":46}},"298":{"start":{"line":349,"column":8},"end":{"line":349,"column":88}},"299":{"start":{"line":350,"column":8},"end":{"line":350,"column":87}},"300":{"start":{"line":351,"column":8},"end":{"line":351,"column":46}},"301":{"start":{"line":353,"column":4},"end":{"line":376,"column":7}},"302":{"start":{"line":354,"column":8},"end":{"line":357,"column":33}},"303":{"start":{"line":358,"column":8},"end":{"line":358,"column":44}},"304":{"start":{"line":359,"column":8},"end":{"line":359,"column":44}},"305":{"start":{"line":360,"column":8},"end":{"line":360,"column":76}},"306":{"start":{"line":361,"column":8},"end":{"line":361,"column":73}},"307":{"start":{"line":362,"column":8},"end":{"line":362,"column":80}},"308":{"start":{"line":363,"column":8},"end":{"line":363,"column":92}},"309":{"start":{"line":364,"column":8},"end":{"line":364,"column":92}},"310":{"start":{"line":365,"column":8},"end":{"line":365,"column":46}},"311":{"start":{"line":366,"column":8},"end":{"line":366,"column":91}},"312":{"start":{"line":367,"column":8},"end":{"line":367,"column":90}},"313":{"start":{"line":368,"column":8},"end":{"line":368,"column":46}},"314":{"start":{"line":369,"column":8},"end":{"line":369,"column":80}},"315":{"start":{"line":370,"column":8},"end":{"line":370,"column":93}},"316":{"start":{"line":371,"column":8},"end":{"line":371,"column":93}},"317":{"start":{"line":372,"column":8},"end":{"line":372,"column":47}},"318":{"start":{"line":373,"column":8},"end":{"line":373,"column":92}},"319":{"start":{"line":374,"column":8},"end":{"line":374,"column":91}},"320":{"start":{"line":375,"column":8},"end":{"line":375,"column":47}},"321":{"start":{"line":377,"column":4},"end":{"line":400,"column":7}},"322":{"start":{"line":378,"column":8},"end":{"line":382,"column":33}},"323":{"start":{"line":383,"column":8},"end":{"line":383,"column":44}},"324":{"start":{"line":384,"column":8},"end":{"line":384,"column":44}},"325":{"start":{"line":385,"column":8},"end":{"line":385,"column":77}},"326":{"start":{"line":386,"column":8},"end":{"line":386,"column":89}},"327":{"start":{"line":387,"column":8},"end":{"line":387,"column":89}},"328":{"start":{"line":388,"column":8},"end":{"line":388,"column":46}},"329":{"start":{"line":389,"column":8},"end":{"line":389,"column":88}},"330":{"start":{"line":390,"column":8},"end":{"line":390,"column":87}},"331":{"start":{"line":391,"column":8},"end":{"line":391,"column":46}},"332":{"start":{"line":392,"column":8},"end":{"line":392,"column":87}},"333":{"start":{"line":393,"column":8},"end":{"line":393,"column":85}},"334":{"start":{"line":394,"column":8},"end":{"line":394,"column":97}},"335":{"start":{"line":395,"column":8},"end":{"line":395,"column":98}},"336":{"start":{"line":396,"column":8},"end":{"line":396,"column":47}},"337":{"start":{"line":397,"column":8},"end":{"line":397,"column":97}},"338":{"start":{"line":398,"column":8},"end":{"line":398,"column":96}},"339":{"start":{"line":399,"column":8},"end":{"line":399,"column":47}},"340":{"start":{"line":401,"column":4},"end":{"line":409,"column":7}},"341":{"start":{"line":402,"column":8},"end":{"line":402,"column":113}},"342":{"start":{"line":403,"column":8},"end":{"line":403,"column":44}},"343":{"start":{"line":404,"column":8},"end":{"line":404,"column":43}},"344":{"start":{"line":405,"column":8},"end":{"line":405,"column":77}},"345":{"start":{"line":406,"column":8},"end":{"line":406,"column":92}},"346":{"start":{"line":407,"column":8},"end":{"line":407,"column":109}},"347":{"start":{"line":408,"column":8},"end":{"line":408,"column":46}},"348":{"start":{"line":410,"column":4},"end":{"line":421,"column":7}},"349":{"start":{"line":411,"column":8},"end":{"line":411,"column":101}},"350":{"start":{"line":412,"column":8},"end":{"line":412,"column":44}},"351":{"start":{"line":413,"column":8},"end":{"line":413,"column":43}},"352":{"start":{"line":414,"column":8},"end":{"line":414,"column":77}},"353":{"start":{"line":415,"column":8},"end":{"line":415,"column":85}},"354":{"start":{"line":416,"column":8},"end":{"line":416,"column":82}},"355":{"start":{"line":417,"column":8},"end":{"line":417,"column":79}},"356":{"start":{"line":418,"column":8},"end":{"line":418,"column":88}},"357":{"start":{"line":419,"column":8},"end":{"line":419,"column":87}},"358":{"start":{"line":420,"column":8},"end":{"line":420,"column":46}}},"branchMap":{}},"/Users/839655roje/data/projects/chai-spec-generator/out/src/spec-generator.js":{"path":"/Users/839655roje/data/projects/chai-spec-generator/out/src/spec-generator.js","s":{"1":1,"2":167,"3":140,"4":1,"5":124,"6":124,"7":1,"8":1,"9":36,"10":12,"11":24,"12":12,"13":12,"14":1,"15":36,"16":12,"17":24,"18":12,"19":12,"20":1,"21":79,"22":27,"23":52,"24":26,"25":26,"26":1,"27":131,"28":45,"29":86,"30":43,"31":43,"32":1,"33":7,"34":3,"35":4,"36":2,"37":2,"38":1,"39":7,"40":3,"41":4,"42":2,"43":2,"44":1,"45":172,"46":60,"47":9,"48":51,"49":3,"50":48,"51":112,"52":56,"53":6,"54":50,"55":2,"56":48,"57":56,"58":6,"59":50,"60":2,"61":48,"62":1,"63":12,"64":4,"65":2,"66":2,"67":8,"68":4,"69":2,"70":2,"71":4,"72":2,"73":2,"74":1,"75":205,"76":205,"77":205,"78":205,"79":24,"80":7,"81":17,"82":12,"83":5,"84":181,"85":36,"86":36,"87":36,"88":63,"89":36,"90":145,"91":79,"92":79,"93":131,"94":131,"95":131,"96":131,"97":9,"98":122,"99":9,"100":113,"101":131,"102":66,"103":7,"104":59,"105":181},"b":{"1":[140,27],"2":[12,24],"3":[12,12],"4":[12,24],"5":[12,12],"6":[3,9],"7":[3,9],"8":[27,52],"9":[26,26],"10":[45,86],"11":[43,43],"12":[3,4],"13":[2,2],"14":[3,4],"15":[2,2],"16":[60,112],"17":[9,51],"18":[60,60],"19":[3,48],"20":[51,3],"21":[56,56],"22":[6,50],"23":[56,56],"24":[2,48],"25":[50,2],"26":[6,50],"27":[56,56],"28":[2,48],"29":[50,2],"30":[4,8],"31":[2,2],"32":[4,4],"33":[2,2],"34":[2,2],"35":[134,71],"36":[24,181],"37":[7,17],"38":[12,5],"39":[36,145],"40":[79,66],"41":[122,9],"42":[9,122],"43":[9,113],"44":[7,59]},"f":{"1":167,"2":124,"3":36,"4":36,"5":79,"6":131,"7":7,"8":7,"9":172,"10":12,"11":205,"12":63,"13":131},"fnMap":{"1":{"name":"newLine","line":2,"loc":{"start":{"line":2,"column":0},"end":{"line":2,"column":24}}},"2":{"name":"generateSpec","line":7,"loc":{"start":{"line":7,"column":0},"end":{"line":7,"column":39}}},"3":{"name":"generateArrayCheck","line":19,"loc":{"start":{"line":19,"column":0},"end":{"line":19,"column":49}}},"4":{"name":"generateArrayLengthCheck","line":28,"loc":{"start":{"line":28,"column":0},"end":{"line":28,"column":63}}},"5":{"name":"generateObjectCheck","line":37,"loc":{"start":{"line":37,"column":0},"end":{"line":37,"column":50}}},"6":{"name":"generatePropertyCheck","line":46,"loc":{"start":{"line":46,"column":0},"end":{"line":46,"column":59}}},"7":{"name":"generateDefinedCheck","line":55,"loc":{"start":{"line":55,"column":0},"end":{"line":55,"column":58}}},"8":{"name":"generateUndefinedCheck","line":64,"loc":{"start":{"line":64,"column":0},"end":{"line":64,"column":60}}},"9":{"name":"generateEqualCheck","line":73,"loc":{"start":{"line":73,"column":0},"end":{"line":73,"column":56}}},"10":{"name":"generateThrowCheck","line":100,"loc":{"start":{"line":100,"column":0},"end":{"line":100,"column":61}}},"11":{"name":"generateSpecForChai","line":124,"loc":{"start":{"line":124,"column":0},"end":{"line":124,"column":46}}},"12":{"name":"(anonymous_12)","line":140,"loc":{"start":{"line":140,"column":19},"end":{"line":140,"column":42}}},"13":{"name":"(anonymous_13)","line":149,"loc":{"start":{"line":149,"column":32},"end":{"line":149,"column":47}}}},"statementMap":{"1":{"start":{"line":2,"column":0},"end":{"line":6,"column":1}},"2":{"start":{"line":3,"column":4},"end":{"line":5,"column":5}},"3":{"start":{"line":4,"column":8},"end":{"line":4,"column":23}},"4":{"start":{"line":7,"column":0},"end":{"line":17,"column":1}},"5":{"start":{"line":8,"column":4},"end":{"line":15,"column":16}},"6":{"start":{"line":16,"column":4},"end":{"line":16,"column":48}},"7":{"start":{"line":18,"column":0},"end":{"line":18,"column":36}},"8":{"start":{"line":19,"column":0},"end":{"line":27,"column":1}},"9":{"start":{"line":20,"column":4},"end":{"line":25,"column":5}},"10":{"start":{"line":21,"column":8},"end":{"line":21,"column":74}},"11":{"start":{"line":23,"column":9},"end":{"line":25,"column":5}},"12":{"start":{"line":24,"column":8},"end":{"line":24,"column":68}},"13":{"start":{"line":26,"column":4},"end":{"line":26,"column":70}},"14":{"start":{"line":28,"column":0},"end":{"line":36,"column":1}},"15":{"start":{"line":29,"column":4},"end":{"line":34,"column":5}},"16":{"start":{"line":30,"column":8},"end":{"line":30,"column":75}},"17":{"start":{"line":32,"column":9},"end":{"line":34,"column":5}},"18":{"start":{"line":33,"column":8},"end":{"line":33,"column":104}},"19":{"start":{"line":35,"column":4},"end":{"line":35,"column":106}},"20":{"start":{"line":37,"column":0},"end":{"line":45,"column":1}},"21":{"start":{"line":38,"column":4},"end":{"line":43,"column":5}},"22":{"start":{"line":39,"column":8},"end":{"line":39,"column":131}},"23":{"start":{"line":41,"column":9},"end":{"line":43,"column":5}},"24":{"start":{"line":42,"column":8},"end":{"line":42,"column":69}},"25":{"start":{"line":44,"column":4},"end":{"line":44,"column":71}},"26":{"start":{"line":46,"column":0},"end":{"line":54,"column":1}},"27":{"start":{"line":47,"column":4},"end":{"line":52,"column":5}},"28":{"start":{"line":48,"column":8},"end":{"line":48,"column":90}},"29":{"start":{"line":50,"column":9},"end":{"line":52,"column":5}},"30":{"start":{"line":51,"column":8},"end":{"line":51,"column":75}},"31":{"start":{"line":53,"column":4},"end":{"line":53,"column":77}},"32":{"start":{"line":55,"column":0},"end":{"line":63,"column":1}},"33":{"start":{"line":56,"column":4},"end":{"line":61,"column":5}},"34":{"start":{"line":57,"column":8},"end":{"line":57,"column":58}},"35":{"start":{"line":59,"column":9},"end":{"line":61,"column":5}},"36":{"start":{"line":60,"column":8},"end":{"line":60,"column":47}},"37":{"start":{"line":62,"column":4},"end":{"line":62,"column":49}},"38":{"start":{"line":64,"column":0},"end":{"line":72,"column":1}},"39":{"start":{"line":65,"column":4},"end":{"line":70,"column":5}},"40":{"start":{"line":66,"column":8},"end":{"line":66,"column":60}},"41":{"start":{"line":68,"column":9},"end":{"line":70,"column":5}},"42":{"start":{"line":69,"column":8},"end":{"line":69,"column":51}},"43":{"start":{"line":71,"column":4},"end":{"line":71,"column":53}},"44":{"start":{"line":73,"column":0},"end":{"line":99,"column":1}},"45":{"start":{"line":74,"column":4},"end":{"line":91,"column":5}},"46":{"start":{"line":75,"column":8},"end":{"line":80,"column":9}},"47":{"start":{"line":76,"column":12},"end":{"line":76,"column":68}},"48":{"start":{"line":78,"column":13},"end":{"line":80,"column":9}},"49":{"start":{"line":79,"column":12},"end":{"line":79,"column":71}},"50":{"start":{"line":81,"column":8},"end":{"line":81,"column":75}},"51":{"start":{"line":83,"column":9},"end":{"line":91,"column":5}},"52":{"start":{"line":84,"column":8},"end":{"line":89,"column":9}},"53":{"start":{"line":85,"column":12},"end":{"line":85,"column":66}},"54":{"start":{"line":87,"column":13},"end":{"line":89,"column":9}},"55":{"start":{"line":88,"column":12},"end":{"line":88,"column":66}},"56":{"start":{"line":90,"column":8},"end":{"line":90,"column":70}},"57":{"start":{"line":92,"column":4},"end":{"line":97,"column":5}},"58":{"start":{"line":93,"column":8},"end":{"line":93,"column":68}},"59":{"start":{"line":95,"column":9},"end":{"line":97,"column":5}},"60":{"start":{"line":96,"column":8},"end":{"line":96,"column":68}},"61":{"start":{"line":98,"column":4},"end":{"line":98,"column":72}},"62":{"start":{"line":100,"column":0},"end":{"line":123,"column":1}},"63":{"start":{"line":101,"column":4},"end":{"line":116,"column":5}},"64":{"start":{"line":102,"column":8},"end":{"line":107,"column":9}},"65":{"start":{"line":103,"column":12},"end":{"line":103,"column":63}},"66":{"start":{"line":106,"column":12},"end":{"line":106,"column":97}},"67":{"start":{"line":109,"column":9},"end":{"line":116,"column":5}},"68":{"start":{"line":110,"column":8},"end":{"line":115,"column":9}},"69":{"start":{"line":111,"column":12},"end":{"line":111,"column":65}},"70":{"start":{"line":114,"column":12},"end":{"line":114,"column":99}},"71":{"start":{"line":117,"column":4},"end":{"line":122,"column":5}},"72":{"start":{"line":118,"column":8},"end":{"line":118,"column":60}},"73":{"start":{"line":121,"column":8},"end":{"line":121,"column":94}},"74":{"start":{"line":124,"column":0},"end":{"line":172,"column":1}},"75":{"start":{"line":125,"column":4},"end":{"line":125,"column":26}},"76":{"start":{"line":126,"column":4},"end":{"line":126,"column":41}},"77":{"start":{"line":127,"column":4},"end":{"line":127,"column":30}},"78":{"start":{"line":128,"column":4},"end":{"line":136,"column":5}},"79":{"start":{"line":129,"column":8},"end":{"line":134,"column":9}},"80":{"start":{"line":130,"column":12},"end":{"line":130,"column":92}},"81":{"start":{"line":132,"column":13},"end":{"line":134,"column":9}},"82":{"start":{"line":133,"column":12},"end":{"line":133,"column":119}},"83":{"start":{"line":135,"column":8},"end":{"line":135,"column":18}},"84":{"start":{"line":137,"column":4},"end":{"line":170,"column":5}},"85":{"start":{"line":138,"column":8},"end":{"line":138,"column":82}},"86":{"start":{"line":139,"column":8},"end":{"line":139,"column":103}},"87":{"start":{"line":140,"column":8},"end":{"line":144,"column":11}},"88":{"start":{"line":141,"column":12},"end":{"line":143,"column":16}},"89":{"start":{"line":145,"column":8},"end":{"line":145,"column":31}},"90":{"start":{"line":147,"column":9},"end":{"line":170,"column":5}},"91":{"start":{"line":148,"column":8},"end":{"line":148,"column":83}},"92":{"start":{"line":149,"column":8},"end":{"line":163,"column":11}},"93":{"start":{"line":150,"column":12},"end":{"line":150,"column":94}},"94":{"start":{"line":151,"column":12},"end":{"line":151,"column":92}},"95":{"start":{"line":152,"column":12},"end":{"line":152,"column":66}},"96":{"start":{"line":153,"column":12},"end":{"line":161,"column":13}},"97":{"start":{"line":154,"column":16},"end":{"line":154,"column":109}},"98":{"start":{"line":156,"column":17},"end":{"line":161,"column":13}},"99":{"start":{"line":157,"column":16},"end":{"line":157,"column":109}},"100":{"start":{"line":160,"column":16},"end":{"line":160,"column":95}},"101":{"start":{"line":162,"column":12},"end":{"line":162,"column":35}},"102":{"start":{"line":165,"column":9},"end":{"line":170,"column":5}},"103":{"start":{"line":166,"column":8},"end":{"line":166,"column":94}},"104":{"start":{"line":169,"column":8},"end":{"line":169,"column":90}},"105":{"start":{"line":171,"column":4},"end":{"line":171,"column":25}}},"branchMap":{"1":{"line":3,"type":"if","locations":[{"start":{"line":3,"column":4},"end":{"line":3,"column":4}},{"start":{"line":3,"column":4},"end":{"line":3,"column":4}}]},"2":{"line":20,"type":"if","locations":[{"start":{"line":20,"column":4},"end":{"line":20,"column":4}},{"start":{"line":20,"column":4},"end":{"line":20,"column":4}}]},"3":{"line":23,"type":"if","locations":[{"start":{"line":23,"column":9},"end":{"line":23,"column":9}},{"start":{"line":23,"column":9},"end":{"line":23,"column":9}}]},"4":{"line":29,"type":"if","locations":[{"start":{"line":29,"column":4},"end":{"line":29,"column":4}},{"start":{"line":29,"column":4},"end":{"line":29,"column":4}}]},"5":{"line":32,"type":"if","locations":[{"start":{"line":32,"column":9},"end":{"line":32,"column":9}},{"start":{"line":32,"column":9},"end":{"line":32,"column":9}}]},"6":{"line":33,"type":"cond-expr","locations":[{"start":{"line":33,"column":52},"end":{"line":33,"column":67}},{"start":{"line":33,"column":70},"end":{"line":33,"column":102}}]},"7":{"line":35,"type":"cond-expr","locations":[{"start":{"line":35,"column":54},"end":{"line":35,"column":69}},{"start":{"line":35,"column":72},"end":{"line":35,"column":104}}]},"8":{"line":38,"type":"if","locations":[{"start":{"line":38,"column":4},"end":{"line":38,"column":4}},{"start":{"line":38,"column":4},"end":{"line":38,"column":4}}]},"9":{"line":41,"type":"if","locations":[{"start":{"line":41,"column":9},"end":{"line":41,"column":9}},{"start":{"line":41,"column":9},"end":{"line":41,"column":9}}]},"10":{"line":47,"type":"if","locations":[{"start":{"line":47,"column":4},"end":{"line":47,"column":4}},{"start":{"line":47,"column":4},"end":{"line":47,"column":4}}]},"11":{"line":50,"type":"if","locations":[{"start":{"line":50,"column":9},"end":{"line":50,"column":9}},{"start":{"line":50,"column":9},"end":{"line":50,"column":9}}]},"12":{"line":56,"type":"if","locations":[{"start":{"line":56,"column":4},"end":{"line":56,"column":4}},{"start":{"line":56,"column":4},"end":{"line":56,"column":4}}]},"13":{"line":59,"type":"if","locations":[{"start":{"line":59,"column":9},"end":{"line":59,"column":9}},{"start":{"line":59,"column":9},"end":{"line":59,"column":9}}]},"14":{"line":65,"type":"if","locations":[{"start":{"line":65,"column":4},"end":{"line":65,"column":4}},{"start":{"line":65,"column":4},"end":{"line":65,"column":4}}]},"15":{"line":68,"type":"if","locations":[{"start":{"line":68,"column":9},"end":{"line":68,"column":9}},{"start":{"line":68,"column":9},"end":{"line":68,"column":9}}]},"16":{"line":74,"type":"if","locations":[{"start":{"line":74,"column":4},"end":{"line":74,"column":4}},{"start":{"line":74,"column":4},"end":{"line":74,"column":4}}]},"17":{"line":75,"type":"if","locations":[{"start":{"line":75,"column":8},"end":{"line":75,"column":8}},{"start":{"line":75,"column":8},"end":{"line":75,"column":8}}]},"18":{"line":75,"type":"binary-expr","locations":[{"start":{"line":75,"column":12},"end":{"line":75,"column":26}},{"start":{"line":75,"column":30},"end":{"line":75,"column":56}}]},"19":{"line":78,"type":"if","locations":[{"start":{"line":78,"column":13},"end":{"line":78,"column":13}},{"start":{"line":78,"column":13},"end":{"line":78,"column":13}}]},"20":{"line":78,"type":"binary-expr","locations":[{"start":{"line":78,"column":17},"end":{"line":78,"column":42}},{"start":{"line":78,"column":46},"end":{"line":78,"column":59}}]},"21":{"line":83,"type":"if","locations":[{"start":{"line":83,"column":9},"end":{"line":83,"column":9}},{"start":{"line":83,"column":9},"end":{"line":83,"column":9}}]},"22":{"line":84,"type":"if","locations":[{"start":{"line":84,"column":8},"end":{"line":84,"column":8}},{"start":{"line":84,"column":8},"end":{"line":84,"column":8}}]},"23":{"line":84,"type":"binary-expr","locations":[{"start":{"line":84,"column":12},"end":{"line":84,"column":26}},{"start":{"line":84,"column":30},"end":{"line":84,"column":56}}]},"24":{"line":87,"type":"if","locations":[{"start":{"line":87,"column":13},"end":{"line":87,"column":13}},{"start":{"line":87,"column":13},"end":{"line":87,"column":13}}]},"25":{"line":87,"type":"binary-expr","locations":[{"start":{"line":87,"column":17},"end":{"line":87,"column":42}},{"start":{"line":87,"column":46},"end":{"line":87,"column":59}}]},"26":{"line":92,"type":"if","locations":[{"start":{"line":92,"column":4},"end":{"line":92,"column":4}},{"start":{"line":92,"column":4},"end":{"line":92,"column":4}}]},"27":{"line":92,"type":"binary-expr","locations":[{"start":{"line":92,"column":8},"end":{"line":92,"column":22}},{"start":{"line":92,"column":26},"end":{"line":92,"column":52}}]},"28":{"line":95,"type":"if","locations":[{"start":{"line":95,"column":9},"end":{"line":95,"column":9}},{"start":{"line":95,"column":9},"end":{"line":95,"column":9}}]},"29":{"line":95,"type":"binary-expr","locations":[{"start":{"line":95,"column":13},"end":{"line":95,"column":38}},{"start":{"line":95,"column":42},"end":{"line":95,"column":55}}]},"30":{"line":101,"type":"if","locations":[{"start":{"line":101,"column":4},"end":{"line":101,"column":4}},{"start":{"line":101,"column":4},"end":{"line":101,"column":4}}]},"31":{"line":102,"type":"if","locations":[{"start":{"line":102,"column":8},"end":{"line":102,"column":8}},{"start":{"line":102,"column":8},"end":{"line":102,"column":8}}]},"32":{"line":109,"type":"if","locations":[{"start":{"line":109,"column":9},"end":{"line":109,"column":9}},{"start":{"line":109,"column":9},"end":{"line":109,"column":9}}]},"33":{"line":110,"type":"if","locations":[{"start":{"line":110,"column":8},"end":{"line":110,"column":8}},{"start":{"line":110,"column":8},"end":{"line":110,"column":8}}]},"34":{"line":117,"type":"if","locations":[{"start":{"line":117,"column":4},"end":{"line":117,"column":4}},{"start":{"line":117,"column":4},"end":{"line":117,"column":4}}]},"35":{"line":126,"type":"cond-expr","locations":[{"start":{"line":126,"column":32},"end":{"line":126,"column":35}},{"start":{"line":126,"column":38},"end":{"line":126,"column":40}}]},"36":{"line":128,"type":"if","locations":[{"start":{"line":128,"column":4},"end":{"line":128,"column":4}},{"start":{"line":128,"column":4},"end":{"line":128,"column":4}}]},"37":{"line":129,"type":"if","locations":[{"start":{"line":129,"column":8},"end":{"line":129,"column":8}},{"start":{"line":129,"column":8},"end":{"line":129,"column":8}}]},"38":{"line":132,"type":"if","locations":[{"start":{"line":132,"column":13},"end":{"line":132,"column":13}},{"start":{"line":132,"column":13},"end":{"line":132,"column":13}}]},"39":{"line":137,"type":"if","locations":[{"start":{"line":137,"column":4},"end":{"line":137,"column":4}},{"start":{"line":137,"column":4},"end":{"line":137,"column":4}}]},"40":{"line":147,"type":"if","locations":[{"start":{"line":147,"column":9},"end":{"line":147,"column":9}},{"start":{"line":147,"column":9},"end":{"line":147,"column":9}}]},"41":{"line":151,"type":"cond-expr","locations":[{"start":{"line":151,"column":56},"end":{"line":151,"column":65}},{"start":{"line":151,"column":68},"end":{"line":151,"column":91}}]},"42":{"line":153,"type":"if","locations":[{"start":{"line":153,"column":12},"end":{"line":153,"column":12}},{"start":{"line":153,"column":12},"end":{"line":153,"column":12}}]},"43":{"line":156,"type":"if","locations":[{"start":{"line":156,"column":17},"end":{"line":156,"column":17}},{"start":{"line":156,"column":17},"end":{"line":156,"column":17}}]},"44":{"line":165,"type":"if","locations":[{"start":{"line":165,"column":9},"end":{"line":165,"column":9}},{"start":{"line":165,"column":9},"end":{"line":165,"column":9}}]}}},"/Users/839655roje/data/projects/chai-spec-generator/out/src/spec-generator-jasmine.spec.js":{"path":"/Users/839655roje/data/projects/chai-spec-generator/out/src/spec-generator-jasmine.spec.js","s":{"1":1,"2":1,"3":1,"4":1,"5":1,"6":1,"7":1,"8":1,"9":1,"10":1,"11":1,"12":1,"13":1,"14":1,"15":1,"16":1,"17":1,"18":1,"19":1,"20":1,"21":1,"22":1,"23":1,"24":1,"25":1,"26":1,"27":1,"28":1,"29":1,"30":1,"31":1,"32":1,"33":1,"34":1,"35":1,"36":1,"37":1,"38":1,"39":1,"40":1,"41":1,"42":1,"43":1,"44":1,"45":1,"46":1,"47":1,"48":1,"49":1,"50":1,"51":1,"52":1,"53":1,"54":1,"55":1,"56":1,"57":1,"58":1,"59":1,"60":1,"61":1,"62":1,"63":1,"64":1,"65":1,"66":1,"67":1,"68":1,"69":1,"70":1,"71":1,"72":1,"73":1,"74":1,"75":1,"76":1,"77":1,"78":1,"79":1,"80":1,"81":1,"82":1,"83":1,"84":1,"85":1,"86":1,"87":1,"88":1,"89":1,"90":1,"91":1,"92":1,"93":1,"94":1,"95":1,"96":1,"97":1,"98":1,"99":1,"100":1,"101":1,"102":1,"103":1,"104":1,"105":1,"106":1,"107":1,"108":1,"109":1,"110":1,"111":1,"112":1,"113":1,"114":1,"115":1,"116":1,"117":1,"118":1,"119":1,"120":1,"121":1,"122":1,"123":1,"124":1,"125":1,"126":1,"127":1,"128":1,"129":1,"130":1,"131":1,"132":1,"133":1,"134":1,"135":1,"136":1,"137":1,"138":1,"139":1,"140":1,"141":1,"142":1,"143":1,"144":1,"145":1,"146":1,"147":1,"148":1,"149":1,"150":1,"151":1,"152":1,"153":1,"154":1,"155":1,"156":1,"157":1,"158":1,"159":1,"160":1,"161":1,"162":1,"163":1,"164":1,"165":1,"166":1,"167":1,"168":1,"169":1,"170":1,"171":1,"172":1,"173":1,"174":1,"175":1,"176":1,"177":1,"178":1,"179":1,"180":1,"181":1,"182":1,"183":1,"184":1,"185":1,"186":1,"187":1,"188":1,"189":1,"190":1,"191":1,"192":1,"193":1,"194":1,"195":1,"196":1,"197":1,"198":1,"199":1,"200":1,"201":1,"202":1,"203":1,"204":1,"205":1,"206":1,"207":1,"208":1,"209":1,"210":1,"211":1,"212":1,"213":1,"214":1,"215":1,"216":1,"217":1,"218":1,"219":1,"220":1,"221":1,"222":1,"223":1,"224":1,"225":1,"226":1,"227":1,"228":1,"229":1,"230":1,"231":1,"232":1,"233":1,"234":1,"235":1,"236":1,"237":1,"238":1,"239":1,"240":1,"241":1,"242":1,"243":1,"244":1,"245":1,"246":1,"247":1,"248":1,"249":1,"250":1,"251":1,"252":1,"253":1,"254":1,"255":1,"256":1,"257":1,"258":1,"259":1,"260":1,"261":1,"262":1,"263":1,"264":1,"265":1,"266":1,"267":1,"268":1,"269":1,"270":1,"271":1,"272":1,"273":1,"274":1,"275":1,"276":1,"277":1,"278":1,"279":1,"280":1,"281":1,"282":1,"283":1,"284":1,"285":1,"286":1,"287":1,"288":1,"289":1,"290":1,"291":1,"292":1,"293":1,"294":1,"295":1,"296":1,"297":1,"298":1,"299":1,"300":1,"301":1,"302":1,"303":1,"304":1,"305":1,"306":1,"307":1,"308":1,"309":1,"310":1,"311":1,"312":1,"313":1,"314":1,"315":1,"316":1,"317":1,"318":1,"319":1,"320":1,"321":1,"322":1,"323":1,"324":1,"325":1,"326":1,"327":1,"328":1,"329":1,"330":1,"331":1,"332":1,"333":1,"334":1,"335":1,"336":1,"337":1,"338":1,"339":1,"340":1,"341":1,"342":1,"343":1,"344":1,"345":1,"346":1,"347":1,"348":1,"349":1,"350":1,"351":1,"352":1,"353":1,"354":1,"355":1,"356":1,"357":1,"358":1,"359":1,"360":1,"361":1,"362":1,"363":1,"364":1,"365":1,"366":1,"367":1,"368":1,"369":1,"370":1,"371":1,"372":1,"373":1,"374":1,"375":1,"376":1,"377":1,"378":1,"379":1,"380":1,"381":1,"382":1,"383":1,"384":1,"385":1,"386":1,"387":1,"388":1,"389":1,"390":1,"391":1,"392":1,"393":1,"394":1,"395":1,"396":1,"397":1},"b":{},"f":{"1":1,"2":1,"3":1,"4":1,"5":1,"6":1,"7":1,"8":1,"9":1,"10":1,"11":1,"12":1,"13":1,"14":1,"15":1,"16":1,"17":1,"18":1,"19":1,"20":1,"21":1,"22":1,"23":1,"24":1,"25":1,"26":1,"27":1,"28":1,"29":1,"30":1,"31":1,"32":1,"33":1,"34":1,"35":1,"36":1,"37":1,"38":1,"39":1,"40":1,"41":1,"42":1,"43":1,"44":1,"45":1,"46":1,"47":1,"48":1,"49":1},"fnMap":{"1":{"name":"(anonymous_1)","line":4,"loc":{"start":{"line":4,"column":42},"end":{"line":4,"column":54}}},"2":{"name":"(anonymous_2)","line":5,"loc":{"start":{"line":5,"column":45},"end":{"line":5,"column":57}}},"3":{"name":"(anonymous_3)","line":11,"loc":{"start":{"line":11,"column":46},"end":{"line":11,"column":58}}},"4":{"name":"(anonymous_4)","line":17,"loc":{"start":{"line":17,"column":48},"end":{"line":17,"column":60}}},"5":{"name":"(anonymous_5)","line":23,"loc":{"start":{"line":23,"column":54},"end":{"line":23,"column":66}}},"6":{"name":"(anonymous_6)","line":29,"loc":{"start":{"line":29,"column":54},"end":{"line":29,"column":66}}},"7":{"name":"(anonymous_7)","line":35,"loc":{"start":{"line":35,"column":50},"end":{"line":35,"column":62}}},"8":{"name":"(anonymous_8)","line":41,"loc":{"start":{"line":41,"column":53},"end":{"line":41,"column":65}}},"9":{"name":"(anonymous_9)","line":47,"loc":{"start":{"line":47,"column":52},"end":{"line":47,"column":64}}},"10":{"name":"(anonymous_10)","line":54,"loc":{"start":{"line":54,"column":57},"end":{"line":54,"column":69}}},"11":{"name":"(anonymous_11)","line":64,"loc":{"start":{"line":64,"column":50},"end":{"line":64,"column":62}}},"12":{"name":"(anonymous_12)","line":76,"loc":{"start":{"line":76,"column":60},"end":{"line":76,"column":72}}},"13":{"name":"(anonymous_13)","line":100,"loc":{"start":{"line":100,"column":69},"end":{"line":100,"column":81}}},"14":{"name":"(anonymous_14)","line":124,"loc":{"start":{"line":124,"column":77},"end":{"line":124,"column":89}}},"15":{"name":"(anonymous_15)","line":129,"loc":{"start":{"line":129,"column":70},"end":{"line":129,"column":82}}},"16":{"name":"(anonymous_16)","line":138,"loc":{"start":{"line":138,"column":84},"end":{"line":138,"column":96}}},"17":{"name":"(anonymous_17)","line":150,"loc":{"start":{"line":150,"column":66},"end":{"line":150,"column":78}}},"18":{"name":"(anonymous_18)","line":163,"loc":{"start":{"line":163,"column":73},"end":{"line":163,"column":85}}},"19":{"name":"(anonymous_19)","line":164,"loc":{"start":{"line":164,"column":63},"end":{"line":164,"column":75}}},"20":{"name":"(anonymous_20)","line":170,"loc":{"start":{"line":170,"column":64},"end":{"line":170,"column":76}}},"21":{"name":"(anonymous_21)","line":176,"loc":{"start":{"line":176,"column":66},"end":{"line":176,"column":78}}},"22":{"name":"(anonymous_22)","line":182,"loc":{"start":{"line":182,"column":76},"end":{"line":182,"column":88}}},"23":{"name":"(anonymous_23)","line":188,"loc":{"start":{"line":188,"column":76},"end":{"line":188,"column":88}}},"24":{"name":"(anonymous_24)","line":194,"loc":{"start":{"line":194,"column":68},"end":{"line":194,"column":80}}},"25":{"name":"(anonymous_25)","line":200,"loc":{"start":{"line":200,"column":71},"end":{"line":200,"column":83}}},"26":{"name":"(anonymous_26)","line":206,"loc":{"start":{"line":206,"column":70},"end":{"line":206,"column":82}}},"27":{"name":"(anonymous_27)","line":213,"loc":{"start":{"line":213,"column":75},"end":{"line":213,"column":87}}},"28":{"name":"(anonymous_28)","line":223,"loc":{"start":{"line":223,"column":68},"end":{"line":223,"column":80}}},"29":{"name":"(anonymous_29)","line":235,"loc":{"start":{"line":235,"column":78},"end":{"line":235,"column":90}}},"30":{"name":"(anonymous_30)","line":259,"loc":{"start":{"line":259,"column":87},"end":{"line":259,"column":99}}},"31":{"name":"(anonymous_31)","line":283,"loc":{"start":{"line":283,"column":95},"end":{"line":283,"column":107}}},"32":{"name":"(anonymous_32)","line":288,"loc":{"start":{"line":288,"column":88},"end":{"line":288,"column":100}}},"33":{"name":"(anonymous_33)","line":297,"loc":{"start":{"line":297,"column":102},"end":{"line":297,"column":114}}},"34":{"name":"(anonymous_34)","line":309,"loc":{"start":{"line":309,"column":84},"end":{"line":309,"column":96}}},"35":{"name":"(anonymous_35)","line":322,"loc":{"start":{"line":322,"column":60},"end":{"line":322,"column":72}}},"36":{"name":"(anonymous_36)","line":323,"loc":{"start":{"line":323,"column":63},"end":{"line":323,"column":75}}},"37":{"name":"(anonymous_37)","line":329,"loc":{"start":{"line":329,"column":64},"end":{"line":329,"column":76}}},"38":{"name":"(anonymous_38)","line":335,"loc":{"start":{"line":335,"column":66},"end":{"line":335,"column":78}}},"39":{"name":"(anonymous_39)","line":341,"loc":{"start":{"line":341,"column":68},"end":{"line":341,"column":80}}},"40":{"name":"(anonymous_40)","line":347,"loc":{"start":{"line":347,"column":71},"end":{"line":347,"column":83}}},"41":{"name":"(anonymous_41)","line":353,"loc":{"start":{"line":353,"column":70},"end":{"line":353,"column":82}}},"42":{"name":"(anonymous_42)","line":360,"loc":{"start":{"line":360,"column":75},"end":{"line":360,"column":87}}},"43":{"name":"(anonymous_43)","line":370,"loc":{"start":{"line":370,"column":68},"end":{"line":370,"column":80}}},"44":{"name":"(anonymous_44)","line":382,"loc":{"start":{"line":382,"column":78},"end":{"line":382,"column":90}}},"45":{"name":"(anonymous_45)","line":406,"loc":{"start":{"line":406,"column":87},"end":{"line":406,"column":99}}},"46":{"name":"(anonymous_46)","line":430,"loc":{"start":{"line":430,"column":95},"end":{"line":430,"column":107}}},"47":{"name":"(anonymous_47)","line":435,"loc":{"start":{"line":435,"column":88},"end":{"line":435,"column":100}}},"48":{"name":"(anonymous_48)","line":444,"loc":{"start":{"line":444,"column":102},"end":{"line":444,"column":114}}},"49":{"name":"(anonymous_49)","line":456,"loc":{"start":{"line":456,"column":84},"end":{"line":456,"column":96}}}},"statementMap":{"1":{"start":{"line":2,"column":0},"end":{"line":2,"column":29}},"2":{"start":{"line":3,"column":0},"end":{"line":3,"column":51}},"3":{"start":{"line":4,"column":0},"end":{"line":162,"column":3}},"4":{"start":{"line":5,"column":4},"end":{"line":10,"column":7}},"5":{"start":{"line":6,"column":8},"end":{"line":6,"column":79}},"6":{"start":{"line":7,"column":8},"end":{"line":7,"column":44}},"7":{"start":{"line":8,"column":8},"end":{"line":8,"column":43}},"8":{"start":{"line":9,"column":8},"end":{"line":9,"column":72}},"9":{"start":{"line":11,"column":4},"end":{"line":16,"column":7}},"10":{"start":{"line":12,"column":8},"end":{"line":12,"column":80}},"11":{"start":{"line":13,"column":8},"end":{"line":13,"column":44}},"12":{"start":{"line":14,"column":8},"end":{"line":14,"column":43}},"13":{"start":{"line":15,"column":8},"end":{"line":15,"column":73}},"14":{"start":{"line":17,"column":4},"end":{"line":22,"column":7}},"15":{"start":{"line":18,"column":8},"end":{"line":18,"column":99}},"16":{"start":{"line":19,"column":8},"end":{"line":19,"column":44}},"17":{"start":{"line":20,"column":8},"end":{"line":20,"column":43}},"18":{"start":{"line":21,"column":8},"end":{"line":21,"column":75}},"19":{"start":{"line":23,"column":4},"end":{"line":28,"column":7}},"20":{"start":{"line":24,"column":8},"end":{"line":24,"column":111}},"21":{"start":{"line":25,"column":8},"end":{"line":25,"column":44}},"22":{"start":{"line":26,"column":8},"end":{"line":26,"column":43}},"23":{"start":{"line":27,"column":8},"end":{"line":27,"column":84}},"24":{"start":{"line":29,"column":4},"end":{"line":34,"column":7}},"25":{"start":{"line":30,"column":8},"end":{"line":30,"column":123}},"26":{"start":{"line":31,"column":8},"end":{"line":31,"column":44}},"27":{"start":{"line":32,"column":8},"end":{"line":32,"column":43}},"28":{"start":{"line":33,"column":8},"end":{"line":33,"column":94}},"29":{"start":{"line":35,"column":4},"end":{"line":40,"column":7}},"30":{"start":{"line":36,"column":8},"end":{"line":36,"column":84}},"31":{"start":{"line":37,"column":8},"end":{"line":37,"column":44}},"32":{"start":{"line":38,"column":8},"end":{"line":38,"column":43}},"33":{"start":{"line":39,"column":8},"end":{"line":39,"column":77}},"34":{"start":{"line":41,"column":4},"end":{"line":46,"column":7}},"35":{"start":{"line":42,"column":8},"end":{"line":42,"column":77}},"36":{"start":{"line":43,"column":8},"end":{"line":43,"column":44}},"37":{"start":{"line":44,"column":8},"end":{"line":44,"column":43}},"38":{"start":{"line":45,"column":8},"end":{"line":45,"column":126}},"39":{"start":{"line":47,"column":4},"end":{"line":53,"column":7}},"40":{"start":{"line":48,"column":8},"end":{"line":48,"column":77}},"41":{"start":{"line":49,"column":8},"end":{"line":49,"column":44}},"42":{"start":{"line":50,"column":8},"end":{"line":50,"column":43}},"43":{"start":{"line":51,"column":8},"end":{"line":51,"column":91}},"44":{"start":{"line":52,"column":8},"end":{"line":52,"column":79}},"45":{"start":{"line":54,"column":4},"end":{"line":63,"column":7}},"46":{"start":{"line":55,"column":8},"end":{"line":55,"column":90}},"47":{"start":{"line":56,"column":8},"end":{"line":56,"column":44}},"48":{"start":{"line":57,"column":8},"end":{"line":57,"column":43}},"49":{"start":{"line":58,"column":8},"end":{"line":58,"column":91}},"50":{"start":{"line":59,"column":8},"end":{"line":59,"column":79}},"51":{"start":{"line":60,"column":8},"end":{"line":60,"column":79}},"52":{"start":{"line":61,"column":8},"end":{"line":61,"column":79}},"53":{"start":{"line":62,"column":8},"end":{"line":62,"column":79}},"54":{"start":{"line":64,"column":4},"end":{"line":75,"column":7}},"55":{"start":{"line":65,"column":8},"end":{"line":65,"column":113}},"56":{"start":{"line":66,"column":8},"end":{"line":66,"column":44}},"57":{"start":{"line":67,"column":8},"end":{"line":67,"column":43}},"58":{"start":{"line":68,"column":8},"end":{"line":68,"column":126}},"59":{"start":{"line":69,"column":8},"end":{"line":69,"column":99}},"60":{"start":{"line":70,"column":8},"end":{"line":70,"column":89}},"61":{"start":{"line":71,"column":8},"end":{"line":71,"column":46}},"62":{"start":{"line":72,"column":8},"end":{"line":72,"column":98}},"63":{"start":{"line":73,"column":8},"end":{"line":73,"column":87}},"64":{"start":{"line":74,"column":8},"end":{"line":74,"column":46}},"65":{"start":{"line":76,"column":4},"end":{"line":99,"column":7}},"66":{"start":{"line":77,"column":8},"end":{"line":80,"column":33}},"67":{"start":{"line":81,"column":8},"end":{"line":81,"column":44}},"68":{"start":{"line":82,"column":8},"end":{"line":82,"column":44}},"69":{"start":{"line":83,"column":8},"end":{"line":83,"column":91}},"70":{"start":{"line":84,"column":8},"end":{"line":84,"column":79}},"71":{"start":{"line":85,"column":8},"end":{"line":85,"column":132}},"72":{"start":{"line":86,"column":8},"end":{"line":86,"column":102}},"73":{"start":{"line":87,"column":8},"end":{"line":87,"column":92}},"74":{"start":{"line":88,"column":8},"end":{"line":88,"column":46}},"75":{"start":{"line":89,"column":8},"end":{"line":89,"column":101}},"76":{"start":{"line":90,"column":8},"end":{"line":90,"column":90}},"77":{"start":{"line":91,"column":8},"end":{"line":91,"column":46}},"78":{"start":{"line":92,"column":8},"end":{"line":92,"column":132}},"79":{"start":{"line":93,"column":8},"end":{"line":93,"column":103}},"80":{"start":{"line":94,"column":8},"end":{"line":94,"column":93}},"81":{"start":{"line":95,"column":8},"end":{"line":95,"column":47}},"82":{"start":{"line":96,"column":8},"end":{"line":96,"column":102}},"83":{"start":{"line":97,"column":8},"end":{"line":97,"column":91}},"84":{"start":{"line":98,"column":8},"end":{"line":98,"column":47}},"85":{"start":{"line":100,"column":4},"end":{"line":123,"column":7}},"86":{"start":{"line":101,"column":8},"end":{"line":105,"column":33}},"87":{"start":{"line":106,"column":8},"end":{"line":106,"column":44}},"88":{"start":{"line":107,"column":8},"end":{"line":107,"column":44}},"89":{"start":{"line":108,"column":8},"end":{"line":108,"column":126}},"90":{"start":{"line":109,"column":8},"end":{"line":109,"column":99}},"91":{"start":{"line":110,"column":8},"end":{"line":110,"column":89}},"92":{"start":{"line":111,"column":8},"end":{"line":111,"column":46}},"93":{"start":{"line":112,"column":8},"end":{"line":112,"column":98}},"94":{"start":{"line":113,"column":8},"end":{"line":113,"column":87}},"95":{"start":{"line":114,"column":8},"end":{"line":114,"column":46}},"96":{"start":{"line":115,"column":8},"end":{"line":115,"column":97}},"97":{"start":{"line":116,"column":8},"end":{"line":116,"column":142}},"98":{"start":{"line":117,"column":8},"end":{"line":117,"column":107}},"99":{"start":{"line":118,"column":8},"end":{"line":118,"column":98}},"100":{"start":{"line":119,"column":8},"end":{"line":119,"column":47}},"101":{"start":{"line":120,"column":8},"end":{"line":120,"column":107}},"102":{"start":{"line":121,"column":8},"end":{"line":121,"column":96}},"103":{"start":{"line":122,"column":8},"end":{"line":122,"column":47}},"104":{"start":{"line":124,"column":4},"end":{"line":128,"column":7}},"105":{"start":{"line":125,"column":8},"end":{"line":125,"column":106}},"106":{"start":{"line":126,"column":8},"end":{"line":126,"column":44}},"107":{"start":{"line":127,"column":8},"end":{"line":127,"column":39}},"108":{"start":{"line":129,"column":4},"end":{"line":137,"column":7}},"109":{"start":{"line":130,"column":8},"end":{"line":130,"column":113}},"110":{"start":{"line":131,"column":8},"end":{"line":131,"column":44}},"111":{"start":{"line":132,"column":8},"end":{"line":132,"column":43}},"112":{"start":{"line":133,"column":8},"end":{"line":133,"column":126}},"113":{"start":{"line":134,"column":8},"end":{"line":134,"column":102}},"114":{"start":{"line":135,"column":8},"end":{"line":135,"column":109}},"115":{"start":{"line":136,"column":8},"end":{"line":136,"column":46}},"116":{"start":{"line":138,"column":4},"end":{"line":149,"column":7}},"117":{"start":{"line":139,"column":8},"end":{"line":139,"column":101}},"118":{"start":{"line":140,"column":8},"end":{"line":140,"column":44}},"119":{"start":{"line":141,"column":8},"end":{"line":141,"column":43}},"120":{"start":{"line":142,"column":8},"end":{"line":142,"column":126}},"121":{"start":{"line":143,"column":8},"end":{"line":143,"column":95}},"122":{"start":{"line":144,"column":8},"end":{"line":144,"column":97}},"123":{"start":{"line":145,"column":8},"end":{"line":145,"column":85}},"124":{"start":{"line":146,"column":8},"end":{"line":146,"column":88}},"125":{"start":{"line":147,"column":8},"end":{"line":147,"column":87}},"126":{"start":{"line":148,"column":8},"end":{"line":148,"column":46}},"127":{"start":{"line":150,"column":4},"end":{"line":161,"column":7}},"128":{"start":{"line":151,"column":8},"end":{"line":151,"column":101}},"129":{"start":{"line":152,"column":8},"end":{"line":152,"column":44}},"130":{"start":{"line":153,"column":8},"end":{"line":153,"column":43}},"131":{"start":{"line":154,"column":8},"end":{"line":154,"column":126}},"132":{"start":{"line":155,"column":8},"end":{"line":155,"column":93}},"133":{"start":{"line":156,"column":8},"end":{"line":156,"column":77}},"134":{"start":{"line":157,"column":8},"end":{"line":157,"column":46}},"135":{"start":{"line":158,"column":8},"end":{"line":158,"column":96}},"136":{"start":{"line":159,"column":8},"end":{"line":159,"column":80}},"137":{"start":{"line":160,"column":8},"end":{"line":160,"column":46}},"138":{"start":{"line":163,"column":0},"end":{"line":321,"column":3}},"139":{"start":{"line":164,"column":4},"end":{"line":169,"column":7}},"140":{"start":{"line":165,"column":8},"end":{"line":165,"column":97}},"141":{"start":{"line":166,"column":8},"end":{"line":166,"column":44}},"142":{"start":{"line":167,"column":8},"end":{"line":167,"column":43}},"143":{"start":{"line":168,"column":8},"end":{"line":168,"column":71}},"144":{"start":{"line":170,"column":4},"end":{"line":175,"column":7}},"145":{"start":{"line":171,"column":8},"end":{"line":171,"column":98}},"146":{"start":{"line":172,"column":8},"end":{"line":172,"column":44}},"147":{"start":{"line":173,"column":8},"end":{"line":173,"column":43}},"148":{"start":{"line":174,"column":8},"end":{"line":174,"column":72}},"149":{"start":{"line":176,"column":4},"end":{"line":181,"column":7}},"150":{"start":{"line":177,"column":8},"end":{"line":177,"column":117}},"151":{"start":{"line":178,"column":8},"end":{"line":178,"column":44}},"152":{"start":{"line":179,"column":8},"end":{"line":179,"column":43}},"153":{"start":{"line":180,"column":8},"end":{"line":180,"column":74}},"154":{"start":{"line":182,"column":4},"end":{"line":187,"column":7}},"155":{"start":{"line":183,"column":8},"end":{"line":183,"column":129}},"156":{"start":{"line":184,"column":8},"end":{"line":184,"column":44}},"157":{"start":{"line":185,"column":8},"end":{"line":185,"column":43}},"158":{"start":{"line":186,"column":8},"end":{"line":186,"column":83}},"159":{"start":{"line":188,"column":4},"end":{"line":193,"column":7}},"160":{"start":{"line":189,"column":8},"end":{"line":189,"column":141}},"161":{"start":{"line":190,"column":8},"end":{"line":190,"column":44}},"162":{"start":{"line":191,"column":8},"end":{"line":191,"column":43}},"163":{"start":{"line":192,"column":8},"end":{"line":192,"column":92}},"164":{"start":{"line":194,"column":4},"end":{"line":199,"column":7}},"165":{"start":{"line":195,"column":8},"end":{"line":195,"column":102}},"166":{"start":{"line":196,"column":8},"end":{"line":196,"column":44}},"167":{"start":{"line":197,"column":8},"end":{"line":197,"column":43}},"168":{"start":{"line":198,"column":8},"end":{"line":198,"column":76}},"169":{"start":{"line":200,"column":4},"end":{"line":205,"column":7}},"170":{"start":{"line":201,"column":8},"end":{"line":201,"column":95}},"171":{"start":{"line":202,"column":8},"end":{"line":202,"column":44}},"172":{"start":{"line":203,"column":8},"end":{"line":203,"column":43}},"173":{"start":{"line":204,"column":8},"end":{"line":204,"column":125}},"174":{"start":{"line":206,"column":4},"end":{"line":212,"column":7}},"175":{"start":{"line":207,"column":8},"end":{"line":207,"column":95}},"176":{"start":{"line":208,"column":8},"end":{"line":208,"column":44}},"177":{"start":{"line":209,"column":8},"end":{"line":209,"column":43}},"178":{"start":{"line":210,"column":8},"end":{"line":210,"column":90}},"179":{"start":{"line":211,"column":8},"end":{"line":211,"column":78}},"180":{"start":{"line":213,"column":4},"end":{"line":222,"column":7}},"181":{"start":{"line":214,"column":8},"end":{"line":214,"column":108}},"182":{"start":{"line":215,"column":8},"end":{"line":215,"column":44}},"183":{"start":{"line":216,"column":8},"end":{"line":216,"column":43}},"184":{"start":{"line":217,"column":8},"end":{"line":217,"column":90}},"185":{"start":{"line":218,"column":8},"end":{"line":218,"column":78}},"186":{"start":{"line":219,"column":8},"end":{"line":219,"column":78}},"187":{"start":{"line":220,"column":8},"end":{"line":220,"column":78}},"188":{"start":{"line":221,"column":8},"end":{"line":221,"column":78}},"189":{"start":{"line":223,"column":4},"end":{"line":234,"column":7}},"190":{"start":{"line":224,"column":8},"end":{"line":224,"column":131}},"191":{"start":{"line":225,"column":8},"end":{"line":225,"column":44}},"192":{"start":{"line":226,"column":8},"end":{"line":226,"column":43}},"193":{"start":{"line":227,"column":8},"end":{"line":227,"column":125}},"194":{"start":{"line":228,"column":8},"end":{"line":228,"column":98}},"195":{"start":{"line":229,"column":8},"end":{"line":229,"column":88}},"196":{"start":{"line":230,"column":8},"end":{"line":230,"column":46}},"197":{"start":{"line":231,"column":8},"end":{"line":231,"column":97}},"198":{"start":{"line":232,"column":8},"end":{"line":232,"column":86}},"199":{"start":{"line":233,"column":8},"end":{"line":233,"column":46}},"200":{"start":{"line":235,"column":4},"end":{"line":258,"column":7}},"201":{"start":{"line":236,"column":8},"end":{"line":239,"column":51}},"202":{"start":{"line":240,"column":8},"end":{"line":240,"column":44}},"203":{"start":{"line":241,"column":8},"end":{"line":241,"column":44}},"204":{"start":{"line":242,"column":8},"end":{"line":242,"column":90}},"205":{"start":{"line":243,"column":8},"end":{"line":243,"column":78}},"206":{"start":{"line":244,"column":8},"end":{"line":244,"column":131}},"207":{"start":{"line":245,"column":8},"end":{"line":245,"column":101}},"208":{"start":{"line":246,"column":8},"end":{"line":246,"column":91}},"209":{"start":{"line":247,"column":8},"end":{"line":247,"column":46}},"210":{"start":{"line":248,"column":8},"end":{"line":248,"column":100}},"211":{"start":{"line":249,"column":8},"end":{"line":249,"column":89}},"212":{"start":{"line":250,"column":8},"end":{"line":250,"column":46}},"213":{"start":{"line":251,"column":8},"end":{"line":251,"column":131}},"214":{"start":{"line":252,"column":8},"end":{"line":252,"column":102}},"215":{"start":{"line":253,"column":8},"end":{"line":253,"column":92}},"216":{"start":{"line":254,"column":8},"end":{"line":254,"column":47}},"217":{"start":{"line":255,"column":8},"end":{"line":255,"column":101}},"218":{"start":{"line":256,"column":8},"end":{"line":256,"column":90}},"219":{"start":{"line":257,"column":8},"end":{"line":257,"column":47}},"220":{"start":{"line":259,"column":4},"end":{"line":282,"column":7}},"221":{"start":{"line":260,"column":8},"end":{"line":264,"column":51}},"222":{"start":{"line":265,"column":8},"end":{"line":265,"column":44}},"223":{"start":{"line":266,"column":8},"end":{"line":266,"column":44}},"224":{"start":{"line":267,"column":8},"end":{"line":267,"column":125}},"225":{"start":{"line":268,"column":8},"end":{"line":268,"column":98}},"226":{"start":{"line":269,"column":8},"end":{"line":269,"column":88}},"227":{"start":{"line":270,"column":8},"end":{"line":270,"column":46}},"228":{"start":{"line":271,"column":8},"end":{"line":271,"column":97}},"229":{"start":{"line":272,"column":8},"end":{"line":272,"column":86}},"230":{"start":{"line":273,"column":8},"end":{"line":273,"column":46}},"231":{"start":{"line":274,"column":8},"end":{"line":274,"column":96}},"232":{"start":{"line":275,"column":8},"end":{"line":275,"column":141}},"233":{"start":{"line":276,"column":8},"end":{"line":276,"column":106}},"234":{"start":{"line":277,"column":8},"end":{"line":277,"column":97}},"235":{"start":{"line":278,"column":8},"end":{"line":278,"column":47}},"236":{"start":{"line":279,"column":8},"end":{"line":279,"column":106}},"237":{"start":{"line":280,"column":8},"end":{"line":280,"column":95}},"238":{"start":{"line":281,"column":8},"end":{"line":281,"column":47}},"239":{"start":{"line":283,"column":4},"end":{"line":287,"column":7}},"240":{"start":{"line":284,"column":8},"end":{"line":284,"column":124}},"241":{"start":{"line":285,"column":8},"end":{"line":285,"column":44}},"242":{"start":{"line":286,"column":8},"end":{"line":286,"column":39}},"243":{"start":{"line":288,"column":4},"end":{"line":296,"column":7}},"244":{"start":{"line":289,"column":8},"end":{"line":289,"column":131}},"245":{"start":{"line":290,"column":8},"end":{"line":290,"column":44}},"246":{"start":{"line":291,"column":8},"end":{"line":291,"column":43}},"247":{"start":{"line":292,"column":8},"end":{"line":292,"column":125}},"248":{"start":{"line":293,"column":8},"end":{"line":293,"column":101}},"249":{"start":{"line":294,"column":8},"end":{"line":294,"column":108}},"250":{"start":{"line":295,"column":8},"end":{"line":295,"column":46}},"251":{"start":{"line":297,"column":4},"end":{"line":308,"column":7}},"252":{"start":{"line":298,"column":8},"end":{"line":298,"column":119}},"253":{"start":{"line":299,"column":8},"end":{"line":299,"column":44}},"254":{"start":{"line":300,"column":8},"end":{"line":300,"column":43}},"255":{"start":{"line":301,"column":8},"end":{"line":301,"column":125}},"256":{"start":{"line":302,"column":8},"end":{"line":302,"column":94}},"257":{"start":{"line":303,"column":8},"end":{"line":303,"column":96}},"258":{"start":{"line":304,"column":8},"end":{"line":304,"column":84}},"259":{"start":{"line":305,"column":8},"end":{"line":305,"column":87}},"260":{"start":{"line":306,"column":8},"end":{"line":306,"column":86}},"261":{"start":{"line":307,"column":8},"end":{"line":307,"column":46}},"262":{"start":{"line":309,"column":4},"end":{"line":320,"column":7}},"263":{"start":{"line":310,"column":8},"end":{"line":310,"column":119}},"264":{"start":{"line":311,"column":8},"end":{"line":311,"column":44}},"265":{"start":{"line":312,"column":8},"end":{"line":312,"column":43}},"266":{"start":{"line":313,"column":8},"end":{"line":313,"column":125}},"267":{"start":{"line":314,"column":8},"end":{"line":314,"column":92}},"268":{"start":{"line":315,"column":8},"end":{"line":315,"column":76}},"269":{"start":{"line":316,"column":8},"end":{"line":316,"column":46}},"270":{"start":{"line":317,"column":8},"end":{"line":317,"column":95}},"271":{"start":{"line":318,"column":8},"end":{"line":318,"column":79}},"272":{"start":{"line":319,"column":8},"end":{"line":319,"column":46}},"273":{"start":{"line":322,"column":0},"end":{"line":468,"column":3}},"274":{"start":{"line":323,"column":4},"end":{"line":328,"column":7}},"275":{"start":{"line":324,"column":8},"end":{"line":324,"column":91}},"276":{"start":{"line":325,"column":8},"end":{"line":325,"column":44}},"277":{"start":{"line":326,"column":8},"end":{"line":326,"column":43}},"278":{"start":{"line":327,"column":8},"end":{"line":327,"column":72}},"279":{"start":{"line":329,"column":4},"end":{"line":334,"column":7}},"280":{"start":{"line":330,"column":8},"end":{"line":330,"column":92}},"281":{"start":{"line":331,"column":8},"end":{"line":331,"column":44}},"282":{"start":{"line":332,"column":8},"end":{"line":332,"column":43}},"283":{"start":{"line":333,"column":8},"end":{"li
[...]
lumn":82}},"78":{"start":{"line":92,"column":8},"end":{"line":92,"column":38}},"79":{"start":{"line":93,"column":8},"end":{"line":93,"column":72}},"80":{"start":{"line":94,"column":8},"end":{"line":94,"column":85}},"81":{"start":{"line":95,"column":8},"end":{"line":95,"column":85}},"82":{"start":{"line":96,"column":8},"end":{"line":96,"column":39}},"83":{"start":{"line":97,"column":8},"end":{"line":97,"column":84}},"84":{"start":{"line":98,"column":8},"end":{"line":98,"column":83}},"85":{"start":{"line":99,"column":8},"end":{"line":99,"column":39}},"86":{"start":{"line":101,"column":4},"end":{"line":124,"column":7}},"87":{"start":{"line":102,"column":8},"end":{"line":106,"column":32}},"88":{"start":{"line":107,"column":8},"end":{"line":107,"column":36}},"89":{"start":{"line":108,"column":8},"end":{"line":108,"column":36}},"90":{"start":{"line":109,"column":8},"end":{"line":109,"column":69}},"91":{"start":{"line":110,"column":8},"end":{"line":110,"column":81}},"92":{"start":{"line":111,"column":8},"end":{"line":111,"column":81}},"93":{"start":{"line":112,"column":8},"end":{"line":112,"column":38}},"94":{"start":{"line":113,"column":8},"end":{"line":113,"column":80}},"95":{"start":{"line":114,"column":8},"end":{"line":114,"column":79}},"96":{"start":{"line":115,"column":8},"end":{"line":115,"column":38}},"97":{"start":{"line":116,"column":8},"end":{"line":116,"column":79}},"98":{"start":{"line":117,"column":8},"end":{"line":117,"column":77}},"99":{"start":{"line":118,"column":8},"end":{"line":118,"column":89}},"100":{"start":{"line":119,"column":8},"end":{"line":119,"column":90}},"101":{"start":{"line":120,"column":8},"end":{"line":120,"column":39}},"102":{"start":{"line":121,"column":8},"end":{"line":121,"column":89}},"103":{"start":{"line":122,"column":8},"end":{"line":122,"column":88}},"104":{"start":{"line":123,"column":8},"end":{"line":123,"column":39}},"105":{"start":{"line":125,"column":4},"end":{"line":131,"column":7}},"106":{"start":{"line":126,"column":8},"end":{"line":128,"column":11}},"107":{"start":{"line":129,"column":8},"end":{"line":129,"column":36}},"108":{"start":{"line":130,"column":8},"end":{"line":130,"column":35}},"109":{"start":{"line":132,"column":4},"end":{"line":140,"column":7}},"110":{"start":{"line":133,"column":8},"end":{"line":133,"column":112}},"111":{"start":{"line":134,"column":8},"end":{"line":134,"column":36}},"112":{"start":{"line":135,"column":8},"end":{"line":135,"column":35}},"113":{"start":{"line":136,"column":8},"end":{"line":136,"column":69}},"114":{"start":{"line":137,"column":8},"end":{"line":137,"column":84}},"115":{"start":{"line":138,"column":8},"end":{"line":138,"column":101}},"116":{"start":{"line":139,"column":8},"end":{"line":139,"column":38}},"117":{"start":{"line":141,"column":4},"end":{"line":152,"column":7}},"118":{"start":{"line":142,"column":8},"end":{"line":142,"column":100}},"119":{"start":{"line":143,"column":8},"end":{"line":143,"column":36}},"120":{"start":{"line":144,"column":8},"end":{"line":144,"column":35}},"121":{"start":{"line":145,"column":8},"end":{"line":145,"column":69}},"122":{"start":{"line":146,"column":8},"end":{"line":146,"column":77}},"123":{"start":{"line":147,"column":8},"end":{"line":147,"column":74}},"124":{"start":{"line":148,"column":8},"end":{"line":148,"column":71}},"125":{"start":{"line":149,"column":8},"end":{"line":149,"column":80}},"126":{"start":{"line":150,"column":8},"end":{"line":150,"column":79}},"127":{"start":{"line":151,"column":8},"end":{"line":151,"column":38}},"128":{"start":{"line":153,"column":4},"end":{"line":164,"column":7}},"129":{"start":{"line":154,"column":8},"end":{"line":154,"column":100}},"130":{"start":{"line":155,"column":8},"end":{"line":155,"column":36}},"131":{"start":{"line":156,"column":8},"end":{"line":156,"column":35}},"132":{"start":{"line":157,"column":8},"end":{"line":157,"column":69}},"133":{"start":{"line":158,"column":8},"end":{"line":158,"column":75}},"134":{"start":{"line":159,"column":8},"end":{"line":159,"column":69}},"135":{"start":{"line":160,"column":8},"end":{"line":160,"column":38}},"136":{"start":{"line":161,"column":8},"end":{"line":161,"column":78}},"137":{"start":{"line":162,"column":8},"end":{"line":162,"column":75}},"138":{"start":{"line":163,"column":8},"end":{"line":163,"column":38}},"139":{"start":{"line":166,"column":0},"end":{"line":283,"column":3}},"140":{"start":{"line":167,"column":4},"end":{"line":172,"column":7}},"141":{"start":{"line":168,"column":8},"end":{"line":168,"column":88}},"142":{"start":{"line":169,"column":8},"end":{"line":169,"column":36}},"143":{"start":{"line":170,"column":8},"end":{"line":170,"column":35}},"144":{"start":{"line":171,"column":8},"end":{"line":171,"column":67}},"145":{"start":{"line":173,"column":4},"end":{"line":179,"column":7}},"146":{"start":{"line":174,"column":8},"end":{"line":174,"column":88}},"147":{"start":{"line":175,"column":8},"end":{"line":175,"column":36}},"148":{"start":{"line":176,"column":8},"end":{"line":176,"column":35}},"149":{"start":{"line":177,"column":8},"end":{"line":177,"column":66}},"150":{"start":{"line":178,"column":8},"end":{"line":178,"column":61}},"151":{"start":{"line":180,"column":4},"end":{"line":189,"column":7}},"152":{"start":{"line":181,"column":8},"end":{"line":181,"column":101}},"153":{"start":{"line":182,"column":8},"end":{"line":182,"column":36}},"154":{"start":{"line":183,"column":8},"end":{"line":183,"column":35}},"155":{"start":{"line":184,"column":8},"end":{"line":184,"column":66}},"156":{"start":{"line":185,"column":8},"end":{"line":185,"column":65}},"157":{"start":{"line":186,"column":8},"end":{"line":186,"column":69}},"158":{"start":{"line":187,"column":8},"end":{"line":187,"column":69}},"159":{"start":{"line":188,"column":8},"end":{"line":188,"column":69}},"160":{"start":{"line":190,"column":4},"end":{"line":201,"column":7}},"161":{"start":{"line":191,"column":8},"end":{"line":191,"column":124}},"162":{"start":{"line":192,"column":8},"end":{"line":192,"column":36}},"163":{"start":{"line":193,"column":8},"end":{"line":193,"column":35}},"164":{"start":{"line":194,"column":8},"end":{"line":194,"column":67}},"165":{"start":{"line":195,"column":8},"end":{"line":195,"column":79}},"166":{"start":{"line":196,"column":8},"end":{"line":196,"column":79}},"167":{"start":{"line":197,"column":8},"end":{"line":197,"column":38}},"168":{"start":{"line":198,"column":8},"end":{"line":198,"column":78}},"169":{"start":{"line":199,"column":8},"end":{"line":199,"column":77}},"170":{"start":{"line":200,"column":8},"end":{"line":200,"column":38}},"171":{"start":{"line":202,"column":4},"end":{"line":225,"column":7}},"172":{"start":{"line":203,"column":8},"end":{"line":206,"column":44}},"173":{"start":{"line":207,"column":8},"end":{"line":207,"column":36}},"174":{"start":{"line":208,"column":8},"end":{"line":208,"column":36}},"175":{"start":{"line":209,"column":8},"end":{"line":209,"column":66}},"176":{"start":{"line":210,"column":8},"end":{"line":210,"column":65}},"177":{"start":{"line":211,"column":8},"end":{"line":211,"column":70}},"178":{"start":{"line":212,"column":8},"end":{"line":212,"column":82}},"179":{"start":{"line":213,"column":8},"end":{"line":213,"column":82}},"180":{"start":{"line":214,"column":8},"end":{"line":214,"column":38}},"181":{"start":{"line":215,"column":8},"end":{"line":215,"column":81}},"182":{"start":{"line":216,"column":8},"end":{"line":216,"column":80}},"183":{"start":{"line":217,"column":8},"end":{"line":217,"column":38}},"184":{"start":{"line":218,"column":8},"end":{"line":218,"column":70}},"185":{"start":{"line":219,"column":8},"end":{"line":219,"column":83}},"186":{"start":{"line":220,"column":8},"end":{"line":220,"column":83}},"187":{"start":{"line":221,"column":8},"end":{"line":221,"column":39}},"188":{"start":{"line":222,"column":8},"end":{"line":222,"column":82}},"189":{"start":{"line":223,"column":8},"end":{"line":223,"column":81}},"190":{"start":{"line":224,"column":8},"end":{"line":224,"column":39}},"191":{"start":{"line":226,"column":4},"end":{"line":249,"column":7}},"192":{"start":{"line":227,"column":8},"end":{"line":231,"column":44}},"193":{"start":{"line":232,"column":8},"end":{"line":232,"column":36}},"194":{"start":{"line":233,"column":8},"end":{"line":233,"column":36}},"195":{"start":{"line":234,"column":8},"end":{"line":234,"column":67}},"196":{"start":{"line":235,"column":8},"end":{"line":235,"column":79}},"197":{"start":{"line":236,"column":8},"end":{"line":236,"column":79}},"198":{"start":{"line":237,"column":8},"end":{"line":237,"column":38}},"199":{"start":{"line":238,"column":8},"end":{"line":238,"column":78}},"200":{"start":{"line":239,"column":8},"end":{"line":239,"column":77}},"201":{"start":{"line":240,"column":8},"end":{"line":240,"column":38}},"202":{"start":{"line":241,"column":8},"end":{"line":241,"column":77}},"203":{"start":{"line":242,"column":8},"end":{"line":242,"column":75}},"204":{"start":{"line":243,"column":8},"end":{"line":243,"column":87}},"205":{"start":{"line":244,"column":8},"end":{"line":244,"column":88}},"206":{"start":{"line":245,"column":8},"end":{"line":245,"column":39}},"207":{"start":{"line":246,"column":8},"end":{"line":246,"column":87}},"208":{"start":{"line":247,"column":8},"end":{"line":247,"column":86}},"209":{"start":{"line":248,"column":8},"end":{"line":248,"column":39}},"210":{"start":{"line":250,"column":4},"end":{"line":258,"column":7}},"211":{"start":{"line":251,"column":8},"end":{"line":251,"column":124}},"212":{"start":{"line":252,"column":8},"end":{"line":252,"column":36}},"213":{"start":{"line":253,"column":8},"end":{"line":253,"column":35}},"214":{"start":{"line":254,"column":8},"end":{"line":254,"column":67}},"215":{"start":{"line":255,"column":8},"end":{"line":255,"column":82}},"216":{"start":{"line":256,"column":8},"end":{"line":256,"column":97}},"217":{"start":{"line":257,"column":8},"end":{"line":257,"column":38}},"218":{"start":{"line":259,"column":4},"end":{"line":270,"column":7}},"219":{"start":{"line":260,"column":8},"end":{"line":260,"column":112}},"220":{"start":{"line":261,"column":8},"end":{"line":261,"column":36}},"221":{"start":{"line":262,"column":8},"end":{"line":262,"column":35}},"222":{"start":{"line":263,"column":8},"end":{"line":263,"column":67}},"223":{"start":{"line":264,"column":8},"end":{"line":264,"column":75}},"224":{"start":{"line":265,"column":8},"end":{"line":265,"column":72}},"225":{"start":{"line":266,"column":8},"end":{"line":266,"column":71}},"226":{"start":{"line":267,"column":8},"end":{"line":267,"column":78}},"227":{"start":{"line":268,"column":8},"end":{"line":268,"column":77}},"228":{"start":{"line":269,"column":8},"end":{"line":269,"column":38}},"229":{"start":{"line":271,"column":4},"end":{"line":282,"column":7}},"230":{"start":{"line":272,"column":8},"end":{"line":272,"column":112}},"231":{"start":{"line":273,"column":8},"end":{"line":273,"column":36}},"232":{"start":{"line":274,"column":8},"end":{"line":274,"column":35}},"233":{"start":{"line":275,"column":8},"end":{"line":275,"column":67}},"234":{"start":{"line":276,"column":8},"end":{"line":276,"column":73}},"235":{"start":{"line":277,"column":8},"end":{"line":277,"column":69}},"236":{"start":{"line":278,"column":8},"end":{"line":278,"column":38}},"237":{"start":{"line":279,"column":8},"end":{"line":279,"column":76}},"238":{"start":{"line":280,"column":8},"end":{"line":280,"column":75}},"239":{"start":{"line":281,"column":8},"end":{"line":281,"column":38}},"240":{"start":{"line":284,"column":0},"end":{"line":425,"column":3}},"241":{"start":{"line":285,"column":4},"end":{"line":290,"column":7}},"242":{"start":{"line":286,"column":8},"end":{"line":286,"column":96}},"243":{"start":{"line":287,"column":8},"end":{"line":287,"column":36}},"244":{"start":{"line":288,"column":8},"end":{"line":288,"column":35}},"245":{"start":{"line":289,"column":8},"end":{"line":289,"column":66}},"246":{"start":{"line":291,"column":4},"end":{"line":296,"column":7}},"247":{"start":{"line":292,"column":8},"end":{"line":292,"column":97}},"248":{"start":{"line":293,"column":8},"end":{"line":293,"column":36}},"249":{"start":{"line":294,"column":8},"end":{"line":294,"column":35}},"250":{"start":{"line":295,"column":8},"end":{"line":295,"column":67}},"251":{"start":{"line":297,"column":4},"end":{"line":302,"column":7}},"252":{"start":{"line":298,"column":8},"end":{"line":298,"column":116}},"253":{"start":{"line":299,"column":8},"end":{"line":299,"column":36}},"254":{"start":{"line":300,"column":8},"end":{"line":300,"column":35}},"255":{"start":{"line":301,"column":8},"end":{"line":301,"column":60}},"256":{"start":{"line":303,"column":4},"end":{"line":308,"column":7}},"257":{"start":{"line":304,"column":8},"end":{"line":304,"column":128}},"258":{"start":{"line":305,"column":8},"end":{"line":305,"column":44}},"259":{"start":{"line":306,"column":8},"end":{"line":306,"column":43}},"260":{"start":{"line":307,"column":8},"end":{"line":307,"column":85}},"261":{"start":{"line":309,"column":4},"end":{"line":314,"column":7}},"262":{"start":{"line":310,"column":8},"end":{"line":310,"column":140}},"263":{"start":{"line":311,"column":8},"end":{"line":311,"column":44}},"264":{"start":{"line":312,"column":8},"end":{"line":312,"column":43}},"265":{"start":{"line":313,"column":8},"end":{"line":313,"column":94}},"266":{"start":{"line":315,"column":4},"end":{"line":320,"column":7}},"267":{"start":{"line":316,"column":8},"end":{"line":316,"column":101}},"268":{"start":{"line":317,"column":8},"end":{"line":317,"column":36}},"269":{"start":{"line":318,"column":8},"end":{"line":318,"column":35}},"270":{"start":{"line":319,"column":8},"end":{"line":319,"column":64}},"271":{"start":{"line":321,"column":4},"end":{"line":326,"column":7}},"272":{"start":{"line":322,"column":8},"end":{"line":322,"column":94}},"273":{"start":{"line":323,"column":8},"end":{"line":323,"column":36}},"274":{"start":{"line":324,"column":8},"end":{"line":324,"column":35}},"275":{"start":{"line":325,"column":8},"end":{"line":325,"column":68}},"276":{"start":{"line":327,"column":4},"end":{"line":333,"column":7}},"277":{"start":{"line":328,"column":8},"end":{"line":328,"column":94}},"278":{"start":{"line":329,"column":8},"end":{"line":329,"column":36}},"279":{"start":{"line":330,"column":8},"end":{"line":330,"column":35}},"280":{"start":{"line":331,"column":8},"end":{"line":331,"column":67}},"281":{"start":{"line":332,"column":8},"end":{"line":332,"column":60}},"282":{"start":{"line":334,"column":4},"end":{"line":343,"column":7}},"283":{"start":{"line":335,"column":8},"end":{"line":335,"column":107}},"284":{"start":{"line":336,"column":8},"end":{"line":336,"column":36}},"285":{"start":{"line":337,"column":8},"end":{"line":337,"column":35}},"286":{"start":{"line":338,"column":8},"end":{"line":338,"column":67}},"287":{"start":{"line":339,"column":8},"end":{"line":339,"column":64}},"288":{"start":{"line":340,"column":8},"end":{"line":340,"column":70}},"289":{"start":{"line":341,"column":8},"end":{"line":341,"column":70}},"290":{"start":{"line":342,"column":8},"end":{"line":342,"column":70}},"291":{"start":{"line":344,"column":4},"end":{"line":355,"column":7}},"292":{"start":{"line":345,"column":8},"end":{"line":345,"column":130}},"293":{"start":{"line":346,"column":8},"end":{"line":346,"column":36}},"294":{"start":{"line":347,"column":8},"end":{"line":347,"column":35}},"295":{"start":{"line":348,"column":8},"end":{"line":348,"column":68}},"296":{"start":{"line":349,"column":8},"end":{"line":349,"column":80}},"297":{"start":{"line":350,"column":8},"end":{"line":350,"column":80}},"298":{"start":{"line":351,"column":8},"end":{"line":351,"column":38}},"299":{"start":{"line":352,"column":8},"end":{"line":352,"column":79}},"300":{"start":{"line":353,"column":8},"end":{"line":353,"column":78}},"301":{"start":{"line":354,"column":8},"end":{"line":354,"column":38}},"302":{"start":{"line":356,"column":4},"end":{"line":379,"column":7}},"303":{"start":{"line":357,"column":8},"end":{"line":360,"column":50}},"304":{"start":{"line":361,"column":8},"end":{"line":361,"column":36}},"305":{"start":{"line":362,"column":8},"end":{"line":362,"column":36}},"306":{"start":{"line":363,"column":8},"end":{"line":363,"column":67}},"307":{"start":{"line":364,"column":8},"end":{"line":364,"column":64}},"308":{"start":{"line":365,"column":8},"end":{"line":365,"column":71}},"309":{"start":{"line":366,"column":8},"end":{"line":366,"column":83}},"310":{"start":{"line":367,"column":8},"end":{"line":367,"column":83}},"311":{"start":{"line":368,"column":8},"end":{"line":368,"column":38}},"312":{"start":{"line":369,"column":8},"end":{"line":369,"column":82}},"313":{"start":{"line":370,"column":8},"end":{"line":370,"column":81}},"314":{"start":{"line":371,"column":8},"end":{"line":371,"column":38}},"315":{"start":{"line":372,"column":8},"end":{"line":372,"column":71}},"316":{"start":{"line":373,"column":8},"end":{"line":373,"column":84}},"317":{"start":{"line":374,"column":8},"end":{"line":374,"column":84}},"318":{"start":{"line":375,"column":8},"end":{"line":375,"column":39}},"319":{"start":{"line":376,"column":8},"end":{"line":376,"column":83}},"320":{"start":{"line":377,"column":8},"end":{"line":377,"column":82}},"321":{"start":{"line":378,"column":8},"end":{"line":378,"column":39}},"322":{"start":{"line":380,"column":4},"end":{"line":403,"column":7}},"323":{"start":{"line":381,"column":8},"end":{"line":385,"column":50}},"324":{"start":{"line":386,"column":8},"end":{"line":386,"column":36}},"325":{"start":{"line":387,"column":8},"end":{"line":387,"column":36}},"326":{"start":{"line":388,"column":8},"end":{"line":388,"column":68}},"327":{"start":{"line":389,"column":8},"end":{"line":389,"column":80}},"328":{"start":{"line":390,"column":8},"end":{"line":390,"column":80}},"329":{"start":{"line":391,"column":8},"end":{"line":391,"column":38}},"330":{"start":{"line":392,"column":8},"end":{"line":392,"column":79}},"331":{"start":{"line":393,"column":8},"end":{"line":393,"column":78}},"332":{"start":{"line":394,"column":8},"end":{"line":394,"column":38}},"333":{"start":{"line":395,"column":8},"end":{"line":395,"column":78}},"334":{"start":{"line":396,"column":8},"end":{"line":396,"column":76}},"335":{"start":{"line":397,"column":8},"end":{"line":397,"column":88}},"336":{"start":{"line":398,"column":8},"end":{"line":398,"column":89}},"337":{"start":{"line":399,"column":8},"end":{"line":399,"column":39}},"338":{"start":{"line":400,"column":8},"end":{"line":400,"column":88}},"339":{"start":{"line":401,"column":8},"end":{"line":401,"column":87}},"340":{"start":{"line":402,"column":8},"end":{"line":402,"column":39}},"341":{"start":{"line":404,"column":4},"end":{"line":412,"column":7}},"342":{"start":{"line":405,"column":8},"end":{"line":405,"column":130}},"343":{"start":{"line":406,"column":8},"end":{"line":406,"column":36}},"344":{"start":{"line":407,"column":8},"end":{"line":407,"column":35}},"345":{"start":{"line":408,"column":8},"end":{"line":408,"column":68}},"346":{"start":{"line":409,"column":8},"end":{"line":409,"column":83}},"347":{"start":{"line":410,"column":8},"end":{"line":410,"column":100}},"348":{"start":{"line":411,"column":8},"end":{"line":411,"column":38}},"349":{"start":{"line":413,"column":4},"end":{"line":424,"column":7}},"350":{"start":{"line":414,"column":8},"end":{"line":414,"column":118}},"351":{"start":{"line":415,"column":8},"end":{"line":415,"column":36}},"352":{"start":{"line":416,"column":8},"end":{"line":416,"column":35}},"353":{"start":{"line":417,"column":8},"end":{"line":417,"column":68}},"354":{"start":{"line":418,"column":8},"end":{"line":418,"column":76}},"355":{"start":{"line":419,"column":8},"end":{"line":419,"column":73}},"356":{"start":{"line":420,"column":8},"end":{"line":420,"column":70}},"357":{"start":{"line":421,"column":8},"end":{"line":421,"column":79}},"358":{"start":{"line":422,"column":8},"end":{"line":422,"column":78}},"359":{"start":{"line":423,"column":8},"end":{"line":423,"column":38}}},"branchMap":{}}}