TN:
SF:/Users/839655roje/data/projects/chai-spec-generator/out/src/spec-generator-chai.spec.js
FN:4,(anonymous_1)
FN:5,(anonymous_2)
FN:11,(anonymous_3)
FN:17,(anonymous_4)
FN:23,(anonymous_5)
FN:29,(anonymous_6)
FN:35,(anonymous_7)
FN:41,(anonymous_8)
FN:47,(anonymous_9)
FN:54,(anonymous_10)
FN:64,(anonymous_11)
FN:76,(anonymous_12)
FN:100,(anonymous_13)
FN:124,(anonymous_14)
FN:129,(anonymous_15)
FN:138,(anonymous_16)
FN:150,(anonymous_17)
FN:163,(anonymous_18)
FN:164,(anonymous_19)
FN:170,(anonymous_20)
FN:177,(anonymous_21)
FN:187,(anonymous_22)
FN:199,(anonymous_23)
FN:223,(anonymous_24)
FN:247,(anonymous_25)
FN:256,(anonymous_26)
FN:268,(anonymous_27)
FN:281,(anonymous_28)
FN:282,(anonymous_29)
FN:288,(anonymous_30)
FN:294,(anonymous_31)
FN:300,(anonymous_32)
FN:306,(anonymous_33)
FN:312,(anonymous_34)
FN:318,(anonymous_35)
FN:324,(anonymous_36)
FN:331,(anonymous_37)
FN:341,(anonymous_38)
FN:353,(anonymous_39)
FN:377,(anonymous_40)
FN:401,(anonymous_41)
FN:410,(anonymous_42)
FNF:42
FNH:42
FNDA:1,(anonymous_1)
FNDA:1,(anonymous_2)
FNDA:1,(anonymous_3)
FNDA:1,(anonymous_4)
FNDA:1,(anonymous_5)
FNDA:1,(anonymous_6)
FNDA:1,(anonymous_7)
FNDA:1,(anonymous_8)
FNDA:1,(anonymous_9)
FNDA:1,(anonymous_10)
FNDA:1,(anonymous_11)
FNDA:1,(anonymous_12)
FNDA:1,(anonymous_13)
FNDA:1,(anonymous_14)
FNDA:1,(anonymous_15)
FNDA:1,(anonymous_16)
FNDA:1,(anonymous_17)
FNDA:1,(anonymous_18)
FNDA:1,(anonymous_19)
FNDA:1,(anonymous_20)
FNDA:1,(anonymous_21)
FNDA:1,(anonymous_22)
FNDA:1,(anonymous_23)
FNDA:1,(anonymous_24)
FNDA:1,(anonymous_25)
FNDA:1,(anonymous_26)
FNDA:1,(anonymous_27)
FNDA:1,(anonymous_28)
FNDA:1,(anonymous_29)
FNDA:1,(anonymous_30)
FNDA:1,(anonymous_31)
FNDA:1,(anonymous_32)
FNDA:1,(anonymous_33)
FNDA:1,(anonymous_34)
FNDA:1,(anonymous_35)
FNDA:1,(anonymous_36)
FNDA:1,(anonymous_37)
FNDA:1,(anonymous_38)
FNDA:1,(anonymous_39)
FNDA:1,(anonymous_40)
FNDA:1,(anonymous_41)
FNDA:1,(anonymous_42)
DA:2,1
DA:3,1
DA:4,1
DA:5,1
DA:6,1
DA:7,1
DA:8,1
DA:9,1
DA:11,1
DA:12,1
DA:13,1
DA:14,1
DA:15,1
DA:17,1
DA:18,1
DA:19,1
DA:20,1
DA:21,1
DA:23,1
DA:24,1
DA:25,1
DA:26,1
DA:27,1
DA:29,1
DA:30,1
DA:31,1
DA:32,1
DA:33,1
DA:35,1
DA:36,1
DA:37,1
DA:38,1
DA:39,1
DA:41,1
DA:42,1
DA:43,1
DA:44,1
DA:45,1
DA:47,1
DA:48,1
DA:49,1
DA:50,1
DA:51,1
DA:52,1
DA:54,1
DA:55,1
DA:56,1
DA:57,1
DA:58,1
DA:59,1
DA:60,1
DA:61,1
DA:62,1
DA:64,1
DA:65,1
DA:66,1
DA:67,1
DA:68,1
DA:69,1
DA:70,1
DA:71,1
DA:72,1
DA:73,1
DA:74,1
DA:76,1
DA:77,1
DA:81,1
DA:82,1
DA:83,1
DA:84,1
DA:85,1
DA:86,1
DA:87,1
DA:88,1
DA:89,1
DA:90,1
DA:91,1
DA:92,1
DA:93,1
DA:94,1
DA:95,1
DA:96,1
DA:97,1
DA:98,1
DA:100,1
DA:101,1
DA:106,1
DA:107,1
DA:108,1
DA:109,1
DA:110,1
DA:111,1
DA:112,1
DA:113,1
DA:114,1
DA:115,1
DA:116,1
DA:117,1
DA:118,1
DA:119,1
DA:120,1
DA:121,1
DA:122,1
DA:124,1
DA:125,1
DA:126,1
DA:127,1
DA:129,1
DA:130,1
DA:131,1
DA:132,1
DA:133,1
DA:134,1
DA:135,1
DA:136,1
DA:138,1
DA:139,1
DA:140,1
DA:141,1
DA:142,1
DA:143,1
DA:144,1
DA:145,1
DA:146,1
DA:147,1
DA:148,1
DA:150,1
DA:151,1
DA:152,1
DA:153,1
DA:154,1
DA:155,1
DA:156,1
DA:157,1
DA:158,1
DA:159,1
DA:160,1
DA:163,1
DA:164,1
DA:165,1
DA:166,1
DA:167,1
DA:168,1
DA:170,1
DA:171,1
DA:172,1
DA:173,1
DA:174,1
DA:175,1
DA:177,1
DA:178,1
DA:179,1
DA:180,1
DA:181,1
DA:182,1
DA:183,1
DA:184,1
DA:185,1
DA:187,1
DA:188,1
DA:189,1
DA:190,1
DA:191,1
DA:192,1
DA:193,1
DA:194,1
DA:195,1
DA:196,1
DA:197,1
DA:199,1
DA:200,1
DA:204,1
DA:205,1
DA:206,1
DA:207,1
DA:208,1
DA:209,1
DA:210,1
DA:211,1
DA:212,1
DA:213,1
DA:214,1
DA:215,1
DA:216,1
DA:217,1
DA:218,1
DA:219,1
DA:220,1
DA:221,1
DA:223,1
DA:224,1
DA:229,1
DA:230,1
DA:231,1
DA:232,1
DA:233,1
DA:234,1
DA:235,1
DA:236,1
DA:237,1
DA:238,1
DA:239,1
DA:240,1
DA:241,1
DA:242,1
DA:243,1
DA:244,1
DA:245,1
DA:247,1
DA:248,1
DA:249,1
DA:250,1
DA:251,1
DA:252,1
DA:253,1
DA:254,1
DA:256,1
DA:257,1
DA:258,1
DA:259,1
DA:260,1
DA:261,1
DA:262,1
DA:263,1
DA:264,1
DA:265,1
DA:266,1
DA:268,1
DA:269,1
DA:270,1
DA:271,1
DA:272,1
DA:273,1
DA:274,1
DA:275,1
DA:276,1
DA:277,1
DA:278,1
DA:281,1
DA:282,1
DA:283,1
DA:284,1
DA:285,1
DA:286,1
DA:288,1
DA:289,1
DA:290,1
DA:291,1
DA:292,1
DA:294,1
DA:295,1
DA:296,1
DA:297,1
DA:298,1
DA:300,1
DA:301,1
DA:302,1
DA:303,1
DA:304,1
DA:306,1
DA:307,1
DA:308,1
DA:309,1
DA:310,1
DA:312,1
DA:313,1
DA:314,1
DA:315,1
DA:316,1
DA:318,1
DA:319,1
DA:320,1
DA:321,1
DA:322,1
DA:324,1
DA:325,1
DA:326,1
DA:327,1
DA:328,1
DA:329,1
DA:331,1
DA:332,1
DA:333,1
DA:334,1
DA:335,1
DA:336,1
DA:337,1
DA:338,1
DA:339,1
DA:341,1
DA:342,1
DA:343,1
DA:344,1
DA:345,1
DA:346,1
DA:347,1
DA:348,1
DA:349,1
DA:350,1
DA:351,1
DA:353,1
DA:354,1
DA:358,1
DA:359,1
DA:360,1
DA:361,1
DA:362,1
DA:363,1
DA:364,1
DA:365,1
DA:366,1
DA:367,1
DA:368,1
DA:369,1
DA:370,1
DA:371,1
DA:372,1
DA:373,1
DA:374,1
DA:375,1
DA:377,1
DA:378,1
DA:383,1
DA:384,1
DA:385,1
DA:386,1
DA:387,1
DA:388,1
DA:389,1
DA:390,1
DA:391,1
DA:392,1
DA:393,1
DA:394,1
DA:395,1
DA:396,1
DA:397,1
DA:398,1
DA:399,1
DA:401,1
DA:402,1
DA:403,1
DA:404,1
DA:405,1
DA:406,1
DA:407,1
DA:408,1
DA:410,1
DA:411,1
DA:412,1
DA:413,1
DA:414,1
DA:415,1
DA:416,1
DA:417,1
DA:418,1
DA:419,1
DA:420,1
LF:358
LH:358
BRF:0
BRH:0
end_of_record
TN:
SF:/Users/839655roje/data/projects/chai-spec-generator/out/src/spec-generator.js
FN:2,newLine
FN:7,generateSpec
FN:19,generateArrayCheck
FN:28,generateArrayLengthCheck
FN:37,generateObjectCheck
FN:46,generatePropertyCheck
FN:55,generateDefinedCheck
FN:64,generateUndefinedCheck
FN:73,generateEqualCheck
FN:100,generateThrowCheck
FN:124,generateSpecForChai
FN:140,(anonymous_12)
FN:149,(anonymous_13)
FNF:13
FNH:13
FNDA:167,newLine
FNDA:124,generateSpec
FNDA:36,generateArrayCheck
FNDA:36,generateArrayLengthCheck
FNDA:79,generateObjectCheck
FNDA:131,generatePropertyCheck
FNDA:7,generateDefinedCheck
FNDA:7,generateUndefinedCheck
FNDA:172,generateEqualCheck
FNDA:12,generateThrowCheck
FNDA:205,generateSpecForChai
FNDA:63,(anonymous_12)
FNDA:131,(anonymous_13)
DA:2,1
DA:3,167
DA:4,140
DA:7,1
DA:8,124
DA:16,124
DA:18,1
DA:19,1
DA:20,36
DA:21,12
DA:23,24
DA:24,12
DA:26,12
DA:28,1
DA:29,36
DA:30,12
DA:32,24
DA:33,12
DA:35,12
DA:37,1
DA:38,79
DA:39,27
DA:41,52
DA:42,26
DA:44,26
DA:46,1
DA:47,131
DA:48,45
DA:50,86
DA:51,43
DA:53,43
DA:55,1
DA:56,7
DA:57,3
DA:59,4
DA:60,2
DA:62,2
DA:64,1
DA:65,7
DA:66,3
DA:68,4
DA:69,2
DA:71,2
DA:73,1
DA:74,172
DA:75,60
DA:76,9
DA:78,51
DA:79,3
DA:81,48
DA:83,112
DA:84,56
DA:85,6
DA:87,50
DA:88,2
DA:90,48
DA:92,56
DA:93,6
DA:95,50
DA:96,2
DA:98,48
DA:100,1
DA:101,12
DA:102,4
DA:103,2
DA:106,2
DA:109,8
DA:110,4
DA:111,2
DA:114,2
DA:117,4
DA:118,2
DA:121,2
DA:124,1
DA:125,205
DA:126,205
DA:127,205
DA:128,205
DA:129,24
DA:130,7
DA:132,17
DA:133,12
DA:135,5
DA:137,181
DA:138,36
DA:139,36
DA:140,36
DA:141,63
DA:145,36
DA:147,145
DA:148,79
DA:149,79
DA:150,131
DA:151,131
DA:152,131
DA:153,131
DA:154,9
DA:156,122
DA:157,9
DA:160,113
DA:162,131
DA:165,66
DA:166,7
DA:169,59
DA:171,181
LF:105
LH:105
BRDA:3,1,0,140
BRDA:3,1,1,27
BRDA:20,2,0,12
BRDA:20,2,1,24
BRDA:23,3,0,12
BRDA:23,3,1,12
BRDA:29,4,0,12
BRDA:29,4,1,24
BRDA:32,5,0,12
BRDA:32,5,1,12
BRDA:33,6,0,3
BRDA:33,6,1,9
BRDA:35,7,0,3
BRDA:35,7,1,9
BRDA:38,8,0,27
BRDA:38,8,1,52
BRDA:41,9,0,26
BRDA:41,9,1,26
BRDA:47,10,0,45
BRDA:47,10,1,86
BRDA:50,11,0,43
BRDA:50,11,1,43
BRDA:56,12,0,3
BRDA:56,12,1,4
BRDA:59,13,0,2
BRDA:59,13,1,2
BRDA:65,14,0,3
BRDA:65,14,1,4
BRDA:68,15,0,2
BRDA:68,15,1,2
BRDA:74,16,0,60
BRDA:74,16,1,112
BRDA:75,17,0,9
BRDA:75,17,1,51
BRDA:75,18,0,60
BRDA:75,18,1,60
BRDA:78,19,0,3
BRDA:78,19,1,48
BRDA:78,20,0,51
BRDA:78,20,1,3
BRDA:83,21,0,56
BRDA:83,21,1,56
BRDA:84,22,0,6
BRDA:84,22,1,50
BRDA:84,23,0,56
BRDA:84,23,1,56
BRDA:87,24,0,2
BRDA:87,24,1,48
BRDA:87,25,0,50
BRDA:87,25,1,2
BRDA:92,26,0,6
BRDA:92,26,1,50
BRDA:92,27,0,56
BRDA:92,27,1,56
BRDA:95,28,0,2
BRDA:95,28,1,48
BRDA:95,29,0,50
BRDA:95,29,1,2
BRDA:101,30,0,4
BRDA:101,30,1,8
BRDA:102,31,0,2
BRDA:102,31,1,2
BRDA:109,32,0,4
BRDA:109,32,1,4
BRDA:110,33,0,2
BRDA:110,33,1,2
BRDA:117,34,0,2
BRDA:117,34,1,2
BRDA:126,35,0,134
BRDA:126,35,1,71
BRDA:128,36,0,24
BRDA:128,36,1,181
BRDA:129,37,0,7
BRDA:129,37,1,17
BRDA:132,38,0,12
BRDA:132,38,1,5
BRDA:137,39,0,36
BRDA:137,39,1,145
BRDA:147,40,0,79
BRDA:147,40,1,66
BRDA:151,41,0,122
BRDA:151,41,1,9
BRDA:153,42,0,9
BRDA:153,42,1,122
BRDA:156,43,0,9
BRDA:156,43,1,113
BRDA:165,44,0,7
BRDA:165,44,1,59
BRF:88
BRH:88
end_of_record
TN:
SF:/Users/839655roje/data/projects/chai-spec-generator/out/src/spec-generator-jasmine.spec.js
FN:4,(anonymous_1)
FN:5,(anonymous_2)
FN:11,(anonymous_3)
FN:17,(anonymous_4)
FN:23,(anonymous_5)
FN:29,(anonymous_6)
FN:35,(anonymous_7)
FN:41,(anonymous_8)
FN:47,(anonymous_9)
FN:54,(anonymous_10)
FN:64,(anonymous_11)
FN:76,(anonymous_12)
FN:100,(anonymous_13)
FN:124,(anonymous_14)
FN:129,(anonymous_15)
FN:138,(anonymous_16)
FN:150,(anonymous_17)
FN:163,(anonymous_18)
FN:164,(anonymous_19)
FN:170,(anonymous_20)
FN:176,(anonymous_21)
FN:182,(anonymous_22)
FN:188,(anonymous_23)
FN:194,(anonymous_24)
FN:200,(anonymous_25)
FN:206,(anonymous_26)
FN:213,(anonymous_27)
FN:223,(anonymous_28)
FN:235,(anonymous_29)
FN:259,(anonymous_30)
FN:283,(anonymous_31)
FN:288,(anonymous_32)
FN:297,(anonymous_33)
FN:309,(anonymous_34)
FN:322,(anonymous_35)
FN:323,(anonymous_36)
FN:329,(anonymous_37)
FN:335,(anonymous_38)
FN:341,(anonymous_39)
FN:347,(anonymous_40)
FN:353,(anonymous_41)
FN:360,(anonymous_42)
FN:370,(anonymous_43)
FN:382,(anonymous_44)
FN:406,(anonymous_45)
FN:430,(anonymous_46)
FN:435,(anonymous_47)
FN:444,(anonymous_48)
FN:456,(anonymous_49)
FNF:49
FNH:49
FNDA:1,(anonymous_1)
FNDA:1,(anonymous_2)
FNDA:1,(anonymous_3)
FNDA:1,(anonymous_4)
FNDA:1,(anonymous_5)
FNDA:1,(anonymous_6)
FNDA:1,(anonymous_7)
FNDA:1,(anonymous_8)
FNDA:1,(anonymous_9)
FNDA:1,(anonymous_10)
FNDA:1,(anonymous_11)
FNDA:1,(anonymous_12)
FNDA:1,(anonymous_13)
FNDA:1,(anonymous_14)
FNDA:1,(anonymous_15)
FNDA:1,(anonymous_16)
FNDA:1,(anonymous_17)
FNDA:1,(anonymous_18)
FNDA:1,(anonymous_19)
FNDA:1,(anonymous_20)
FNDA:1,(anonymous_21)
FNDA:1,(anonymous_22)
FNDA:1,(anonymous_23)
FNDA:1,(anonymous_24)
FNDA:1,(anonymous_25)
FNDA:1,(anonymous_26)
FNDA:1,(anonymous_27)
FNDA:1,(anonymous_28)
FNDA:1,(anonymous_29)
FNDA:1,(anonymous_30)
FNDA:1,(anonymous_31)
FNDA:1,(anonymous_32)
FNDA:1,(anonymous_33)
FNDA:1,(anonymous_34)
FNDA:1,(anonymous_35)
FNDA:1,(anonymous_36)
FNDA:1,(anonymous_37)
FNDA:1,(anonymous_38)
FNDA:1,(anonymous_39)
FNDA:1,(anonymous_40)
FNDA:1,(anonymous_41)
FNDA:1,(anonymous_42)
FNDA:1,(anonymous_43)
FNDA:1,(anonymous_44)
FNDA:1,(anonymous_45)
FNDA:1,(anonymous_46)
FNDA:1,(anonymous_47)
FNDA:1,(anonymous_48)
FNDA:1,(anonymous_49)
DA:2,1
DA:3,1
DA:4,1
DA:5,1
DA:6,1
DA:7,1
DA:8,1
DA:9,1
DA:11,1
DA:12,1
DA:13,1
DA:14,1
DA:15,1
DA:17,1
DA:18,1
DA:19,1
DA:20,1
DA:21,1
DA:23,1
DA:24,1
DA:25,1
DA:26,1
DA:27,1
DA:29,1
DA:30,1
DA:31,1
DA:32,1
DA:33,1
DA:35,1
DA:36,1
DA:37,1
DA:38,1
DA:39,1
DA:41,1
DA:42,1
DA:43,1
DA:44,1
DA:45,1
DA:47,1
DA:48,1
DA:49,1
DA:50,1
DA:51,1
DA:52,1
DA:54,1
DA:55,1
DA:56,1
DA:57,1
DA:58,1
DA:59,1
DA:60,1
DA:61,1
DA:62,1
DA:64,1
DA:65,1
DA:66,1
DA:67,1
DA:68,1
DA:69,1
DA:70,1
DA:71,1
DA:72,1
DA:73,1
DA:74,1
DA:76,1
DA:77,1
DA:81,1
DA:82,1
DA:83,1
DA:84,1
DA:85,1
DA:86,1
DA:87,1
DA:88,1
DA:89,1
DA:90,1
DA:91,1
DA:92,1
DA:93,1
DA:94,1
DA:95,1
DA:96,1
DA:97,1
DA:98,1
DA:100,1
DA:101,1
DA:106,1
DA:107,1
DA:108,1
DA:109,1
DA:110,1
DA:111,1
DA:112,1
DA:113,1
DA:114,1
DA:115,1
DA:116,1
DA:117,1
DA:118,1
DA:119,1
DA:120,1
DA:121,1
DA:122,1
DA:124,1
DA:125,1
DA:126,1
DA:127,1
DA:129,1
DA:130,1
DA:131,1
DA:132,1
DA:133,1
DA:134,1
DA:135,1
DA:136,1
DA:138,1
DA:139,1
DA:140,1
DA:141,1
DA:142,1
DA:143,1
DA:144,1
DA:145,1
DA:146,1
DA:147,1
DA:148,1
DA:150,1
DA:151,1
DA:152,1
DA:153,1
DA:154,1
DA:155,1
DA:156,1
DA:157,1
DA:158,1
DA:159,1
DA:160,1
DA:163,1
DA:164,1
DA:165,1
DA:166,1
DA:167,1
DA:168,1
DA:170,1
DA:171,1
DA:172,1
DA:173,1
DA:174,1
DA:176,1
DA:177,1
DA:178,1
DA:179,1
DA:180,1
DA:182,1
DA:183,1
DA:184,1
DA:185,1
DA:186,1
DA:188,1
DA:189,1
DA:190,1
DA:191,1
DA:192,1
DA:194,1
DA:195,1
DA:196,1
DA:197,1
DA:198,1
DA:200,1
DA:201,1
DA:202,1
DA:203,1
DA:204,1
DA:206,1
DA:207,1
DA:208,1
DA:209,1
DA:210,1
DA:211,1
DA:213,1
DA:214,1
DA:215,1
DA:216,1
DA:217,1
DA:218,1
DA:219,1
DA:220,1
DA:221,1
DA:223,1
DA:224,1
DA:225,1
DA:226,1
DA:227,1
DA:228,1
DA:229,1
DA:230,1
DA:231,1
DA:232,1
DA:233,1
DA:235,1
DA:236,1
DA:240,1
DA:241,1
DA:242,1
DA:243,1
DA:244,1
DA:245,1
DA:246,1
DA:247,1
DA:248,1
DA:249,1
DA:250,1
DA:251,1
DA:252,1
DA:253,1
DA:254,1
DA:255,1
DA:256,1
DA:257,1
DA:259,1
DA:260,1
DA:265,1
DA:266,1
DA:267,1
DA:268,1
DA:269,1
DA:270,1
DA:271,1
DA:272,1
DA:273,1
DA:274,1
DA:275,1
DA:276,1
DA:277,1
DA:278,1
DA:279,1
DA:280,1
DA:281,1
DA:283,1
DA:284,1
DA:285,1
DA:286,1
DA:288,1
DA:289,1
DA:290,1
DA:291,1
DA:292,1
DA:293,1
DA:294,1
DA:295,1
DA:297,1
DA:298,1
DA:299,1
DA:300,1
DA:301,1
DA:302,1
DA:303,1
DA:304,1
DA:305,1
DA:306,1
DA:307,1
DA:309,1
DA:310,1
DA:311,1
DA:312,1
DA:313,1
DA:314,1
DA:315,1
DA:316,1
DA:317,1
DA:318,1
DA:319,1
DA:322,1
DA:323,1
DA:324,1
DA:325,1
DA:326,1
DA:327,1
DA:329,1
DA:330,1
DA:331,1
DA:332,1
DA:333,1
DA:335,1
DA:336,1
DA:337,1
DA:338,1
DA:339,1
DA:341,1
DA:342,1
DA:343,1
DA:344,1
DA:345,1
DA:347,1
DA:348,1
DA:349,1
DA:350,1
DA:351,1
DA:353,1
DA:354,1
DA:355,1
DA:356,1
DA:357,1
DA:358,1
DA:360,1
DA:361,1
DA:362,1
DA:363,1
DA:364,1
DA:365,1
DA:366,1
DA:367,1
DA:368,1
DA:370,1
DA:371,1
DA:372,1
DA:373,1
DA:374,1
DA:375,1
DA:376,1
DA:377,1
DA:378,1
DA:379,1
DA:380,1
DA:382,1
DA:383,1
DA:387,1
DA:388,1
DA:389,1
DA:390,1
DA:391,1
DA:392,1
DA:393,1
DA:394,1
DA:395,1
DA:396,1
DA:397,1
DA:398,1
DA:399,1
DA:400,1
DA:401,1
DA:402,1
DA:403,1
DA:404,1
DA:406,1
DA:407,1
DA:412,1
DA:413,1
DA:414,1
DA:415,1
DA:416,1
DA:417,1
DA:418,1
DA:419,1
DA:420,1
DA:421,1
DA:422,1
DA:423,1
DA:424,1
DA:425,1
DA:426,1
DA:427,1
DA:428,1
DA:430,1
DA:431,1
DA:432,1
DA:433,1
DA:435,1
DA:436,1
DA:437,1
DA:438,1
DA:439,1
DA:440,1
DA:441,1
DA:442,1
DA:444,1
DA:445,1
DA:446,1
DA:447,1
DA:448,1
DA:449,1
DA:450,1
DA:451,1
DA:452,1
DA:453,1
DA:454,1
DA:456,1
DA:457,1
DA:458,1
DA:459,1
DA:460,1
DA:461,1
DA:462,1
DA:463,1
DA:464,1
DA:465,1
DA:466,1
LF:397
LH:397
BRF:0
BRH:0
end_of_record
TN:
SF:/Users/839655roje/data/projects/chai-spec-generator/out/src/spec-generator-should.spec.js
FN:5,(anonymous_1)
FN:6,(anonymous_2)
FN:12,(anonymous_3)
FN:18,(anonymous_4)
FN:24,(anonymous_5)
FN:30,(anonymous_6)
FN:36,(anonymous_7)
FN:42,(anonymous_8)
FN:48,(anonymous_9)
FN:55,(anonymous_10)
FN:65,(anonymous_11)
FN:77,(anonymous_12)
FN:101,(anonymous_13)
FN:125,(anonymous_14)
FN:132,(anonymous_15)
FN:141,(anonymous_16)
FN:153,(anonymous_17)
FN:166,(anonymous_18)
FN:167,(anonymous_19)
FN:173,(anonymous_20)
FN:180,(anonymous_21)
FN:190,(anonymous_22)
FN:202,(anonymous_23)
FN:226,(anonymous_24)
FN:250,(anonymous_25)
FN:259,(anonymous_26)
FN:271,(anonymous_27)
FN:284,(anonymous_28)
FN:285,(anonymous_29)
FN:291,(anonymous_30)
FN:297,(anonymous_31)
FN:303,(anonymous_32)
FN:309,(anonymous_33)
FN:315,(anonymous_34)
FN:321,(anonymous_35)
FN:327,(anonymous_36)
FN:334,(anonymous_37)
FN:344,(anonymous_38)
FN:356,(anonymous_39)
FN:380,(anonymous_40)
FN:404,(anonymous_41)
FN:413,(anonymous_42)
FNF:42
FNH:42
FNDA:1,(anonymous_1)
FNDA:1,(anonymous_2)
FNDA:1,(anonymous_3)
FNDA:1,(anonymous_4)
FNDA:1,(anonymous_5)
FNDA:1,(anonymous_6)
FNDA:1,(anonymous_7)
FNDA:1,(anonymous_8)
FNDA:1,(anonymous_9)
FNDA:1,(anonymous_10)
FNDA:1,(anonymous_11)
FNDA:1,(anonymous_12)
FNDA:1,(anonymous_13)
FNDA:1,(anonymous_14)
FNDA:1,(anonymous_15)
FNDA:1,(anonymous_16)
FNDA:1,(anonymous_17)
FNDA:1,(anonymous_18)
FNDA:1,(anonymous_19)
FNDA:1,(anonymous_20)
FNDA:1,(anonymous_21)
FNDA:1,(anonymous_22)
FNDA:1,(anonymous_23)
FNDA:1,(anonymous_24)
FNDA:1,(anonymous_25)
FNDA:1,(anonymous_26)
FNDA:1,(anonymous_27)
FNDA:1,(anonymous_28)
FNDA:1,(anonymous_29)
FNDA:1,(anonymous_30)
FNDA:1,(anonymous_31)
FNDA:1,(anonymous_32)
FNDA:1,(anonymous_33)
FNDA:1,(anonymous_34)
FNDA:1,(anonymous_35)
FNDA:1,(anonymous_36)
FNDA:1,(anonymous_37)
FNDA:1,(anonymous_38)
FNDA:1,(anonymous_39)
FNDA:1,(anonymous_40)
FNDA:1,(anonymous_41)
FNDA:1,(anonymous_42)
DA:2,1
DA:3,1
DA:4,1
DA:5,1
DA:6,1
DA:7,1
DA:8,1
DA:9,1
DA:10,1
DA:12,1
DA:13,1
DA:14,1
DA:15,1
DA:16,1
DA:18,1
DA:19,1
DA:20,1
DA:21,1
DA:22,1
DA:24,1
DA:25,1
DA:26,1
DA:27,1
DA:28,1
DA:30,1
DA:31,1
DA:32,1
DA:33,1
DA:34,1
DA:36,1
DA:37,1
DA:38,1
DA:39,1
DA:40,1
DA:42,1
DA:43,1
DA:44,1
DA:45,1
DA:46,1
DA:48,1
DA:49,1
DA:50,1
DA:51,1
DA:52,1
DA:53,1
DA:55,1
DA:56,1
DA:57,1
DA:58,1
DA:59,1
DA:60,1
DA:61,1
DA:62,1
DA:63,1
DA:65,1
DA:66,1
DA:67,1
DA:68,1
DA:69,1
DA:70,1
DA:71,1
DA:72,1
DA:73,1
DA:74,1
DA:75,1
DA:77,1
DA:78,1
DA:82,1
DA:83,1
DA:84,1
DA:85,1
DA:86,1
DA:87,1
DA:88,1
DA:89,1
DA:90,1
DA:91,1
DA:92,1
DA:93,1
DA:94,1
DA:95,1
DA:96,1
DA:97,1
DA:98,1
DA:99,1
DA:101,1
DA:102,1
DA:107,1
DA:108,1
DA:109,1
DA:110,1
DA:111,1
DA:112,1
DA:113,1
DA:114,1
DA:115,1
DA:116,1
DA:117,1
DA:118,1
DA:119,1
DA:120,1
DA:121,1
DA:122,1
DA:123,1
DA:125,1
DA:126,1
DA:129,1
DA:130,1
DA:132,1
DA:133,1
DA:134,1
DA:135,1
DA:136,1
DA:137,1
DA:138,1
DA:139,1
DA:141,1
DA:142,1
DA:143,1
DA:144,1
DA:145,1
DA:146,1
DA:147,1
DA:148,1
DA:149,1
DA:150,1
DA:151,1
DA:153,1
DA:154,1
DA:155,1
DA:156,1
DA:157,1
DA:158,1
DA:159,1
DA:160,1
DA:161,1
DA:162,1
DA:163,1
DA:166,1
DA:167,1
DA:168,1
DA:169,1
DA:170,1
DA:171,1
DA:173,1
DA:174,1
DA:175,1
DA:176,1
DA:177,1
DA:178,1
DA:180,1
DA:181,1
DA:182,1
DA:183,1
DA:184,1
DA:185,1
DA:186,1
DA:187,1
DA:188,1
DA:190,1
DA:191,1
DA:192,1
DA:193,1
DA:194,1
DA:195,1
DA:196,1
DA:197,1
DA:198,1
DA:199,1
DA:200,1
DA:202,1
DA:203,1
DA:207,1
DA:208,1
DA:209,1
DA:210,1
DA:211,1
DA:212,1
DA:213,1
DA:214,1
DA:215,1
DA:216,1
DA:217,1
DA:218,1
DA:219,1
DA:220,1
DA:221,1
DA:222,1
DA:223,1
DA:224,1
DA:226,1
DA:227,1
DA:232,1
DA:233,1
DA:234,1
DA:235,1
DA:236,1
DA:237,1
DA:238,1
DA:239,1
DA:240,1
DA:241,1
DA:242,1
DA:243,1
DA:244,1
DA:245,1
DA:246,1
DA:247,1
DA:248,1
DA:250,1
DA:251,1
DA:252,1
DA:253,1
DA:254,1
DA:255,1
DA:256,1
DA:257,1
DA:259,1
DA:260,1
DA:261,1
DA:262,1
DA:263,1
DA:264,1
DA:265,1
DA:266,1
DA:267,1
DA:268,1
DA:269,1
DA:271,1
DA:272,1
DA:273,1
DA:274,1
DA:275,1
DA:276,1
DA:277,1
DA:278,1
DA:279,1
DA:280,1
DA:281,1
DA:284,1
DA:285,1
DA:286,1
DA:287,1
DA:288,1
DA:289,1
DA:291,1
DA:292,1
DA:293,1
DA:294,1
DA:295,1
DA:297,1
DA:298,1
DA:299,1
DA:300,1
DA:301,1
DA:303,1
DA:304,1
DA:305,1
DA:306,1
DA:307,1
DA:309,1
DA:310,1
DA:311,1
DA:312,1
DA:313,1
DA:315,1
DA:316,1
DA:317,1
DA:318,1
DA:319,1
DA:321,1
DA:322,1
DA:323,1
DA:324,1
DA:325,1
DA:327,1
DA:328,1
DA:329,1
DA:330,1
DA:331,1
DA:332,1
DA:334,1
DA:335,1
DA:336,1
DA:337,1
DA:338,1
DA:339,1
DA:340,1
DA:341,1
DA:342,1
DA:344,1
DA:345,1
DA:346,1
DA:347,1
DA:348,1
DA:349,1
DA:350,1
DA:351,1
DA:352,1
DA:353,1
DA:354,1
DA:356,1
DA:357,1
DA:361,1
DA:362,1
DA:363,1
DA:364,1
DA:365,1
DA:366,1
DA:367,1
DA:368,1
DA:369,1
DA:370,1
DA:371,1
DA:372,1
DA:373,1
DA:374,1
DA:375,1
DA:376,1
DA:377,1
DA:378,1
DA:380,1
DA:381,1
DA:386,1
DA:387,1
DA:388,1
DA:389,1
DA:390,1
DA:391,1
DA:392,1
DA:393,1
DA:394,1
DA:395,1
DA:396,1
DA:397,1
DA:398,1
DA:399,1
DA:400,1
DA:401,1
DA:402,1
DA:404,1
DA:405,1
DA:406,1
DA:407,1
DA:408,1
DA:409,1
DA:410,1
DA:411,1
DA:413,1
DA:414,1
DA:415,1
DA:416,1
DA:417,1
DA:418,1
DA:419,1
DA:420,1
DA:421,1
DA:422,1
DA:423,1
LF:359
LH:359
BRF:0
BRH:0
end_of_record
